17:59:52:676  INFO 15140 --- [main] com.hmall.pay.PayApplication             : Starting PayApplication using Java 11.0.23 on 130com with PID 15140 (D:\workspace\stuspace\javaProject\hm-mall\hmall\pay-service\target\classes started by xi in D:\workspace\stuspace\javaProject\hm-mall\hmall)
17:59:52:682 DEBUG 15140 --- [main] com.hmall.pay.PayApplication             : Running with Spring Boot v2.7.12, Spring v5.3.27
17:59:52:682  INFO 15140 --- [main] com.hmall.pay.PayApplication             : The following 1 profile is active: "local"
17:59:54:369  INFO 15140 --- [main] o.s.cloud.context.scope.GenericScope     : BeanFactory id=3ca7418c-d5dd-3997-baa2-cb984f7a25f2
17:59:54:808  INFO 15140 --- [main] o.s.b.w.embedded.tomcat.TomcatWebServer  : Tomcat initialized with port(s): 8086 (http)
17:59:54:824  INFO 15140 --- [main] o.apache.catalina.core.StandardService   : Starting service [Tomcat]
17:59:54:824  INFO 15140 --- [main] org.apache.catalina.core.StandardEngine  : Starting Servlet engine: [Apache Tomcat/9.0.75]
17:59:55:073  INFO 15140 --- [main] o.a.c.c.C.[Tomcat].[localhost].[/]       : Initializing Spring embedded WebApplicationContext
17:59:55:074  INFO 15140 --- [main] w.s.c.ServletWebServerApplicationContext : Root WebApplicationContext: initialization completed in 2333 ms
17:59:55:306  INFO 15140 --- [main] o.s.c.openfeign.FeignClientFactoryBean   : For 'user-service' URL not provided. Will try picking an instance via load-balancing.
17:59:58:955  INFO 15140 --- [main] o.s.cloud.commons.util.InetUtils         : Cannot determine local hostname
17:59:58:993  INFO 15140 --- [main] pertySourcedRequestMappingHandlerMapping : Mapped URL path [/v2/api-docs] onto method [springfox.documentation.swagger2.web.Swagger2ControllerWebMvc#getDocumentation(String, HttpServletRequest)]
18:00:00:574  INFO 15140 --- [main] o.s.cloud.commons.util.InetUtils         : Cannot determine local hostname
18:00:00:833  INFO 15140 --- [main] com.alibaba.nacos.common.remote.client   : [RpcClientFactory] create a new rpc client of f245b866-c67a-4067-9ba6-acddceabe768
18:00:00:882  INFO 15140 --- [main] org.reflections.Reflections              : Reflections took 28 ms to scan 1 urls, producing 3 keys and 6 values 
18:00:00:916  INFO 15140 --- [main] org.reflections.Reflections              : Reflections took 15 ms to scan 1 urls, producing 4 keys and 9 values 
18:00:00:932  INFO 15140 --- [main] org.reflections.Reflections              : Reflections took 12 ms to scan 1 urls, producing 3 keys and 10 values 
18:00:00:935  WARN 15140 --- [main] org.reflections.Reflections              : given scan urls are empty. set urls in the configuration
18:00:00:947  INFO 15140 --- [main] org.reflections.Reflections              : Reflections took 11 ms to scan 1 urls, producing 1 keys and 5 values 
18:00:00:956  INFO 15140 --- [main] org.reflections.Reflections              : Reflections took 7 ms to scan 1 urls, producing 1 keys and 7 values 
18:00:00:966  INFO 15140 --- [main] org.reflections.Reflections              : Reflections took 7 ms to scan 1 urls, producing 2 keys and 8 values 
18:00:00:969  WARN 15140 --- [main] org.reflections.Reflections              : given scan urls are empty. set urls in the configuration
18:00:00:970  INFO 15140 --- [main] com.alibaba.nacos.common.remote.client   : [f245b866-c67a-4067-9ba6-acddceabe768] RpcClient init label, labels = {module=naming, source=sdk}
18:00:00:973  INFO 15140 --- [main] com.alibaba.nacos.common.remote.client   : [f245b866-c67a-4067-9ba6-acddceabe768] RpcClient init, ServerListFactory = com.alibaba.nacos.client.naming.core.ServerListManager
18:00:00:973  INFO 15140 --- [main] com.alibaba.nacos.common.remote.client   : [f245b866-c67a-4067-9ba6-acddceabe768] Registry connection listener to current client:com.alibaba.nacos.client.naming.remote.gprc.redo.NamingGrpcRedoService
18:00:00:974  INFO 15140 --- [main] com.alibaba.nacos.common.remote.client   : [f245b866-c67a-4067-9ba6-acddceabe768] Register server push request handler:com.alibaba.nacos.client.naming.remote.gprc.NamingPushRequestHandler
18:00:00:976  INFO 15140 --- [main] com.alibaba.nacos.common.remote.client   : [f245b866-c67a-4067-9ba6-acddceabe768] Try to connect to server on start up, server: {serverIp = '192.168.244.130', server main port = 8848}
18:00:02:548  INFO 15140 --- [main] com.alibaba.nacos.common.remote.client   : [f245b866-c67a-4067-9ba6-acddceabe768] Success to connect to server [192.168.244.130:8848] on start up, connectionId = 1733738402745_192.168.244.1_58056
18:00:02:549  INFO 15140 --- [com.alibaba.nacos.client.remote.worker] com.alibaba.nacos.common.remote.client   : [f245b866-c67a-4067-9ba6-acddceabe768] Notify connected event to listeners.
18:00:02:550  INFO 15140 --- [main] com.alibaba.nacos.common.remote.client   : [f245b866-c67a-4067-9ba6-acddceabe768] Register server push request handler:com.alibaba.nacos.common.remote.client.RpcClient$ConnectResetRequestHandler
18:00:02:550  INFO 15140 --- [main] com.alibaba.nacos.common.remote.client   : [f245b866-c67a-4067-9ba6-acddceabe768] Register server push request handler:com.alibaba.nacos.common.remote.client.RpcClient$$Lambda$1071/0x0000000800756040
18:00:02:808  INFO 15140 --- [main] o.s.b.w.embedded.tomcat.TomcatWebServer  : Tomcat started on port(s): 8086 (http) with context path ''
18:00:02:906  INFO 15140 --- [main] c.a.c.n.registry.NacosServiceRegistry    : nacos registry, DEFAULT_GROUP pay-service 192.168.229.1:8086 register finished
18:00:03:371  INFO 15140 --- [nacos-grpc-client-executor-10] com.alibaba.nacos.common.remote.client   : [f245b866-c67a-4067-9ba6-acddceabe768] Receive server push request, request = NotifySubscriberRequest, requestId = 1
18:00:03:382  INFO 15140 --- [nacos-grpc-client-executor-10] com.alibaba.nacos.common.remote.client   : [f245b866-c67a-4067-9ba6-acddceabe768] Ack server push request, request = NotifySubscriberRequest, requestId = 1
18:00:04:307  INFO 15140 --- [main] o.s.cloud.commons.util.InetUtils         : Cannot determine local hostname
18:00:04:308  INFO 15140 --- [main] d.s.w.p.DocumentationPluginsBootstrapper : Documentation plugins bootstrapped
18:00:04:314  INFO 15140 --- [main] d.s.w.p.DocumentationPluginsBootstrapper : Found 1 custom documentation plugin(s)
18:00:04:357  INFO 15140 --- [main] s.d.s.w.s.ApiListingReferenceScanner     : Scanning for api listing references
18:00:04:516  INFO 15140 --- [main] com.hmall.pay.PayApplication             : Started PayApplication in 13.752 seconds (JVM running for 15.024)
18:07:46:428  WARN 15140 --- [Thread-4] c.a.nacos.common.notify.NotifyCenter     : [NotifyCenter] Start destroying Publisher
18:07:46:428  WARN 15140 --- [Thread-7] c.a.n.common.http.HttpClientBeanHolder   : [HttpClientBeanHolder] Start destroying common HttpClient
18:07:46:428  WARN 15140 --- [Thread-4] c.a.nacos.common.notify.NotifyCenter     : [NotifyCenter] Destruction of the end
18:07:46:430  WARN 15140 --- [Thread-7] c.a.n.common.http.HttpClientBeanHolder   : [HttpClientBeanHolder] Destruction of the end
18:07:46:681  INFO 15140 --- [SpringApplicationShutdownHook] c.a.c.n.registry.NacosServiceRegistry    : De-registering from Nacos Server now...
18:07:46:690  INFO 15140 --- [SpringApplicationShutdownHook] c.a.c.n.registry.NacosServiceRegistry    : De-registration finished.
18:07:47:013  INFO 15140 --- [SpringApplicationShutdownHook] com.alibaba.nacos.common.remote.client   : Shutdown rpc client, set status to shutdown
18:07:47:013  INFO 15140 --- [SpringApplicationShutdownHook] com.alibaba.nacos.common.remote.client   : Shutdown client event executor java.util.concurrent.ScheduledThreadPoolExecutor@215c7c73[Running, pool size = 2, active threads = 2, queued tasks = 0, completed tasks = 0]
18:07:47:013  INFO 15140 --- [SpringApplicationShutdownHook] com.alibaba.nacos.common.remote.client   : Close current connection 1733738402745_192.168.244.1_58056
18:07:47:016  INFO 15140 --- [nacos-grpc-client-executor-133] c.a.n.c.remote.client.grpc.GrpcClient    : [1733738402745_192.168.244.1_58056]Ignore complete event,isRunning:false,isAbandon=false
18:07:47:020  INFO 15140 --- [SpringApplicationShutdownHook] c.a.n.c.remote.client.grpc.GrpcClient    : Shutdown grpc executor java.util.concurrent.ThreadPoolExecutor@b4d2872[Running, pool size = 8, active threads = 0, queued tasks = 0, completed tasks = 134]
18:07:57:220  INFO 22820 --- [main] com.hmall.pay.PayApplication             : Starting PayApplication using Java 11.0.23 on 130com with PID 22820 (D:\workspace\stuspace\javaProject\hm-mall\hmall\pay-service\target\classes started by xi in D:\workspace\stuspace\javaProject\hm-mall\hmall)
18:07:57:223 DEBUG 22820 --- [main] com.hmall.pay.PayApplication             : Running with Spring Boot v2.7.12, Spring v5.3.27
18:07:57:223  INFO 22820 --- [main] com.hmall.pay.PayApplication             : The following 1 profile is active: "local"
18:07:58:424  INFO 22820 --- [main] o.s.cloud.context.scope.GenericScope     : BeanFactory id=3ca7418c-d5dd-3997-baa2-cb984f7a25f2
18:07:58:683  INFO 22820 --- [main] o.s.b.w.embedded.tomcat.TomcatWebServer  : Tomcat initialized with port(s): 8086 (http)
18:07:58:691  INFO 22820 --- [main] o.apache.catalina.core.StandardService   : Starting service [Tomcat]
18:07:58:692  INFO 22820 --- [main] org.apache.catalina.core.StandardEngine  : Starting Servlet engine: [Apache Tomcat/9.0.75]
18:07:58:802  INFO 22820 --- [main] o.a.c.c.C.[Tomcat].[localhost].[/]       : Initializing Spring embedded WebApplicationContext
18:07:58:802  INFO 22820 --- [main] w.s.c.ServletWebServerApplicationContext : Root WebApplicationContext: initialization completed in 1535 ms
18:07:58:941  INFO 22820 --- [main] o.s.c.openfeign.FeignClientFactoryBean   : For 'user-service' URL not provided. Will try picking an instance via load-balancing.
18:08:01:297  INFO 22820 --- [main] o.s.cloud.commons.util.InetUtils         : Cannot determine local hostname
18:08:01:319  INFO 22820 --- [main] pertySourcedRequestMappingHandlerMapping : Mapped URL path [/v2/api-docs] onto method [springfox.documentation.swagger2.web.Swagger2ControllerWebMvc#getDocumentation(String, HttpServletRequest)]
18:08:02:593  INFO 22820 --- [main] o.s.cloud.commons.util.InetUtils         : Cannot determine local hostname
18:08:02:733  INFO 22820 --- [main] com.alibaba.nacos.common.remote.client   : [RpcClientFactory] create a new rpc client of ae5bde49-0de0-4ca3-88a0-81731f11ff5b
18:08:02:764  INFO 22820 --- [main] org.reflections.Reflections              : Reflections took 17 ms to scan 1 urls, producing 3 keys and 6 values 
18:08:02:782  INFO 22820 --- [main] org.reflections.Reflections              : Reflections took 8 ms to scan 1 urls, producing 4 keys and 9 values 
18:08:02:791  INFO 22820 --- [main] org.reflections.Reflections              : Reflections took 6 ms to scan 1 urls, producing 3 keys and 10 values 
18:08:02:794  WARN 22820 --- [main] org.reflections.Reflections              : given scan urls are empty. set urls in the configuration
18:08:02:801  INFO 22820 --- [main] org.reflections.Reflections              : Reflections took 7 ms to scan 1 urls, producing 1 keys and 5 values 
18:08:02:812  INFO 22820 --- [main] org.reflections.Reflections              : Reflections took 9 ms to scan 1 urls, producing 1 keys and 7 values 
18:08:02:832  INFO 22820 --- [main] org.reflections.Reflections              : Reflections took 18 ms to scan 1 urls, producing 2 keys and 8 values 
18:08:02:834  WARN 22820 --- [main] org.reflections.Reflections              : given scan urls are empty. set urls in the configuration
18:08:02:835  INFO 22820 --- [main] com.alibaba.nacos.common.remote.client   : [ae5bde49-0de0-4ca3-88a0-81731f11ff5b] RpcClient init label, labels = {module=naming, source=sdk}
18:08:02:837  INFO 22820 --- [main] com.alibaba.nacos.common.remote.client   : [ae5bde49-0de0-4ca3-88a0-81731f11ff5b] RpcClient init, ServerListFactory = com.alibaba.nacos.client.naming.core.ServerListManager
18:08:02:837  INFO 22820 --- [main] com.alibaba.nacos.common.remote.client   : [ae5bde49-0de0-4ca3-88a0-81731f11ff5b] Registry connection listener to current client:com.alibaba.nacos.client.naming.remote.gprc.redo.NamingGrpcRedoService
18:08:02:837  INFO 22820 --- [main] com.alibaba.nacos.common.remote.client   : [ae5bde49-0de0-4ca3-88a0-81731f11ff5b] Register server push request handler:com.alibaba.nacos.client.naming.remote.gprc.NamingPushRequestHandler
18:08:02:839  INFO 22820 --- [main] com.alibaba.nacos.common.remote.client   : [ae5bde49-0de0-4ca3-88a0-81731f11ff5b] Try to connect to server on start up, server: {serverIp = '192.168.244.130', server main port = 8848}
18:08:03:843  INFO 22820 --- [main] com.alibaba.nacos.common.remote.client   : [ae5bde49-0de0-4ca3-88a0-81731f11ff5b] Success to connect to server [192.168.244.130:8848] on start up, connectionId = 1733738884076_192.168.244.1_60014
18:08:03:844  INFO 22820 --- [com.alibaba.nacos.client.remote.worker] com.alibaba.nacos.common.remote.client   : [ae5bde49-0de0-4ca3-88a0-81731f11ff5b] Notify connected event to listeners.
18:08:03:845  INFO 22820 --- [main] com.alibaba.nacos.common.remote.client   : [ae5bde49-0de0-4ca3-88a0-81731f11ff5b] Register server push request handler:com.alibaba.nacos.common.remote.client.RpcClient$ConnectResetRequestHandler
18:08:03:845  INFO 22820 --- [main] com.alibaba.nacos.common.remote.client   : [ae5bde49-0de0-4ca3-88a0-81731f11ff5b] Register server push request handler:com.alibaba.nacos.common.remote.client.RpcClient$$Lambda$1071/0x0000000800785840
18:08:03:891  INFO 22820 --- [main] o.s.b.w.embedded.tomcat.TomcatWebServer  : Tomcat started on port(s): 8086 (http) with context path ''
18:08:03:903  INFO 22820 --- [main] c.a.c.n.registry.NacosServiceRegistry    : nacos registry, DEFAULT_GROUP pay-service 192.168.229.1:8086 register finished
18:08:04:415  INFO 22820 --- [nacos-grpc-client-executor-10] com.alibaba.nacos.common.remote.client   : [ae5bde49-0de0-4ca3-88a0-81731f11ff5b] Receive server push request, request = NotifySubscriberRequest, requestId = 12
18:08:04:425  INFO 22820 --- [nacos-grpc-client-executor-10] com.alibaba.nacos.common.remote.client   : [ae5bde49-0de0-4ca3-88a0-81731f11ff5b] Ack server push request, request = NotifySubscriberRequest, requestId = 12
18:08:05:124  INFO 22820 --- [main] o.s.cloud.commons.util.InetUtils         : Cannot determine local hostname
18:08:05:124  INFO 22820 --- [main] d.s.w.p.DocumentationPluginsBootstrapper : Documentation plugins bootstrapped
18:08:05:127  INFO 22820 --- [main] d.s.w.p.DocumentationPluginsBootstrapper : Found 1 custom documentation plugin(s)
18:08:05:146  INFO 22820 --- [main] s.d.s.w.s.ApiListingReferenceScanner     : Scanning for api listing references
18:08:05:219  INFO 22820 --- [main] com.hmall.pay.PayApplication             : Started PayApplication in 9.86 seconds (JVM running for 10.733)
18:10:28:407  WARN 22820 --- [Thread-7] c.a.n.common.http.HttpClientBeanHolder   : [HttpClientBeanHolder] Start destroying common HttpClient
18:10:28:407  WARN 22820 --- [Thread-4] c.a.nacos.common.notify.NotifyCenter     : [NotifyCenter] Start destroying Publisher
18:10:28:408  WARN 22820 --- [Thread-4] c.a.nacos.common.notify.NotifyCenter     : [NotifyCenter] Destruction of the end
18:10:28:408  WARN 22820 --- [Thread-7] c.a.n.common.http.HttpClientBeanHolder   : [HttpClientBeanHolder] Destruction of the end
18:10:28:571  INFO 22820 --- [SpringApplicationShutdownHook] c.a.c.n.registry.NacosServiceRegistry    : De-registering from Nacos Server now...
18:10:28:577  INFO 22820 --- [SpringApplicationShutdownHook] c.a.c.n.registry.NacosServiceRegistry    : De-registration finished.
18:10:28:896  INFO 22820 --- [SpringApplicationShutdownHook] com.alibaba.nacos.common.remote.client   : Shutdown rpc client, set status to shutdown
18:10:28:896  INFO 22820 --- [SpringApplicationShutdownHook] com.alibaba.nacos.common.remote.client   : Shutdown client event executor java.util.concurrent.ScheduledThreadPoolExecutor@5d8f25cb[Running, pool size = 2, active threads = 2, queued tasks = 0, completed tasks = 0]
18:10:28:896  INFO 22820 --- [SpringApplicationShutdownHook] com.alibaba.nacos.common.remote.client   : Close current connection 1733738884076_192.168.244.1_60014
18:10:28:898  INFO 22820 --- [nacos-grpc-client-executor-57] c.a.n.c.remote.client.grpc.GrpcClient    : [1733738884076_192.168.244.1_60014]Ignore complete event,isRunning:false,isAbandon=false
18:10:28:900  INFO 22820 --- [SpringApplicationShutdownHook] c.a.n.c.remote.client.grpc.GrpcClient    : Shutdown grpc executor java.util.concurrent.ThreadPoolExecutor@5a3f6cb7[Running, pool size = 5, active threads = 0, queued tasks = 0, completed tasks = 58]
18:10:32:956  INFO 24208 --- [main] com.hmall.pay.PayApplication             : Starting PayApplication using Java 11.0.23 on 130com with PID 24208 (D:\workspace\stuspace\javaProject\hm-mall\hmall\pay-service\target\classes started by xi in D:\workspace\stuspace\javaProject\hm-mall\hmall)
18:10:32:958 DEBUG 24208 --- [main] com.hmall.pay.PayApplication             : Running with Spring Boot v2.7.12, Spring v5.3.27
18:10:32:959  INFO 24208 --- [main] com.hmall.pay.PayApplication             : The following 1 profile is active: "local"
18:10:33:803  INFO 24208 --- [main] o.s.cloud.context.scope.GenericScope     : BeanFactory id=3ca7418c-d5dd-3997-baa2-cb984f7a25f2
18:10:34:062  INFO 24208 --- [main] o.s.b.w.embedded.tomcat.TomcatWebServer  : Tomcat initialized with port(s): 8086 (http)
18:10:34:068  INFO 24208 --- [main] o.apache.catalina.core.StandardService   : Starting service [Tomcat]
18:10:34:069  INFO 24208 --- [main] org.apache.catalina.core.StandardEngine  : Starting Servlet engine: [Apache Tomcat/9.0.75]
18:10:34:184  INFO 24208 --- [main] o.a.c.c.C.[Tomcat].[localhost].[/]       : Initializing Spring embedded WebApplicationContext
18:10:34:184  INFO 24208 --- [main] w.s.c.ServletWebServerApplicationContext : Root WebApplicationContext: initialization completed in 1182 ms
18:10:34:394  INFO 24208 --- [main] o.s.c.openfeign.FeignClientFactoryBean   : For 'user-service' URL not provided. Will try picking an instance via load-balancing.
18:10:37:079  INFO 24208 --- [main] o.s.cloud.commons.util.InetUtils         : Cannot determine local hostname
18:10:37:120  INFO 24208 --- [main] pertySourcedRequestMappingHandlerMapping : Mapped URL path [/v2/api-docs] onto method [springfox.documentation.swagger2.web.Swagger2ControllerWebMvc#getDocumentation(String, HttpServletRequest)]
18:10:38:758  INFO 24208 --- [main] o.s.cloud.commons.util.InetUtils         : Cannot determine local hostname
18:10:38:892  INFO 24208 --- [main] com.alibaba.nacos.common.remote.client   : [RpcClientFactory] create a new rpc client of 0dc69c0c-2a0a-469c-ae16-44a4e71e4864
18:10:38:921  INFO 24208 --- [main] org.reflections.Reflections              : Reflections took 16 ms to scan 1 urls, producing 3 keys and 6 values 
18:10:38:939  INFO 24208 --- [main] org.reflections.Reflections              : Reflections took 8 ms to scan 1 urls, producing 4 keys and 9 values 
18:10:38:947  INFO 24208 --- [main] org.reflections.Reflections              : Reflections took 6 ms to scan 1 urls, producing 3 keys and 10 values 
18:10:38:949  WARN 24208 --- [main] org.reflections.Reflections              : given scan urls are empty. set urls in the configuration
18:10:38:955  INFO 24208 --- [main] org.reflections.Reflections              : Reflections took 6 ms to scan 1 urls, producing 1 keys and 5 values 
18:10:38:963  INFO 24208 --- [main] org.reflections.Reflections              : Reflections took 7 ms to scan 1 urls, producing 1 keys and 7 values 
18:10:38:971  INFO 24208 --- [main] org.reflections.Reflections              : Reflections took 6 ms to scan 1 urls, producing 2 keys and 8 values 
18:10:38:972  WARN 24208 --- [main] org.reflections.Reflections              : given scan urls are empty. set urls in the configuration
18:10:38:973  INFO 24208 --- [main] com.alibaba.nacos.common.remote.client   : [0dc69c0c-2a0a-469c-ae16-44a4e71e4864] RpcClient init label, labels = {module=naming, source=sdk}
18:10:38:974  INFO 24208 --- [main] com.alibaba.nacos.common.remote.client   : [0dc69c0c-2a0a-469c-ae16-44a4e71e4864] RpcClient init, ServerListFactory = com.alibaba.nacos.client.naming.core.ServerListManager
18:10:38:975  INFO 24208 --- [main] com.alibaba.nacos.common.remote.client   : [0dc69c0c-2a0a-469c-ae16-44a4e71e4864] Registry connection listener to current client:com.alibaba.nacos.client.naming.remote.gprc.redo.NamingGrpcRedoService
18:10:38:975  INFO 24208 --- [main] com.alibaba.nacos.common.remote.client   : [0dc69c0c-2a0a-469c-ae16-44a4e71e4864] Register server push request handler:com.alibaba.nacos.client.naming.remote.gprc.NamingPushRequestHandler
18:10:38:976  INFO 24208 --- [main] com.alibaba.nacos.common.remote.client   : [0dc69c0c-2a0a-469c-ae16-44a4e71e4864] Try to connect to server on start up, server: {serverIp = '192.168.244.130', server main port = 8848}
18:10:40:149  INFO 24208 --- [main] com.alibaba.nacos.common.remote.client   : [0dc69c0c-2a0a-469c-ae16-44a4e71e4864] Success to connect to server [192.168.244.130:8848] on start up, connectionId = 1733739040394_192.168.244.1_60428
18:10:40:151  INFO 24208 --- [main] com.alibaba.nacos.common.remote.client   : [0dc69c0c-2a0a-469c-ae16-44a4e71e4864] Register server push request handler:com.alibaba.nacos.common.remote.client.RpcClient$ConnectResetRequestHandler
18:10:40:150  INFO 24208 --- [com.alibaba.nacos.client.remote.worker] com.alibaba.nacos.common.remote.client   : [0dc69c0c-2a0a-469c-ae16-44a4e71e4864] Notify connected event to listeners.
18:10:40:151  INFO 24208 --- [main] com.alibaba.nacos.common.remote.client   : [0dc69c0c-2a0a-469c-ae16-44a4e71e4864] Register server push request handler:com.alibaba.nacos.common.remote.client.RpcClient$$Lambda$1071/0x0000000800785840
18:10:40:196  INFO 24208 --- [main] o.s.b.w.embedded.tomcat.TomcatWebServer  : Tomcat started on port(s): 8086 (http) with context path ''
18:10:40:206  INFO 24208 --- [main] c.a.c.n.registry.NacosServiceRegistry    : nacos registry, DEFAULT_GROUP pay-service 192.168.229.1:8086 register finished
18:10:40:686  INFO 24208 --- [nacos-grpc-client-executor-9] com.alibaba.nacos.common.remote.client   : [0dc69c0c-2a0a-469c-ae16-44a4e71e4864] Receive server push request, request = NotifySubscriberRequest, requestId = 14
18:10:40:695  INFO 24208 --- [nacos-grpc-client-executor-9] com.alibaba.nacos.common.remote.client   : [0dc69c0c-2a0a-469c-ae16-44a4e71e4864] Ack server push request, request = NotifySubscriberRequest, requestId = 14
18:10:41:383  INFO 24208 --- [main] o.s.cloud.commons.util.InetUtils         : Cannot determine local hostname
18:10:41:384  INFO 24208 --- [main] d.s.w.p.DocumentationPluginsBootstrapper : Documentation plugins bootstrapped
18:10:41:386  INFO 24208 --- [main] d.s.w.p.DocumentationPluginsBootstrapper : Found 1 custom documentation plugin(s)
18:10:41:404  INFO 24208 --- [main] s.d.s.w.s.ApiListingReferenceScanner     : Scanning for api listing references
18:10:41:475  INFO 24208 --- [main] com.hmall.pay.PayApplication             : Started PayApplication in 10.242 seconds (JVM running for 11.169)
18:12:45:206  INFO 24208 --- [http-nio-8086-exec-2] o.a.c.c.C.[Tomcat].[localhost].[/]       : Initializing Spring DispatcherServlet 'dispatcherServlet'
18:12:45:206  INFO 24208 --- [http-nio-8086-exec-2] o.s.web.servlet.DispatcherServlet        : Initializing Servlet 'dispatcherServlet'
18:12:45:207  INFO 24208 --- [http-nio-8086-exec-2] o.s.web.servlet.DispatcherServlet        : Completed initialization in 1 ms
18:12:45:290  INFO 24208 --- [http-nio-8086-exec-2] com.zaxxer.hikari.HikariDataSource       : HikariPool-1 - Starting...
18:12:45:469  INFO 24208 --- [http-nio-8086-exec-2] com.zaxxer.hikari.HikariDataSource       : HikariPool-1 - Start completed.
18:12:45:475 DEBUG 24208 --- [http-nio-8086-exec-2] c.h.pay.mapper.PayOrderMapper.selectOne  : ==>  Preparing: SELECT id,biz_order_no,pay_order_no,biz_user_id,pay_channel_code,amount,pay_type,status,expand_json,result_code,result_msg,pay_success_time,pay_over_time,qr_code_url,create_time,update_time,creater,updater,is_delete FROM pay_order WHERE (biz_order_no = ?)
18:12:45:492 DEBUG 24208 --- [http-nio-8086-exec-2] c.h.pay.mapper.PayOrderMapper.selectOne  : ==> Parameters: 1866063424023814145(Long)
18:12:45:524 DEBUG 24208 --- [http-nio-8086-exec-2] c.h.pay.mapper.PayOrderMapper.selectOne  : <==      Total: 0
18:12:45:560 DEBUG 24208 --- [http-nio-8086-exec-2] c.h.pay.mapper.PayOrderMapper.insert     : ==>  Preparing: INSERT INTO pay_order ( id, biz_order_no, pay_order_no, biz_user_id, pay_channel_code, amount, pay_type, status, pay_over_time ) VALUES ( ?, ?, ?, ?, ?, ?, ?, ?, ? )
18:12:45:562 DEBUG 24208 --- [http-nio-8086-exec-2] c.h.pay.mapper.PayOrderMapper.insert     : ==> Parameters: 1866063427517562881(Long), 1866063424023814145(Long), 1866063427509174273(Long), 1(Long), balance(String), 379500(Integer), 5(Integer), 1(Integer), 2024-12-09T20:12:45.556067300(LocalDateTime)
18:12:45:566 DEBUG 24208 --- [http-nio-8086-exec-2] c.h.pay.mapper.PayOrderMapper.insert     : <==    Updates: 1
18:15:27:537 DEBUG 24208 --- [http-nio-8086-exec-3] c.h.p.mapper.PayOrderMapper.selectById   : ==>  Preparing: SELECT id,biz_order_no,pay_order_no,biz_user_id,pay_channel_code,amount,pay_type,status,expand_json,result_code,result_msg,pay_success_time,pay_over_time,qr_code_url,create_time,update_time,creater,updater,is_delete FROM pay_order WHERE id=?
18:15:27:538 DEBUG 24208 --- [http-nio-8086-exec-3] c.h.p.mapper.PayOrderMapper.selectById   : ==> Parameters: 1866063427517562881(Long)
18:15:27:546 DEBUG 24208 --- [http-nio-8086-exec-3] c.h.p.mapper.PayOrderMapper.selectById   : <==      Total: 1
18:15:27:549 DEBUG 24208 --- [http-nio-8086-exec-3] com.hmall.api.client.UserClient          : [UserClient#deductMoney] ---> PUT http://user-service/users/money/deduct?pw=123456&amount=379500 HTTP/1.1
18:15:27:549 DEBUG 24208 --- [http-nio-8086-exec-3] com.hmall.api.client.UserClient          : [UserClient#deductMoney] user-info: 1
18:15:27:549 DEBUG 24208 --- [http-nio-8086-exec-3] com.hmall.api.client.UserClient          : [UserClient#deductMoney] ---> END HTTP (0-byte body)
18:15:27:741 DEBUG 24208 --- [http-nio-8086-exec-3] com.hmall.api.client.UserClient          : [UserClient#deductMoney] <--- HTTP/1.1 500 (191ms)
18:15:27:741 DEBUG 24208 --- [http-nio-8086-exec-3] com.hmall.api.client.UserClient          : [UserClient#deductMoney] connection: close
18:15:27:741 DEBUG 24208 --- [http-nio-8086-exec-3] com.hmall.api.client.UserClient          : [UserClient#deductMoney] content-type: application/json
18:15:27:741 DEBUG 24208 --- [http-nio-8086-exec-3] com.hmall.api.client.UserClient          : [UserClient#deductMoney] date: Mon, 09 Dec 2024 10:15:27 GMT
18:15:27:741 DEBUG 24208 --- [http-nio-8086-exec-3] com.hmall.api.client.UserClient          : [UserClient#deductMoney] transfer-encoding: chunked
18:15:27:741 DEBUG 24208 --- [http-nio-8086-exec-3] com.hmall.api.client.UserClient          : [UserClient#deductMoney] 
18:15:27:741 DEBUG 24208 --- [http-nio-8086-exec-3] com.hmall.api.client.UserClient          : [UserClient#deductMoney] {"timestamp":"2024-12-09T10:15:27.732+00:00","status":500,"error":"Internal Server Error","path":"/users/money/deduct"}
18:15:27:741 DEBUG 24208 --- [http-nio-8086-exec-3] com.hmall.api.client.UserClient          : [UserClient#deductMoney] <--- END HTTP (119-byte body)
18:15:27:753 ERROR 24208 --- [http-nio-8086-exec-3] o.a.c.c.C.[.[.[/].[dispatcherServlet]    : Servlet.service() for servlet [dispatcherServlet] in context with path [] threw exception [Request processing failed; nested exception is feign.FeignException$InternalServerError: [500] during [PUT] to [http://user-service/users/money/deduct?pw=123456&amount=379500] [UserClient#deductMoney(String,Integer)]: [{"timestamp":"2024-12-09T10:15:27.732+00:00","status":500,"error":"Internal Server Error","path":"/users/money/deduct"}]] with root cause

feign.FeignException$InternalServerError: [500] during [PUT] to [http://user-service/users/money/deduct?pw=123456&amount=379500] [UserClient#deductMoney(String,Integer)]: [{"timestamp":"2024-12-09T10:15:27.732+00:00","status":500,"error":"Internal Server Error","path":"/users/money/deduct"}]
	at feign.FeignException.serverErrorStatus(FeignException.java:250) ~[feign-core-11.8.jar:na]
	at feign.FeignException.errorStatus(FeignException.java:197) ~[feign-core-11.8.jar:na]
	at feign.FeignException.errorStatus(FeignException.java:185) ~[feign-core-11.8.jar:na]
	at feign.codec.ErrorDecoder$Default.decode(ErrorDecoder.java:92) ~[feign-core-11.8.jar:na]
	at feign.AsyncResponseHandler.handleResponse(AsyncResponseHandler.java:96) ~[feign-core-11.8.jar:na]
	at feign.SynchronousMethodHandler.executeAndDecode(SynchronousMethodHandler.java:138) ~[feign-core-11.8.jar:na]
	at feign.SynchronousMethodHandler.invoke(SynchronousMethodHandler.java:89) ~[feign-core-11.8.jar:na]
	at feign.ReflectiveFeign$FeignInvocationHandler.invoke(ReflectiveFeign.java:100) ~[feign-core-11.8.jar:na]
	at com.sun.proxy.$Proxy101.deductMoney(Unknown Source) ~[na:na]
	at com.hmall.pay.service.impl.PayOrderServiceImpl.tryPayOrderByBalance(PayOrderServiceImpl.java:61) ~[classes/:na]
	at com.hmall.pay.service.impl.PayOrderServiceImpl$$FastClassBySpringCGLIB$$b2062e7f.invoke(<generated>) ~[classes/:na]
	at org.springframework.cglib.proxy.MethodProxy.invoke(MethodProxy.java:218) ~[spring-core-5.3.27.jar:5.3.27]
	at org.springframework.aop.framework.CglibAopProxy$CglibMethodInvocation.invokeJoinpoint(CglibAopProxy.java:793) ~[spring-aop-5.3.27.jar:5.3.27]
	at org.springframework.aop.framework.ReflectiveMethodInvocation.proceed(ReflectiveMethodInvocation.java:163) ~[spring-aop-5.3.27.jar:5.3.27]
	at org.springframework.aop.framework.CglibAopProxy$CglibMethodInvocation.proceed(CglibAopProxy.java:763) ~[spring-aop-5.3.27.jar:5.3.27]
	at org.springframework.transaction.interceptor.TransactionInterceptor$1.proceedWithInvocation(TransactionInterceptor.java:123) ~[spring-tx-5.3.27.jar:5.3.27]
	at org.springframework.transaction.interceptor.TransactionAspectSupport.invokeWithinTransaction(TransactionAspectSupport.java:388) ~[spring-tx-5.3.27.jar:5.3.27]
	at org.springframework.transaction.interceptor.TransactionInterceptor.invoke(TransactionInterceptor.java:119) ~[spring-tx-5.3.27.jar:5.3.27]
	at org.springframework.aop.framework.ReflectiveMethodInvocation.proceed(ReflectiveMethodInvocation.java:186) ~[spring-aop-5.3.27.jar:5.3.27]
	at org.springframework.aop.framework.CglibAopProxy$CglibMethodInvocation.proceed(CglibAopProxy.java:763) ~[spring-aop-5.3.27.jar:5.3.27]
	at org.springframework.aop.framework.CglibAopProxy$DynamicAdvisedInterceptor.intercept(CglibAopProxy.java:708) ~[spring-aop-5.3.27.jar:5.3.27]
	at com.hmall.pay.service.impl.PayOrderServiceImpl$$EnhancerBySpringCGLIB$$2627a426.tryPayOrderByBalance(<generated>) ~[classes/:na]
	at com.hmall.pay.controller.PayController.tryPayOrderByBalance(PayController.java:47) ~[classes/:na]
	at java.base/jdk.internal.reflect.NativeMethodAccessorImpl.invoke0(Native Method) ~[na:na]
	at java.base/jdk.internal.reflect.NativeMethodAccessorImpl.invoke(NativeMethodAccessorImpl.java:62) ~[na:na]
	at java.base/jdk.internal.reflect.DelegatingMethodAccessorImpl.invoke(DelegatingMethodAccessorImpl.java:43) ~[na:na]
	at java.base/java.lang.reflect.Method.invoke(Method.java:566) ~[na:na]
	at org.springframework.web.method.support.InvocableHandlerMethod.doInvoke(InvocableHandlerMethod.java:205) ~[spring-web-5.3.27.jar:5.3.27]
	at org.springframework.web.method.support.InvocableHandlerMethod.invokeForRequest(InvocableHandlerMethod.java:150) ~[spring-web-5.3.27.jar:5.3.27]
	at org.springframework.web.servlet.mvc.method.annotation.ServletInvocableHandlerMethod.invokeAndHandle(ServletInvocableHandlerMethod.java:117) ~[spring-webmvc-5.3.27.jar:5.3.27]
	at org.springframework.web.servlet.mvc.method.annotation.RequestMappingHandlerAdapter.invokeHandlerMethod(RequestMappingHandlerAdapter.java:895) ~[spring-webmvc-5.3.27.jar:5.3.27]
	at org.springframework.web.servlet.mvc.method.annotation.RequestMappingHandlerAdapter.handleInternal(RequestMappingHandlerAdapter.java:808) ~[spring-webmvc-5.3.27.jar:5.3.27]
	at org.springframework.web.servlet.mvc.method.AbstractHandlerMethodAdapter.handle(AbstractHandlerMethodAdapter.java:87) ~[spring-webmvc-5.3.27.jar:5.3.27]
	at org.springframework.web.servlet.DispatcherServlet.doDispatch(DispatcherServlet.java:1072) ~[spring-webmvc-5.3.27.jar:5.3.27]
	at org.springframework.web.servlet.DispatcherServlet.doService(DispatcherServlet.java:965) ~[spring-webmvc-5.3.27.jar:5.3.27]
	at org.springframework.web.servlet.FrameworkServlet.processRequest(FrameworkServlet.java:1006) ~[spring-webmvc-5.3.27.jar:5.3.27]
	at org.springframework.web.servlet.FrameworkServlet.doPost(FrameworkServlet.java:909) ~[spring-webmvc-5.3.27.jar:5.3.27]
	at javax.servlet.http.HttpServlet.service(HttpServlet.java:555) ~[tomcat-embed-core-9.0.75.jar:4.0.FR]
	at org.springframework.web.servlet.FrameworkServlet.service(FrameworkServlet.java:883) ~[spring-webmvc-5.3.27.jar:5.3.27]
	at javax.servlet.http.HttpServlet.service(HttpServlet.java:623) ~[tomcat-embed-core-9.0.75.jar:4.0.FR]
	at org.apache.catalina.core.ApplicationFilterChain.internalDoFilter(ApplicationFilterChain.java:209) ~[tomcat-embed-core-9.0.75.jar:9.0.75]
	at org.apache.catalina.core.ApplicationFilterChain.doFilter(ApplicationFilterChain.java:153) ~[tomcat-embed-core-9.0.75.jar:9.0.75]
	at org.apache.tomcat.websocket.server.WsFilter.doFilter(WsFilter.java:51) ~[tomcat-embed-websocket-9.0.75.jar:9.0.75]
	at org.apache.catalina.core.ApplicationFilterChain.internalDoFilter(ApplicationFilterChain.java:178) ~[tomcat-embed-core-9.0.75.jar:9.0.75]
	at org.apache.catalina.core.ApplicationFilterChain.doFilter(ApplicationFilterChain.java:153) ~[tomcat-embed-core-9.0.75.jar:9.0.75]
	at org.springframework.web.filter.RequestContextFilter.doFilterInternal(RequestContextFilter.java:100) ~[spring-web-5.3.27.jar:5.3.27]
	at org.springframework.web.filter.OncePerRequestFilter.doFilter(OncePerRequestFilter.java:117) ~[spring-web-5.3.27.jar:5.3.27]
	at org.apache.catalina.core.ApplicationFilterChain.internalDoFilter(ApplicationFilterChain.java:178) ~[tomcat-embed-core-9.0.75.jar:9.0.75]
	at org.apache.catalina.core.ApplicationFilterChain.doFilter(ApplicationFilterChain.java:153) ~[tomcat-embed-core-9.0.75.jar:9.0.75]
	at org.springframework.web.filter.FormContentFilter.doFilterInternal(FormContentFilter.java:93) ~[spring-web-5.3.27.jar:5.3.27]
	at org.springframework.web.filter.OncePerRequestFilter.doFilter(OncePerRequestFilter.java:117) ~[spring-web-5.3.27.jar:5.3.27]
	at org.apache.catalina.core.ApplicationFilterChain.internalDoFilter(ApplicationFilterChain.java:178) ~[tomcat-embed-core-9.0.75.jar:9.0.75]
	at org.apache.catalina.core.ApplicationFilterChain.doFilter(ApplicationFilterChain.java:153) ~[tomcat-embed-core-9.0.75.jar:9.0.75]
	at org.springframework.web.filter.CharacterEncodingFilter.doFilterInternal(CharacterEncodingFilter.java:201) ~[spring-web-5.3.27.jar:5.3.27]
	at org.springframework.web.filter.OncePerRequestFilter.doFilter(OncePerRequestFilter.java:117) ~[spring-web-5.3.27.jar:5.3.27]
	at org.apache.catalina.core.ApplicationFilterChain.internalDoFilter(ApplicationFilterChain.java:178) ~[tomcat-embed-core-9.0.75.jar:9.0.75]
	at org.apache.catalina.core.ApplicationFilterChain.doFilter(ApplicationFilterChain.java:153) ~[tomcat-embed-core-9.0.75.jar:9.0.75]
	at org.apache.catalina.core.StandardWrapperValve.invoke(StandardWrapperValve.java:167) ~[tomcat-embed-core-9.0.75.jar:9.0.75]
	at org.apache.catalina.core.StandardContextValve.invoke(StandardContextValve.java:90) ~[tomcat-embed-core-9.0.75.jar:9.0.75]
	at org.apache.catalina.authenticator.AuthenticatorBase.invoke(AuthenticatorBase.java:481) ~[tomcat-embed-core-9.0.75.jar:9.0.75]
	at org.apache.catalina.core.StandardHostValve.invoke(StandardHostValve.java:130) ~[tomcat-embed-core-9.0.75.jar:9.0.75]
	at org.apache.catalina.valves.ErrorReportValve.invoke(ErrorReportValve.java:93) ~[tomcat-embed-core-9.0.75.jar:9.0.75]
	at org.apache.catalina.core.StandardEngineValve.invoke(StandardEngineValve.java:74) ~[tomcat-embed-core-9.0.75.jar:9.0.75]
	at org.apache.catalina.connector.CoyoteAdapter.service(CoyoteAdapter.java:343) ~[tomcat-embed-core-9.0.75.jar:9.0.75]
	at org.apache.coyote.http11.Http11Processor.service(Http11Processor.java:390) ~[tomcat-embed-core-9.0.75.jar:9.0.75]
	at org.apache.coyote.AbstractProcessorLight.process(AbstractProcessorLight.java:63) ~[tomcat-embed-core-9.0.75.jar:9.0.75]
	at org.apache.coyote.AbstractProtocol$ConnectionHandler.process(AbstractProtocol.java:926) ~[tomcat-embed-core-9.0.75.jar:9.0.75]
	at org.apache.tomcat.util.net.NioEndpoint$SocketProcessor.doRun(NioEndpoint.java:1791) ~[tomcat-embed-core-9.0.75.jar:9.0.75]
	at org.apache.tomcat.util.net.SocketProcessorBase.run(SocketProcessorBase.java:52) ~[tomcat-embed-core-9.0.75.jar:9.0.75]
	at org.apache.tomcat.util.threads.ThreadPoolExecutor.runWorker(ThreadPoolExecutor.java:1191) ~[tomcat-embed-core-9.0.75.jar:9.0.75]
	at org.apache.tomcat.util.threads.ThreadPoolExecutor$Worker.run(ThreadPoolExecutor.java:659) ~[tomcat-embed-core-9.0.75.jar:9.0.75]
	at org.apache.tomcat.util.threads.TaskThread$WrappingRunnable.run(TaskThread.java:61) ~[tomcat-embed-core-9.0.75.jar:9.0.75]
	at java.base/java.lang.Thread.run(Thread.java:834) ~[na:na]

18:15:28:179  INFO 24208 --- [nacos-grpc-client-executor-87] com.alibaba.nacos.common.remote.client   : [0dc69c0c-2a0a-469c-ae16-44a4e71e4864] Receive server push request, request = NotifySubscriberRequest, requestId = 25
18:15:28:179  INFO 24208 --- [nacos-grpc-client-executor-87] com.alibaba.nacos.common.remote.client   : [0dc69c0c-2a0a-469c-ae16-44a4e71e4864] Ack server push request, request = NotifySubscriberRequest, requestId = 25
18:28:17:295 DEBUG 24208 --- [http-nio-8086-exec-4] c.h.p.mapper.PayOrderMapper.selectById   : ==>  Preparing: SELECT id,biz_order_no,pay_order_no,biz_user_id,pay_channel_code,amount,pay_type,status,expand_json,result_code,result_msg,pay_success_time,pay_over_time,qr_code_url,create_time,update_time,creater,updater,is_delete FROM pay_order WHERE id=?
18:28:17:296 DEBUG 24208 --- [http-nio-8086-exec-4] c.h.p.mapper.PayOrderMapper.selectById   : ==> Parameters: 1866063427517562881(Long)
18:28:17:332 DEBUG 24208 --- [http-nio-8086-exec-4] c.h.p.mapper.PayOrderMapper.selectById   : <==      Total: 1
18:28:17:333 DEBUG 24208 --- [http-nio-8086-exec-4] com.hmall.api.client.UserClient          : [UserClient#deductMoney] ---> PUT http://user-service/users/money/deduct?pw=123&amount=379500 HTTP/1.1
18:28:17:333 DEBUG 24208 --- [http-nio-8086-exec-4] com.hmall.api.client.UserClient          : [UserClient#deductMoney] user-info: 1
18:28:17:333 DEBUG 24208 --- [http-nio-8086-exec-4] com.hmall.api.client.UserClient          : [UserClient#deductMoney] ---> END HTTP (0-byte body)
18:28:17:454 DEBUG 24208 --- [http-nio-8086-exec-4] com.hmall.api.client.UserClient          : [UserClient#deductMoney] <--- HTTP/1.1 200 (121ms)
18:28:17:454 DEBUG 24208 --- [http-nio-8086-exec-4] com.hmall.api.client.UserClient          : [UserClient#deductMoney] connection: keep-alive
18:28:17:454 DEBUG 24208 --- [http-nio-8086-exec-4] com.hmall.api.client.UserClient          : [UserClient#deductMoney] content-length: 0
18:28:17:454 DEBUG 24208 --- [http-nio-8086-exec-4] com.hmall.api.client.UserClient          : [UserClient#deductMoney] date: Mon, 09 Dec 2024 10:28:17 GMT
18:28:17:454 DEBUG 24208 --- [http-nio-8086-exec-4] com.hmall.api.client.UserClient          : [UserClient#deductMoney] keep-alive: timeout=60
18:28:17:454 DEBUG 24208 --- [http-nio-8086-exec-4] com.hmall.api.client.UserClient          : [UserClient#deductMoney] 
18:28:17:454 DEBUG 24208 --- [http-nio-8086-exec-4] com.hmall.api.client.UserClient          : [UserClient#deductMoney] <--- END HTTP (0-byte body)
18:28:17:458 DEBUG 24208 --- [http-nio-8086-exec-4] c.h.pay.mapper.PayOrderMapper.update     : ==>  Preparing: UPDATE pay_order SET status=?,pay_success_time=? WHERE (id = ? AND status IN (?,?))
18:28:17:459 DEBUG 24208 --- [http-nio-8086-exec-4] c.h.pay.mapper.PayOrderMapper.update     : ==> Parameters: 3(Integer), 2024-12-09T18:28:17.454803100(LocalDateTime), 1866063427517562881(Long), 0(Integer), 1(Integer)
18:28:17:464 DEBUG 24208 --- [http-nio-8086-exec-4] c.h.pay.mapper.PayOrderMapper.update     : <==    Updates: 1
18:28:17:466  INFO 24208 --- [http-nio-8086-exec-4] o.s.a.r.c.CachingConnectionFactory       : Attempting to connect to: [localhost:5672]
18:28:17:486 ERROR 24208 --- [http-nio-8086-exec-4] c.h.p.service.impl.PayOrderServiceImpl   : 发送支付状态通知失败，订单id：1866063427517562881

org.springframework.amqp.AmqpConnectException: java.net.ConnectException: Connection refused: connect
	at org.springframework.amqp.rabbit.support.RabbitExceptionTranslator.convertRabbitAccessException(RabbitExceptionTranslator.java:61) ~[spring-rabbit-2.4.12.jar:2.4.12]
	at org.springframework.amqp.rabbit.connection.AbstractConnectionFactory.createBareConnection(AbstractConnectionFactory.java:603) ~[spring-rabbit-2.4.12.jar:2.4.12]
	at org.springframework.amqp.rabbit.connection.CachingConnectionFactory.createConnection(CachingConnectionFactory.java:725) ~[spring-rabbit-2.4.12.jar:2.4.12]
	at org.springframework.amqp.rabbit.connection.ConnectionFactoryUtils.createConnection(ConnectionFactoryUtils.java:252) ~[spring-rabbit-2.4.12.jar:2.4.12]
	at org.springframework.amqp.rabbit.core.RabbitTemplate.doExecute(RabbitTemplate.java:2210) ~[spring-rabbit-2.4.12.jar:2.4.12]
	at org.springframework.amqp.rabbit.core.RabbitTemplate.execute(RabbitTemplate.java:2183) ~[spring-rabbit-2.4.12.jar:2.4.12]
	at org.springframework.amqp.rabbit.core.RabbitTemplate.send(RabbitTemplate.java:1102) ~[spring-rabbit-2.4.12.jar:2.4.12]
	at org.springframework.amqp.rabbit.core.RabbitTemplate.convertAndSend(RabbitTemplate.java:1167) ~[spring-rabbit-2.4.12.jar:2.4.12]
	at org.springframework.amqp.rabbit.core.RabbitTemplate.convertAndSend(RabbitTemplate.java:1160) ~[spring-rabbit-2.4.12.jar:2.4.12]
	at com.hmall.pay.service.impl.PayOrderServiceImpl.tryPayOrderByBalance(PayOrderServiceImpl.java:74) ~[classes/:na]
	at com.hmall.pay.service.impl.PayOrderServiceImpl$$FastClassBySpringCGLIB$$b2062e7f.invoke(<generated>) ~[classes/:na]
	at org.springframework.cglib.proxy.MethodProxy.invoke(MethodProxy.java:218) ~[spring-core-5.3.27.jar:5.3.27]
	at org.springframework.aop.framework.CglibAopProxy$CglibMethodInvocation.invokeJoinpoint(CglibAopProxy.java:793) ~[spring-aop-5.3.27.jar:5.3.27]
	at org.springframework.aop.framework.ReflectiveMethodInvocation.proceed(ReflectiveMethodInvocation.java:163) ~[spring-aop-5.3.27.jar:5.3.27]
	at org.springframework.aop.framework.CglibAopProxy$CglibMethodInvocation.proceed(CglibAopProxy.java:763) ~[spring-aop-5.3.27.jar:5.3.27]
	at org.springframework.transaction.interceptor.TransactionInterceptor$1.proceedWithInvocation(TransactionInterceptor.java:123) ~[spring-tx-5.3.27.jar:5.3.27]
	at org.springframework.transaction.interceptor.TransactionAspectSupport.invokeWithinTransaction(TransactionAspectSupport.java:388) ~[spring-tx-5.3.27.jar:5.3.27]
	at org.springframework.transaction.interceptor.TransactionInterceptor.invoke(TransactionInterceptor.java:119) ~[spring-tx-5.3.27.jar:5.3.27]
	at org.springframework.aop.framework.ReflectiveMethodInvocation.proceed(ReflectiveMethodInvocation.java:186) ~[spring-aop-5.3.27.jar:5.3.27]
	at org.springframework.aop.framework.CglibAopProxy$CglibMethodInvocation.proceed(CglibAopProxy.java:763) ~[spring-aop-5.3.27.jar:5.3.27]
	at org.springframework.aop.framework.CglibAopProxy$DynamicAdvisedInterceptor.intercept(CglibAopProxy.java:708) ~[spring-aop-5.3.27.jar:5.3.27]
	at com.hmall.pay.service.impl.PayOrderServiceImpl$$EnhancerBySpringCGLIB$$2627a426.tryPayOrderByBalance(<generated>) ~[classes/:na]
	at com.hmall.pay.controller.PayController.tryPayOrderByBalance(PayController.java:47) ~[classes/:na]
	at java.base/jdk.internal.reflect.NativeMethodAccessorImpl.invoke0(Native Method) ~[na:na]
	at java.base/jdk.internal.reflect.NativeMethodAccessorImpl.invoke(NativeMethodAccessorImpl.java:62) ~[na:na]
	at java.base/jdk.internal.reflect.DelegatingMethodAccessorImpl.invoke(DelegatingMethodAccessorImpl.java:43) ~[na:na]
	at java.base/java.lang.reflect.Method.invoke(Method.java:566) ~[na:na]
	at org.springframework.web.method.support.InvocableHandlerMethod.doInvoke(InvocableHandlerMethod.java:205) ~[spring-web-5.3.27.jar:5.3.27]
	at org.springframework.web.method.support.InvocableHandlerMethod.invokeForRequest(InvocableHandlerMethod.java:150) ~[spring-web-5.3.27.jar:5.3.27]
	at org.springframework.web.servlet.mvc.method.annotation.ServletInvocableHandlerMethod.invokeAndHandle(ServletInvocableHandlerMethod.java:117) ~[spring-webmvc-5.3.27.jar:5.3.27]
	at org.springframework.web.servlet.mvc.method.annotation.RequestMappingHandlerAdapter.invokeHandlerMethod(RequestMappingHandlerAdapter.java:895) ~[spring-webmvc-5.3.27.jar:5.3.27]
	at org.springframework.web.servlet.mvc.method.annotation.RequestMappingHandlerAdapter.handleInternal(RequestMappingHandlerAdapter.java:808) ~[spring-webmvc-5.3.27.jar:5.3.27]
	at org.springframework.web.servlet.mvc.method.AbstractHandlerMethodAdapter.handle(AbstractHandlerMethodAdapter.java:87) ~[spring-webmvc-5.3.27.jar:5.3.27]
	at org.springframework.web.servlet.DispatcherServlet.doDispatch(DispatcherServlet.java:1072) ~[spring-webmvc-5.3.27.jar:5.3.27]
	at org.springframework.web.servlet.DispatcherServlet.doService(DispatcherServlet.java:965) ~[spring-webmvc-5.3.27.jar:5.3.27]
	at org.springframework.web.servlet.FrameworkServlet.processRequest(FrameworkServlet.java:1006) ~[spring-webmvc-5.3.27.jar:5.3.27]
	at org.springframework.web.servlet.FrameworkServlet.doPost(FrameworkServlet.java:909) ~[spring-webmvc-5.3.27.jar:5.3.27]
	at javax.servlet.http.HttpServlet.service(HttpServlet.java:555) ~[tomcat-embed-core-9.0.75.jar:4.0.FR]
	at org.springframework.web.servlet.FrameworkServlet.service(FrameworkServlet.java:883) ~[spring-webmvc-5.3.27.jar:5.3.27]
	at javax.servlet.http.HttpServlet.service(HttpServlet.java:623) ~[tomcat-embed-core-9.0.75.jar:4.0.FR]
	at org.apache.catalina.core.ApplicationFilterChain.internalDoFilter(ApplicationFilterChain.java:209) ~[tomcat-embed-core-9.0.75.jar:9.0.75]
	at org.apache.catalina.core.ApplicationFilterChain.doFilter(ApplicationFilterChain.java:153) ~[tomcat-embed-core-9.0.75.jar:9.0.75]
	at org.apache.tomcat.websocket.server.WsFilter.doFilter(WsFilter.java:51) ~[tomcat-embed-websocket-9.0.75.jar:9.0.75]
	at org.apache.catalina.core.ApplicationFilterChain.internalDoFilter(ApplicationFilterChain.java:178) ~[tomcat-embed-core-9.0.75.jar:9.0.75]
	at org.apache.catalina.core.ApplicationFilterChain.doFilter(ApplicationFilterChain.java:153) ~[tomcat-embed-core-9.0.75.jar:9.0.75]
	at org.springframework.web.filter.RequestContextFilter.doFilterInternal(RequestContextFilter.java:100) ~[spring-web-5.3.27.jar:5.3.27]
	at org.springframework.web.filter.OncePerRequestFilter.doFilter(OncePerRequestFilter.java:117) ~[spring-web-5.3.27.jar:5.3.27]
	at org.apache.catalina.core.ApplicationFilterChain.internalDoFilter(ApplicationFilterChain.java:178) ~[tomcat-embed-core-9.0.75.jar:9.0.75]
	at org.apache.catalina.core.ApplicationFilterChain.doFilter(ApplicationFilterChain.java:153) ~[tomcat-embed-core-9.0.75.jar:9.0.75]
	at org.springframework.web.filter.FormContentFilter.doFilterInternal(FormContentFilter.java:93) ~[spring-web-5.3.27.jar:5.3.27]
	at org.springframework.web.filter.OncePerRequestFilter.doFilter(OncePerRequestFilter.java:117) ~[spring-web-5.3.27.jar:5.3.27]
	at org.apache.catalina.core.ApplicationFilterChain.internalDoFilter(ApplicationFilterChain.java:178) ~[tomcat-embed-core-9.0.75.jar:9.0.75]
	at org.apache.catalina.core.ApplicationFilterChain.doFilter(ApplicationFilterChain.java:153) ~[tomcat-embed-core-9.0.75.jar:9.0.75]
	at org.springframework.web.filter.CharacterEncodingFilter.doFilterInternal(CharacterEncodingFilter.java:201) ~[spring-web-5.3.27.jar:5.3.27]
	at org.springframework.web.filter.OncePerRequestFilter.doFilter(OncePerRequestFilter.java:117) ~[spring-web-5.3.27.jar:5.3.27]
	at org.apache.catalina.core.ApplicationFilterChain.internalDoFilter(ApplicationFilterChain.java:178) ~[tomcat-embed-core-9.0.75.jar:9.0.75]
	at org.apache.catalina.core.ApplicationFilterChain.doFilter(ApplicationFilterChain.java:153) ~[tomcat-embed-core-9.0.75.jar:9.0.75]
	at org.apache.catalina.core.StandardWrapperValve.invoke(StandardWrapperValve.java:167) ~[tomcat-embed-core-9.0.75.jar:9.0.75]
	at org.apache.catalina.core.StandardContextValve.invoke(StandardContextValve.java:90) ~[tomcat-embed-core-9.0.75.jar:9.0.75]
	at org.apache.catalina.authenticator.AuthenticatorBase.invoke(AuthenticatorBase.java:481) ~[tomcat-embed-core-9.0.75.jar:9.0.75]
	at org.apache.catalina.core.StandardHostValve.invoke(StandardHostValve.java:130) ~[tomcat-embed-core-9.0.75.jar:9.0.75]
	at org.apache.catalina.valves.ErrorReportValve.invoke(ErrorReportValve.java:93) ~[tomcat-embed-core-9.0.75.jar:9.0.75]
	at org.apache.catalina.core.StandardEngineValve.invoke(StandardEngineValve.java:74) ~[tomcat-embed-core-9.0.75.jar:9.0.75]
	at org.apache.catalina.connector.CoyoteAdapter.service(CoyoteAdapter.java:343) ~[tomcat-embed-core-9.0.75.jar:9.0.75]
	at org.apache.coyote.http11.Http11Processor.service(Http11Processor.java:390) ~[tomcat-embed-core-9.0.75.jar:9.0.75]
	at org.apache.coyote.AbstractProcessorLight.process(AbstractProcessorLight.java:63) ~[tomcat-embed-core-9.0.75.jar:9.0.75]
	at org.apache.coyote.AbstractProtocol$ConnectionHandler.process(AbstractProtocol.java:926) ~[tomcat-embed-core-9.0.75.jar:9.0.75]
	at org.apache.tomcat.util.net.NioEndpoint$SocketProcessor.doRun(NioEndpoint.java:1791) ~[tomcat-embed-core-9.0.75.jar:9.0.75]
	at org.apache.tomcat.util.net.SocketProcessorBase.run(SocketProcessorBase.java:52) ~[tomcat-embed-core-9.0.75.jar:9.0.75]
	at org.apache.tomcat.util.threads.ThreadPoolExecutor.runWorker(ThreadPoolExecutor.java:1191) ~[tomcat-embed-core-9.0.75.jar:9.0.75]
	at org.apache.tomcat.util.threads.ThreadPoolExecutor$Worker.run(ThreadPoolExecutor.java:659) ~[tomcat-embed-core-9.0.75.jar:9.0.75]
	at org.apache.tomcat.util.threads.TaskThread$WrappingRunnable.run(TaskThread.java:61) ~[tomcat-embed-core-9.0.75.jar:9.0.75]
	at java.base/java.lang.Thread.run(Thread.java:834) ~[na:na]
Caused by: java.net.ConnectException: Connection refused: connect
	at java.base/java.net.PlainSocketImpl.waitForConnect(Native Method) ~[na:na]
	at java.base/java.net.PlainSocketImpl.socketConnect(PlainSocketImpl.java:107) ~[na:na]
	at java.base/java.net.AbstractPlainSocketImpl.doConnect(AbstractPlainSocketImpl.java:412) ~[na:na]
	at java.base/java.net.AbstractPlainSocketImpl.connectToAddress(AbstractPlainSocketImpl.java:255) ~[na:na]
	at java.base/java.net.AbstractPlainSocketImpl.connect(AbstractPlainSocketImpl.java:237) ~[na:na]
	at java.base/java.net.SocksSocketImpl.connect(SocksSocketImpl.java:392) ~[na:na]
	at java.base/java.net.Socket.connect(Socket.java:608) ~[na:na]
	at com.rabbitmq.client.impl.SocketFrameHandlerFactory.create(SocketFrameHandlerFactory.java:60) ~[amqp-client-5.14.2.jar:5.14.2]
	at com.rabbitmq.client.ConnectionFactory.newConnection(ConnectionFactory.java:1223) ~[amqp-client-5.14.2.jar:5.14.2]
	at com.rabbitmq.client.ConnectionFactory.newConnection(ConnectionFactory.java:1173) ~[amqp-client-5.14.2.jar:5.14.2]
	at org.springframework.amqp.rabbit.connection.AbstractConnectionFactory.connectAddresses(AbstractConnectionFactory.java:641) ~[spring-rabbit-2.4.12.jar:2.4.12]
	at org.springframework.amqp.rabbit.connection.AbstractConnectionFactory.connect(AbstractConnectionFactory.java:616) ~[spring-rabbit-2.4.12.jar:2.4.12]
	at org.springframework.amqp.rabbit.connection.AbstractConnectionFactory.createBareConnection(AbstractConnectionFactory.java:566) ~[spring-rabbit-2.4.12.jar:2.4.12]
	... 71 common frames omitted

18:29:53:055  WARN 24208 --- [Thread-4] c.a.nacos.common.notify.NotifyCenter     : [NotifyCenter] Start destroying Publisher
18:29:53:055  WARN 24208 --- [Thread-7] c.a.n.common.http.HttpClientBeanHolder   : [HttpClientBeanHolder] Start destroying common HttpClient
18:29:53:056  WARN 24208 --- [Thread-4] c.a.nacos.common.notify.NotifyCenter     : [NotifyCenter] Destruction of the end
18:29:53:057  WARN 24208 --- [Thread-7] c.a.n.common.http.HttpClientBeanHolder   : [HttpClientBeanHolder] Destruction of the end
18:29:53:298  INFO 24208 --- [SpringApplicationShutdownHook] c.a.c.n.registry.NacosServiceRegistry    : De-registering from Nacos Server now...
18:29:53:314  INFO 24208 --- [SpringApplicationShutdownHook] c.a.c.n.registry.NacosServiceRegistry    : De-registration finished.
18:29:53:636  INFO 24208 --- [SpringApplicationShutdownHook] com.alibaba.nacos.common.remote.client   : Shutdown rpc client, set status to shutdown
18:29:53:636  INFO 24208 --- [SpringApplicationShutdownHook] com.alibaba.nacos.common.remote.client   : Shutdown client event executor java.util.concurrent.ScheduledThreadPoolExecutor@7160a3ac[Running, pool size = 2, active threads = 2, queued tasks = 0, completed tasks = 0]
18:29:53:636  INFO 24208 --- [SpringApplicationShutdownHook] com.alibaba.nacos.common.remote.client   : Close current connection 1733739040394_192.168.244.1_60428
18:29:53:638  INFO 24208 --- [nacos-grpc-client-executor-290] c.a.n.c.remote.client.grpc.GrpcClient    : [1733739040394_192.168.244.1_60428]Ignore complete event,isRunning:false,isAbandon=false
18:29:53:641  INFO 24208 --- [SpringApplicationShutdownHook] c.a.n.c.remote.client.grpc.GrpcClient    : Shutdown grpc executor java.util.concurrent.ThreadPoolExecutor@1af0173d[Running, pool size = 4, active threads = 0, queued tasks = 0, completed tasks = 291]
18:29:53:644  INFO 24208 --- [SpringApplicationShutdownHook] com.zaxxer.hikari.HikariDataSource       : HikariPool-1 - Shutdown initiated...
18:29:53:699  INFO 24208 --- [SpringApplicationShutdownHook] com.zaxxer.hikari.HikariDataSource       : HikariPool-1 - Shutdown completed.
18:30:03:779  INFO 16572 --- [main] com.hmall.pay.PayApplication             : Starting PayApplication using Java 11.0.23 on 130com with PID 16572 (D:\workspace\stuspace\javaProject\hm-mall\hmall\pay-service\target\classes started by xi in D:\workspace\stuspace\javaProject\hm-mall\hmall)
18:30:03:781 DEBUG 16572 --- [main] com.hmall.pay.PayApplication             : Running with Spring Boot v2.7.12, Spring v5.3.27
18:30:03:782  INFO 16572 --- [main] com.hmall.pay.PayApplication             : The following 1 profile is active: "local"
18:30:04:792  INFO 16572 --- [main] o.s.cloud.context.scope.GenericScope     : BeanFactory id=3ca7418c-d5dd-3997-baa2-cb984f7a25f2
18:30:05:083  INFO 16572 --- [main] o.s.b.w.embedded.tomcat.TomcatWebServer  : Tomcat initialized with port(s): 8086 (http)
18:30:05:092  INFO 16572 --- [main] o.apache.catalina.core.StandardService   : Starting service [Tomcat]
18:30:05:093  INFO 16572 --- [main] org.apache.catalina.core.StandardEngine  : Starting Servlet engine: [Apache Tomcat/9.0.75]
18:30:05:250  INFO 16572 --- [main] o.a.c.c.C.[Tomcat].[localhost].[/]       : Initializing Spring embedded WebApplicationContext
18:30:05:250  INFO 16572 --- [main] w.s.c.ServletWebServerApplicationContext : Root WebApplicationContext: initialization completed in 1414 ms
18:30:05:382  INFO 16572 --- [main] o.s.c.openfeign.FeignClientFactoryBean   : For 'user-service' URL not provided. Will try picking an instance via load-balancing.
18:30:07:842  INFO 16572 --- [main] o.s.cloud.commons.util.InetUtils         : Cannot determine local hostname
18:30:07:861  INFO 16572 --- [main] pertySourcedRequestMappingHandlerMapping : Mapped URL path [/v2/api-docs] onto method [springfox.documentation.swagger2.web.Swagger2ControllerWebMvc#getDocumentation(String, HttpServletRequest)]
18:30:09:201  INFO 16572 --- [main] o.s.cloud.commons.util.InetUtils         : Cannot determine local hostname
18:30:09:352  INFO 16572 --- [main] com.alibaba.nacos.common.remote.client   : [RpcClientFactory] create a new rpc client of ca62c3b8-21d7-4104-a1b7-d73af344ecbd
18:30:09:385  INFO 16572 --- [main] org.reflections.Reflections              : Reflections took 18 ms to scan 1 urls, producing 3 keys and 6 values 
18:30:09:407  INFO 16572 --- [main] org.reflections.Reflections              : Reflections took 10 ms to scan 1 urls, producing 4 keys and 9 values 
18:30:09:417  INFO 16572 --- [main] org.reflections.Reflections              : Reflections took 7 ms to scan 1 urls, producing 3 keys and 10 values 
18:30:09:422  WARN 16572 --- [main] org.reflections.Reflections              : given scan urls are empty. set urls in the configuration
18:30:09:430  INFO 16572 --- [main] org.reflections.Reflections              : Reflections took 7 ms to scan 1 urls, producing 1 keys and 5 values 
18:30:09:443  INFO 16572 --- [main] org.reflections.Reflections              : Reflections took 10 ms to scan 1 urls, producing 1 keys and 7 values 
18:30:09:478  INFO 16572 --- [main] org.reflections.Reflections              : Reflections took 12 ms to scan 1 urls, producing 2 keys and 8 values 
18:30:09:481  WARN 16572 --- [main] org.reflections.Reflections              : given scan urls are empty. set urls in the configuration
18:30:09:483  INFO 16572 --- [main] com.alibaba.nacos.common.remote.client   : [ca62c3b8-21d7-4104-a1b7-d73af344ecbd] RpcClient init label, labels = {module=naming, source=sdk}
18:30:09:485  INFO 16572 --- [main] com.alibaba.nacos.common.remote.client   : [ca62c3b8-21d7-4104-a1b7-d73af344ecbd] RpcClient init, ServerListFactory = com.alibaba.nacos.client.naming.core.ServerListManager
18:30:09:486  INFO 16572 --- [main] com.alibaba.nacos.common.remote.client   : [ca62c3b8-21d7-4104-a1b7-d73af344ecbd] Registry connection listener to current client:com.alibaba.nacos.client.naming.remote.gprc.redo.NamingGrpcRedoService
18:30:09:486  INFO 16572 --- [main] com.alibaba.nacos.common.remote.client   : [ca62c3b8-21d7-4104-a1b7-d73af344ecbd] Register server push request handler:com.alibaba.nacos.client.naming.remote.gprc.NamingPushRequestHandler
18:30:09:488  INFO 16572 --- [main] com.alibaba.nacos.common.remote.client   : [ca62c3b8-21d7-4104-a1b7-d73af344ecbd] Try to connect to server on start up, server: {serverIp = '192.168.244.130', server main port = 8848}
18:30:10:699  INFO 16572 --- [main] com.alibaba.nacos.common.remote.client   : [ca62c3b8-21d7-4104-a1b7-d73af344ecbd] Success to connect to server [192.168.244.130:8848] on start up, connectionId = 1733740210918_192.168.244.1_62453
18:30:10:699  INFO 16572 --- [com.alibaba.nacos.client.remote.worker] com.alibaba.nacos.common.remote.client   : [ca62c3b8-21d7-4104-a1b7-d73af344ecbd] Notify connected event to listeners.
18:30:10:700  INFO 16572 --- [main] com.alibaba.nacos.common.remote.client   : [ca62c3b8-21d7-4104-a1b7-d73af344ecbd] Register server push request handler:com.alibaba.nacos.common.remote.client.RpcClient$ConnectResetRequestHandler
18:30:10:701  INFO 16572 --- [main] com.alibaba.nacos.common.remote.client   : [ca62c3b8-21d7-4104-a1b7-d73af344ecbd] Register server push request handler:com.alibaba.nacos.common.remote.client.RpcClient$$Lambda$1071/0x0000000800785840
18:30:10:749  INFO 16572 --- [main] o.s.b.w.embedded.tomcat.TomcatWebServer  : Tomcat started on port(s): 8086 (http) with context path ''
18:30:10:783  INFO 16572 --- [main] c.a.c.n.registry.NacosServiceRegistry    : nacos registry, DEFAULT_GROUP pay-service 192.168.229.1:8086 register finished
18:30:11:252  INFO 16572 --- [nacos-grpc-client-executor-10] com.alibaba.nacos.common.remote.client   : [ca62c3b8-21d7-4104-a1b7-d73af344ecbd] Receive server push request, request = NotifySubscriberRequest, requestId = 28
18:30:11:261  INFO 16572 --- [nacos-grpc-client-executor-10] com.alibaba.nacos.common.remote.client   : [ca62c3b8-21d7-4104-a1b7-d73af344ecbd] Ack server push request, request = NotifySubscriberRequest, requestId = 28
18:30:11:994  INFO 16572 --- [main] o.s.cloud.commons.util.InetUtils         : Cannot determine local hostname
18:30:11:995  INFO 16572 --- [main] d.s.w.p.DocumentationPluginsBootstrapper : Documentation plugins bootstrapped
18:30:11:997  INFO 16572 --- [main] d.s.w.p.DocumentationPluginsBootstrapper : Found 1 custom documentation plugin(s)
18:30:12:013  INFO 16572 --- [main] s.d.s.w.s.ApiListingReferenceScanner     : Scanning for api listing references
18:30:12:090  INFO 16572 --- [main] com.hmall.pay.PayApplication             : Started PayApplication in 10.028 seconds (JVM running for 10.986)
18:30:51:907  INFO 16572 --- [http-nio-8086-exec-1] o.a.c.c.C.[Tomcat].[localhost].[/]       : Initializing Spring DispatcherServlet 'dispatcherServlet'
18:30:51:908  INFO 16572 --- [http-nio-8086-exec-1] o.s.web.servlet.DispatcherServlet        : Initializing Servlet 'dispatcherServlet'
18:30:51:909  INFO 16572 --- [http-nio-8086-exec-1] o.s.web.servlet.DispatcherServlet        : Completed initialization in 1 ms
18:30:51:992  INFO 16572 --- [http-nio-8086-exec-1] com.zaxxer.hikari.HikariDataSource       : HikariPool-1 - Starting...
18:30:52:192  INFO 16572 --- [http-nio-8086-exec-1] com.zaxxer.hikari.HikariDataSource       : HikariPool-1 - Start completed.
18:30:52:197 DEBUG 16572 --- [http-nio-8086-exec-1] c.h.pay.mapper.PayOrderMapper.selectOne  : ==>  Preparing: SELECT id,biz_order_no,pay_order_no,biz_user_id,pay_channel_code,amount,pay_type,status,expand_json,result_code,result_msg,pay_success_time,pay_over_time,qr_code_url,create_time,update_time,creater,updater,is_delete FROM pay_order WHERE (biz_order_no = ?)
18:30:52:211 DEBUG 16572 --- [http-nio-8086-exec-1] c.h.pay.mapper.PayOrderMapper.selectOne  : ==> Parameters: 1866067982515036161(Long)
18:30:52:227 DEBUG 16572 --- [http-nio-8086-exec-1] c.h.pay.mapper.PayOrderMapper.selectOne  : <==      Total: 0
18:30:52:260 DEBUG 16572 --- [http-nio-8086-exec-1] c.h.pay.mapper.PayOrderMapper.insert     : ==>  Preparing: INSERT INTO pay_order ( id, biz_order_no, pay_order_no, biz_user_id, pay_channel_code, amount, pay_type, status, pay_over_time ) VALUES ( ?, ?, ?, ?, ?, ?, ?, ?, ? )
18:30:52:262 DEBUG 16572 --- [http-nio-8086-exec-1] c.h.pay.mapper.PayOrderMapper.insert     : ==> Parameters: 1866067985459408898(Long), 1866067982515036161(Long), 1866067985459408897(Long), 1(Long), balance(String), 13700(Integer), 5(Integer), 1(Integer), 2024-12-09T20:30:52.256824300(LocalDateTime)
18:30:52:267 DEBUG 16572 --- [http-nio-8086-exec-1] c.h.pay.mapper.PayOrderMapper.insert     : <==    Updates: 1
18:31:06:258 DEBUG 16572 --- [http-nio-8086-exec-2] c.h.p.mapper.PayOrderMapper.selectById   : ==>  Preparing: SELECT id,biz_order_no,pay_order_no,biz_user_id,pay_channel_code,amount,pay_type,status,expand_json,result_code,result_msg,pay_success_time,pay_over_time,qr_code_url,create_time,update_time,creater,updater,is_delete FROM pay_order WHERE id=?
18:31:06:259 DEBUG 16572 --- [http-nio-8086-exec-2] c.h.p.mapper.PayOrderMapper.selectById   : ==> Parameters: 1866067985459408898(Long)
18:31:06:263 DEBUG 16572 --- [http-nio-8086-exec-2] c.h.p.mapper.PayOrderMapper.selectById   : <==      Total: 1
18:31:06:265 DEBUG 16572 --- [http-nio-8086-exec-2] com.hmall.api.client.UserClient          : [UserClient#deductMoney] ---> PUT http://user-service/users/money/deduct?pw=123&amount=13700 HTTP/1.1
18:31:06:265 DEBUG 16572 --- [http-nio-8086-exec-2] com.hmall.api.client.UserClient          : [UserClient#deductMoney] user-info: 1
18:31:06:265 DEBUG 16572 --- [http-nio-8086-exec-2] com.hmall.api.client.UserClient          : [UserClient#deductMoney] ---> END HTTP (0-byte body)
18:31:06:423 DEBUG 16572 --- [http-nio-8086-exec-2] com.hmall.api.client.UserClient          : [UserClient#deductMoney] <--- HTTP/1.1 200 (158ms)
18:31:06:423 DEBUG 16572 --- [http-nio-8086-exec-2] com.hmall.api.client.UserClient          : [UserClient#deductMoney] connection: keep-alive
18:31:06:423 DEBUG 16572 --- [http-nio-8086-exec-2] com.hmall.api.client.UserClient          : [UserClient#deductMoney] content-length: 0
18:31:06:423 DEBUG 16572 --- [http-nio-8086-exec-2] com.hmall.api.client.UserClient          : [UserClient#deductMoney] date: Mon, 09 Dec 2024 10:31:06 GMT
18:31:06:423 DEBUG 16572 --- [http-nio-8086-exec-2] com.hmall.api.client.UserClient          : [UserClient#deductMoney] keep-alive: timeout=60
18:31:06:423 DEBUG 16572 --- [http-nio-8086-exec-2] com.hmall.api.client.UserClient          : [UserClient#deductMoney] 
18:31:06:423 DEBUG 16572 --- [http-nio-8086-exec-2] com.hmall.api.client.UserClient          : [UserClient#deductMoney] <--- END HTTP (0-byte body)
18:31:06:427 DEBUG 16572 --- [http-nio-8086-exec-2] c.h.pay.mapper.PayOrderMapper.update     : ==>  Preparing: UPDATE pay_order SET status=?,pay_success_time=? WHERE (id = ? AND status IN (?,?))
18:31:06:428 DEBUG 16572 --- [http-nio-8086-exec-2] c.h.pay.mapper.PayOrderMapper.update     : ==> Parameters: 3(Integer), 2024-12-09T18:31:06.424445600(LocalDateTime), 1866067985459408898(Long), 0(Integer), 1(Integer)
18:31:06:430 DEBUG 16572 --- [http-nio-8086-exec-2] c.h.pay.mapper.PayOrderMapper.update     : <==    Updates: 1
18:31:06:433  INFO 16572 --- [http-nio-8086-exec-2] o.s.a.r.c.CachingConnectionFactory       : Attempting to connect to: [localhost:5672]
18:31:06:472 ERROR 16572 --- [http-nio-8086-exec-2] c.h.p.service.impl.PayOrderServiceImpl   : 发送支付状态通知失败，订单id：1866067985459408898

org.springframework.amqp.AmqpConnectException: java.net.ConnectException: Connection refused: connect
	at org.springframework.amqp.rabbit.support.RabbitExceptionTranslator.convertRabbitAccessException(RabbitExceptionTranslator.java:61) ~[spring-rabbit-2.4.12.jar:2.4.12]
	at org.springframework.amqp.rabbit.connection.AbstractConnectionFactory.createBareConnection(AbstractConnectionFactory.java:603) ~[spring-rabbit-2.4.12.jar:2.4.12]
	at org.springframework.amqp.rabbit.connection.CachingConnectionFactory.createConnection(CachingConnectionFactory.java:725) ~[spring-rabbit-2.4.12.jar:2.4.12]
	at org.springframework.amqp.rabbit.connection.ConnectionFactoryUtils.createConnection(ConnectionFactoryUtils.java:252) ~[spring-rabbit-2.4.12.jar:2.4.12]
	at org.springframework.amqp.rabbit.core.RabbitTemplate.doExecute(RabbitTemplate.java:2210) ~[spring-rabbit-2.4.12.jar:2.4.12]
	at org.springframework.amqp.rabbit.core.RabbitTemplate.execute(RabbitTemplate.java:2183) ~[spring-rabbit-2.4.12.jar:2.4.12]
	at org.springframework.amqp.rabbit.core.RabbitTemplate.send(RabbitTemplate.java:1102) ~[spring-rabbit-2.4.12.jar:2.4.12]
	at org.springframework.amqp.rabbit.core.RabbitTemplate.convertAndSend(RabbitTemplate.java:1167) ~[spring-rabbit-2.4.12.jar:2.4.12]
	at org.springframework.amqp.rabbit.core.RabbitTemplate.convertAndSend(RabbitTemplate.java:1160) ~[spring-rabbit-2.4.12.jar:2.4.12]
	at com.hmall.pay.service.impl.PayOrderServiceImpl.tryPayOrderByBalance(PayOrderServiceImpl.java:74) ~[classes/:na]
	at com.hmall.pay.service.impl.PayOrderServiceImpl$$FastClassBySpringCGLIB$$b2062e7f.invoke(<generated>) ~[classes/:na]
	at org.springframework.cglib.proxy.MethodProxy.invoke(MethodProxy.java:218) ~[spring-core-5.3.27.jar:5.3.27]
	at org.springframework.aop.framework.CglibAopProxy$CglibMethodInvocation.invokeJoinpoint(CglibAopProxy.java:793) ~[spring-aop-5.3.27.jar:5.3.27]
	at org.springframework.aop.framework.ReflectiveMethodInvocation.proceed(ReflectiveMethodInvocation.java:163) ~[spring-aop-5.3.27.jar:5.3.27]
	at org.springframework.aop.framework.CglibAopProxy$CglibMethodInvocation.proceed(CglibAopProxy.java:763) ~[spring-aop-5.3.27.jar:5.3.27]
	at org.springframework.transaction.interceptor.TransactionInterceptor$1.proceedWithInvocation(TransactionInterceptor.java:123) ~[spring-tx-5.3.27.jar:5.3.27]
	at org.springframework.transaction.interceptor.TransactionAspectSupport.invokeWithinTransaction(TransactionAspectSupport.java:388) ~[spring-tx-5.3.27.jar:5.3.27]
	at org.springframework.transaction.interceptor.TransactionInterceptor.invoke(TransactionInterceptor.java:119) ~[spring-tx-5.3.27.jar:5.3.27]
	at org.springframework.aop.framework.ReflectiveMethodInvocation.proceed(ReflectiveMethodInvocation.java:186) ~[spring-aop-5.3.27.jar:5.3.27]
	at org.springframework.aop.framework.CglibAopProxy$CglibMethodInvocation.proceed(CglibAopProxy.java:763) ~[spring-aop-5.3.27.jar:5.3.27]
	at org.springframework.aop.framework.CglibAopProxy$DynamicAdvisedInterceptor.intercept(CglibAopProxy.java:708) ~[spring-aop-5.3.27.jar:5.3.27]
	at com.hmall.pay.service.impl.PayOrderServiceImpl$$EnhancerBySpringCGLIB$$60de48ef.tryPayOrderByBalance(<generated>) ~[classes/:na]
	at com.hmall.pay.controller.PayController.tryPayOrderByBalance(PayController.java:47) ~[classes/:na]
	at java.base/jdk.internal.reflect.NativeMethodAccessorImpl.invoke0(Native Method) ~[na:na]
	at java.base/jdk.internal.reflect.NativeMethodAccessorImpl.invoke(NativeMethodAccessorImpl.java:62) ~[na:na]
	at java.base/jdk.internal.reflect.DelegatingMethodAccessorImpl.invoke(DelegatingMethodAccessorImpl.java:43) ~[na:na]
	at java.base/java.lang.reflect.Method.invoke(Method.java:566) ~[na:na]
	at org.springframework.web.method.support.InvocableHandlerMethod.doInvoke(InvocableHandlerMethod.java:205) ~[spring-web-5.3.27.jar:5.3.27]
	at org.springframework.web.method.support.InvocableHandlerMethod.invokeForRequest(InvocableHandlerMethod.java:150) ~[spring-web-5.3.27.jar:5.3.27]
	at org.springframework.web.servlet.mvc.method.annotation.ServletInvocableHandlerMethod.invokeAndHandle(ServletInvocableHandlerMethod.java:117) ~[spring-webmvc-5.3.27.jar:5.3.27]
	at org.springframework.web.servlet.mvc.method.annotation.RequestMappingHandlerAdapter.invokeHandlerMethod(RequestMappingHandlerAdapter.java:895) ~[spring-webmvc-5.3.27.jar:5.3.27]
	at org.springframework.web.servlet.mvc.method.annotation.RequestMappingHandlerAdapter.handleInternal(RequestMappingHandlerAdapter.java:808) ~[spring-webmvc-5.3.27.jar:5.3.27]
	at org.springframework.web.servlet.mvc.method.AbstractHandlerMethodAdapter.handle(AbstractHandlerMethodAdapter.java:87) ~[spring-webmvc-5.3.27.jar:5.3.27]
	at org.springframework.web.servlet.DispatcherServlet.doDispatch(DispatcherServlet.java:1072) ~[spring-webmvc-5.3.27.jar:5.3.27]
	at org.springframework.web.servlet.DispatcherServlet.doService(DispatcherServlet.java:965) ~[spring-webmvc-5.3.27.jar:5.3.27]
	at org.springframework.web.servlet.FrameworkServlet.processRequest(FrameworkServlet.java:1006) ~[spring-webmvc-5.3.27.jar:5.3.27]
	at org.springframework.web.servlet.FrameworkServlet.doPost(FrameworkServlet.java:909) ~[spring-webmvc-5.3.27.jar:5.3.27]
	at javax.servlet.http.HttpServlet.service(HttpServlet.java:555) ~[tomcat-embed-core-9.0.75.jar:4.0.FR]
	at org.springframework.web.servlet.FrameworkServlet.service(FrameworkServlet.java:883) ~[spring-webmvc-5.3.27.jar:5.3.27]
	at javax.servlet.http.HttpServlet.service(HttpServlet.java:623) ~[tomcat-embed-core-9.0.75.jar:4.0.FR]
	at org.apache.catalina.core.ApplicationFilterChain.internalDoFilter(ApplicationFilterChain.java:209) ~[tomcat-embed-core-9.0.75.jar:9.0.75]
	at org.apache.catalina.core.ApplicationFilterChain.doFilter(ApplicationFilterChain.java:153) ~[tomcat-embed-core-9.0.75.jar:9.0.75]
	at org.apache.tomcat.websocket.server.WsFilter.doFilter(WsFilter.java:51) ~[tomcat-embed-websocket-9.0.75.jar:9.0.75]
	at org.apache.catalina.core.ApplicationFilterChain.internalDoFilter(ApplicationFilterChain.java:178) ~[tomcat-embed-core-9.0.75.jar:9.0.75]
	at org.apache.catalina.core.ApplicationFilterChain.doFilter(ApplicationFilterChain.java:153) ~[tomcat-embed-core-9.0.75.jar:9.0.75]
	at org.springframework.web.filter.RequestContextFilter.doFilterInternal(RequestContextFilter.java:100) ~[spring-web-5.3.27.jar:5.3.27]
	at org.springframework.web.filter.OncePerRequestFilter.doFilter(OncePerRequestFilter.java:117) ~[spring-web-5.3.27.jar:5.3.27]
	at org.apache.catalina.core.ApplicationFilterChain.internalDoFilter(ApplicationFilterChain.java:178) ~[tomcat-embed-core-9.0.75.jar:9.0.75]
	at org.apache.catalina.core.ApplicationFilterChain.doFilter(ApplicationFilterChain.java:153) ~[tomcat-embed-core-9.0.75.jar:9.0.75]
	at org.springframework.web.filter.FormContentFilter.doFilterInternal(FormContentFilter.java:93) ~[spring-web-5.3.27.jar:5.3.27]
	at org.springframework.web.filter.OncePerRequestFilter.doFilter(OncePerRequestFilter.java:117) ~[spring-web-5.3.27.jar:5.3.27]
	at org.apache.catalina.core.ApplicationFilterChain.internalDoFilter(ApplicationFilterChain.java:178) ~[tomcat-embed-core-9.0.75.jar:9.0.75]
	at org.apache.catalina.core.ApplicationFilterChain.doFilter(ApplicationFilterChain.java:153) ~[tomcat-embed-core-9.0.75.jar:9.0.75]
	at org.springframework.web.filter.CharacterEncodingFilter.doFilterInternal(CharacterEncodingFilter.java:201) ~[spring-web-5.3.27.jar:5.3.27]
	at org.springframework.web.filter.OncePerRequestFilter.doFilter(OncePerRequestFilter.java:117) ~[spring-web-5.3.27.jar:5.3.27]
	at org.apache.catalina.core.ApplicationFilterChain.internalDoFilter(ApplicationFilterChain.java:178) ~[tomcat-embed-core-9.0.75.jar:9.0.75]
	at org.apache.catalina.core.ApplicationFilterChain.doFilter(ApplicationFilterChain.java:153) ~[tomcat-embed-core-9.0.75.jar:9.0.75]
	at org.apache.catalina.core.StandardWrapperValve.invoke(StandardWrapperValve.java:167) ~[tomcat-embed-core-9.0.75.jar:9.0.75]
	at org.apache.catalina.core.StandardContextValve.invoke(StandardContextValve.java:90) ~[tomcat-embed-core-9.0.75.jar:9.0.75]
	at org.apache.catalina.authenticator.AuthenticatorBase.invoke(AuthenticatorBase.java:481) ~[tomcat-embed-core-9.0.75.jar:9.0.75]
	at org.apache.catalina.core.StandardHostValve.invoke(StandardHostValve.java:130) ~[tomcat-embed-core-9.0.75.jar:9.0.75]
	at org.apache.catalina.valves.ErrorReportValve.invoke(ErrorReportValve.java:93) ~[tomcat-embed-core-9.0.75.jar:9.0.75]
	at org.apache.catalina.core.StandardEngineValve.invoke(StandardEngineValve.java:74) ~[tomcat-embed-core-9.0.75.jar:9.0.75]
	at org.apache.catalina.connector.CoyoteAdapter.service(CoyoteAdapter.java:343) ~[tomcat-embed-core-9.0.75.jar:9.0.75]
	at org.apache.coyote.http11.Http11Processor.service(Http11Processor.java:390) ~[tomcat-embed-core-9.0.75.jar:9.0.75]
	at org.apache.coyote.AbstractProcessorLight.process(AbstractProcessorLight.java:63) ~[tomcat-embed-core-9.0.75.jar:9.0.75]
	at org.apache.coyote.AbstractProtocol$ConnectionHandler.process(AbstractProtocol.java:926) ~[tomcat-embed-core-9.0.75.jar:9.0.75]
	at org.apache.tomcat.util.net.NioEndpoint$SocketProcessor.doRun(NioEndpoint.java:1791) ~[tomcat-embed-core-9.0.75.jar:9.0.75]
	at org.apache.tomcat.util.net.SocketProcessorBase.run(SocketProcessorBase.java:52) ~[tomcat-embed-core-9.0.75.jar:9.0.75]
	at org.apache.tomcat.util.threads.ThreadPoolExecutor.runWorker(ThreadPoolExecutor.java:1191) ~[tomcat-embed-core-9.0.75.jar:9.0.75]
	at org.apache.tomcat.util.threads.ThreadPoolExecutor$Worker.run(ThreadPoolExecutor.java:659) ~[tomcat-embed-core-9.0.75.jar:9.0.75]
	at org.apache.tomcat.util.threads.TaskThread$WrappingRunnable.run(TaskThread.java:61) ~[tomcat-embed-core-9.0.75.jar:9.0.75]
	at java.base/java.lang.Thread.run(Thread.java:834) ~[na:na]
Caused by: java.net.ConnectException: Connection refused: connect
	at java.base/java.net.PlainSocketImpl.waitForConnect(Native Method) ~[na:na]
	at java.base/java.net.PlainSocketImpl.socketConnect(PlainSocketImpl.java:107) ~[na:na]
	at java.base/java.net.AbstractPlainSocketImpl.doConnect(AbstractPlainSocketImpl.java:412) ~[na:na]
	at java.base/java.net.AbstractPlainSocketImpl.connectToAddress(AbstractPlainSocketImpl.java:255) ~[na:na]
	at java.base/java.net.AbstractPlainSocketImpl.connect(AbstractPlainSocketImpl.java:237) ~[na:na]
	at java.base/java.net.SocksSocketImpl.connect(SocksSocketImpl.java:392) ~[na:na]
	at java.base/java.net.Socket.connect(Socket.java:608) ~[na:na]
	at com.rabbitmq.client.impl.SocketFrameHandlerFactory.create(SocketFrameHandlerFactory.java:60) ~[amqp-client-5.14.2.jar:5.14.2]
	at com.rabbitmq.client.ConnectionFactory.newConnection(ConnectionFactory.java:1223) ~[amqp-client-5.14.2.jar:5.14.2]
	at com.rabbitmq.client.ConnectionFactory.newConnection(ConnectionFactory.java:1173) ~[amqp-client-5.14.2.jar:5.14.2]
	at org.springframework.amqp.rabbit.connection.AbstractConnectionFactory.connectAddresses(AbstractConnectionFactory.java:641) ~[spring-rabbit-2.4.12.jar:2.4.12]
	at org.springframework.amqp.rabbit.connection.AbstractConnectionFactory.connect(AbstractConnectionFactory.java:616) ~[spring-rabbit-2.4.12.jar:2.4.12]
	at org.springframework.amqp.rabbit.connection.AbstractConnectionFactory.createBareConnection(AbstractConnectionFactory.java:566) ~[spring-rabbit-2.4.12.jar:2.4.12]
	... 71 common frames omitted

18:31:06:915  INFO 16572 --- [nacos-grpc-client-executor-27] com.alibaba.nacos.common.remote.client   : [ca62c3b8-21d7-4104-a1b7-d73af344ecbd] Receive server push request, request = NotifySubscriberRequest, requestId = 29
18:31:06:915  INFO 16572 --- [nacos-grpc-client-executor-27] com.alibaba.nacos.common.remote.client   : [ca62c3b8-21d7-4104-a1b7-d73af344ecbd] Ack server push request, request = NotifySubscriberRequest, requestId = 29
18:33:12:596  WARN 16572 --- [Thread-4] c.a.nacos.common.notify.NotifyCenter     : [NotifyCenter] Start destroying Publisher
18:33:12:596  WARN 16572 --- [Thread-7] c.a.n.common.http.HttpClientBeanHolder   : [HttpClientBeanHolder] Start destroying common HttpClient
18:33:12:596  WARN 16572 --- [Thread-4] c.a.nacos.common.notify.NotifyCenter     : [NotifyCenter] Destruction of the end
18:33:12:597  WARN 16572 --- [Thread-7] c.a.n.common.http.HttpClientBeanHolder   : [HttpClientBeanHolder] Destruction of the end
18:33:12:759  INFO 16572 --- [SpringApplicationShutdownHook] c.a.c.n.registry.NacosServiceRegistry    : De-registering from Nacos Server now...
18:33:12:771  INFO 16572 --- [SpringApplicationShutdownHook] c.a.c.n.registry.NacosServiceRegistry    : De-registration finished.
18:33:13:094  INFO 16572 --- [SpringApplicationShutdownHook] com.alibaba.nacos.common.remote.client   : Shutdown rpc client, set status to shutdown
18:33:13:094  INFO 16572 --- [SpringApplicationShutdownHook] com.alibaba.nacos.common.remote.client   : Shutdown client event executor java.util.concurrent.ScheduledThreadPoolExecutor@62e756ad[Running, pool size = 2, active threads = 2, queued tasks = 0, completed tasks = 0]
18:33:13:094  INFO 16572 --- [SpringApplicationShutdownHook] com.alibaba.nacos.common.remote.client   : Close current connection 1733740210918_192.168.244.1_62453
18:33:13:096  INFO 16572 --- [nacos-grpc-client-executor-64] c.a.n.c.remote.client.grpc.GrpcClient    : [1733740210918_192.168.244.1_62453]Ignore complete event,isRunning:false,isAbandon=false
18:33:13:098  INFO 16572 --- [SpringApplicationShutdownHook] c.a.n.c.remote.client.grpc.GrpcClient    : Shutdown grpc executor java.util.concurrent.ThreadPoolExecutor@3ab45a76[Running, pool size = 10, active threads = 0, queued tasks = 0, completed tasks = 65]
18:33:13:102  INFO 16572 --- [SpringApplicationShutdownHook] com.zaxxer.hikari.HikariDataSource       : HikariPool-1 - Shutdown initiated...
18:33:13:116  INFO 16572 --- [SpringApplicationShutdownHook] com.zaxxer.hikari.HikariDataSource       : HikariPool-1 - Shutdown completed.
18:33:17:257  INFO 20624 --- [main] com.hmall.pay.PayApplication             : Starting PayApplication using Java 11.0.23 on 130com with PID 20624 (D:\workspace\stuspace\javaProject\hm-mall\hmall\pay-service\target\classes started by xi in D:\workspace\stuspace\javaProject\hm-mall\hmall)
18:33:17:258 DEBUG 20624 --- [main] com.hmall.pay.PayApplication             : Running with Spring Boot v2.7.12, Spring v5.3.27
18:33:17:259  INFO 20624 --- [main] com.hmall.pay.PayApplication             : The following 1 profile is active: "local"
18:33:17:946  INFO 20624 --- [main] o.s.cloud.context.scope.GenericScope     : BeanFactory id=3ca7418c-d5dd-3997-baa2-cb984f7a25f2
18:33:18:179  INFO 20624 --- [main] o.s.b.w.embedded.tomcat.TomcatWebServer  : Tomcat initialized with port(s): 8086 (http)
18:33:18:186  INFO 20624 --- [main] o.apache.catalina.core.StandardService   : Starting service [Tomcat]
18:33:18:186  INFO 20624 --- [main] org.apache.catalina.core.StandardEngine  : Starting Servlet engine: [Apache Tomcat/9.0.75]
18:33:18:286  INFO 20624 --- [main] o.a.c.c.C.[Tomcat].[localhost].[/]       : Initializing Spring embedded WebApplicationContext
18:33:18:286  INFO 20624 --- [main] w.s.c.ServletWebServerApplicationContext : Root WebApplicationContext: initialization completed in 999 ms
18:33:18:429  INFO 20624 --- [main] o.s.c.openfeign.FeignClientFactoryBean   : For 'user-service' URL not provided. Will try picking an instance via load-balancing.
18:33:20:633  INFO 20624 --- [main] o.s.cloud.commons.util.InetUtils         : Cannot determine local hostname
18:33:20:652  INFO 20624 --- [main] pertySourcedRequestMappingHandlerMapping : Mapped URL path [/v2/api-docs] onto method [springfox.documentation.swagger2.web.Swagger2ControllerWebMvc#getDocumentation(String, HttpServletRequest)]
18:33:21:897  INFO 20624 --- [main] o.s.cloud.commons.util.InetUtils         : Cannot determine local hostname
18:33:22:024  INFO 20624 --- [main] com.alibaba.nacos.common.remote.client   : [RpcClientFactory] create a new rpc client of ccd34ae1-6e6f-45cd-beda-40874100ea93
18:33:22:052  INFO 20624 --- [main] org.reflections.Reflections              : Reflections took 16 ms to scan 1 urls, producing 3 keys and 6 values 
18:33:22:070  INFO 20624 --- [main] org.reflections.Reflections              : Reflections took 8 ms to scan 1 urls, producing 4 keys and 9 values 
18:33:22:079  INFO 20624 --- [main] org.reflections.Reflections              : Reflections took 6 ms to scan 1 urls, producing 3 keys and 10 values 
18:33:22:082  WARN 20624 --- [main] org.reflections.Reflections              : given scan urls are empty. set urls in the configuration
18:33:22:088  INFO 20624 --- [main] org.reflections.Reflections              : Reflections took 6 ms to scan 1 urls, producing 1 keys and 5 values 
18:33:22:096  INFO 20624 --- [main] org.reflections.Reflections              : Reflections took 6 ms to scan 1 urls, producing 1 keys and 7 values 
18:33:22:113  INFO 20624 --- [main] org.reflections.Reflections              : Reflections took 15 ms to scan 1 urls, producing 2 keys and 8 values 
18:33:22:115  WARN 20624 --- [main] org.reflections.Reflections              : given scan urls are empty. set urls in the configuration
18:33:22:116  INFO 20624 --- [main] com.alibaba.nacos.common.remote.client   : [ccd34ae1-6e6f-45cd-beda-40874100ea93] RpcClient init label, labels = {module=naming, source=sdk}
18:33:22:118  INFO 20624 --- [main] com.alibaba.nacos.common.remote.client   : [ccd34ae1-6e6f-45cd-beda-40874100ea93] RpcClient init, ServerListFactory = com.alibaba.nacos.client.naming.core.ServerListManager
18:33:22:118  INFO 20624 --- [main] com.alibaba.nacos.common.remote.client   : [ccd34ae1-6e6f-45cd-beda-40874100ea93] Registry connection listener to current client:com.alibaba.nacos.client.naming.remote.gprc.redo.NamingGrpcRedoService
18:33:22:118  INFO 20624 --- [main] com.alibaba.nacos.common.remote.client   : [ccd34ae1-6e6f-45cd-beda-40874100ea93] Register server push request handler:com.alibaba.nacos.client.naming.remote.gprc.NamingPushRequestHandler
18:33:22:119  INFO 20624 --- [main] com.alibaba.nacos.common.remote.client   : [ccd34ae1-6e6f-45cd-beda-40874100ea93] Try to connect to server on start up, server: {serverIp = '192.168.244.130', server main port = 8848}
18:33:23:025  INFO 20624 --- [main] com.alibaba.nacos.common.remote.client   : [ccd34ae1-6e6f-45cd-beda-40874100ea93] Success to connect to server [192.168.244.130:8848] on start up, connectionId = 1733740403249_192.168.244.1_62950
18:33:23:026  INFO 20624 --- [com.alibaba.nacos.client.remote.worker] com.alibaba.nacos.common.remote.client   : [ccd34ae1-6e6f-45cd-beda-40874100ea93] Notify connected event to listeners.
18:33:23:026  INFO 20624 --- [main] com.alibaba.nacos.common.remote.client   : [ccd34ae1-6e6f-45cd-beda-40874100ea93] Register server push request handler:com.alibaba.nacos.common.remote.client.RpcClient$ConnectResetRequestHandler
18:33:23:027  INFO 20624 --- [main] com.alibaba.nacos.common.remote.client   : [ccd34ae1-6e6f-45cd-beda-40874100ea93] Register server push request handler:com.alibaba.nacos.common.remote.client.RpcClient$$Lambda$1071/0x0000000800787c40
18:33:23:071  INFO 20624 --- [main] o.s.b.w.embedded.tomcat.TomcatWebServer  : Tomcat started on port(s): 8086 (http) with context path ''
18:33:23:080  INFO 20624 --- [main] c.a.c.n.registry.NacosServiceRegistry    : nacos registry, DEFAULT_GROUP pay-service 192.168.229.1:8086 register finished
18:33:23:639  INFO 20624 --- [nacos-grpc-client-executor-9] com.alibaba.nacos.common.remote.client   : [ccd34ae1-6e6f-45cd-beda-40874100ea93] Receive server push request, request = NotifySubscriberRequest, requestId = 32
18:33:23:647  INFO 20624 --- [nacos-grpc-client-executor-9] com.alibaba.nacos.common.remote.client   : [ccd34ae1-6e6f-45cd-beda-40874100ea93] Ack server push request, request = NotifySubscriberRequest, requestId = 32
18:33:24:257  INFO 20624 --- [main] o.s.cloud.commons.util.InetUtils         : Cannot determine local hostname
18:33:24:257  INFO 20624 --- [main] d.s.w.p.DocumentationPluginsBootstrapper : Documentation plugins bootstrapped
18:33:24:259  INFO 20624 --- [main] d.s.w.p.DocumentationPluginsBootstrapper : Found 1 custom documentation plugin(s)
18:33:24:274  INFO 20624 --- [main] s.d.s.w.s.ApiListingReferenceScanner     : Scanning for api listing references
18:33:24:331  INFO 20624 --- [main] com.hmall.pay.PayApplication             : Started PayApplication in 8.854 seconds (JVM running for 9.744)
18:33:37:353  INFO 20624 --- [http-nio-8086-exec-2] o.a.c.c.C.[Tomcat].[localhost].[/]       : Initializing Spring DispatcherServlet 'dispatcherServlet'
18:33:37:353  INFO 20624 --- [http-nio-8086-exec-2] o.s.web.servlet.DispatcherServlet        : Initializing Servlet 'dispatcherServlet'
18:33:37:354  INFO 20624 --- [http-nio-8086-exec-2] o.s.web.servlet.DispatcherServlet        : Completed initialization in 1 ms
18:33:37:450  INFO 20624 --- [http-nio-8086-exec-2] com.zaxxer.hikari.HikariDataSource       : HikariPool-1 - Starting...
18:33:37:631  INFO 20624 --- [http-nio-8086-exec-2] com.zaxxer.hikari.HikariDataSource       : HikariPool-1 - Start completed.
18:33:37:640 DEBUG 20624 --- [http-nio-8086-exec-2] c.h.pay.mapper.PayOrderMapper.selectOne  : ==>  Preparing: SELECT id,biz_order_no,pay_order_no,biz_user_id,pay_channel_code,amount,pay_type,status,expand_json,result_code,result_msg,pay_success_time,pay_over_time,qr_code_url,create_time,update_time,creater,updater,is_delete FROM pay_order WHERE (biz_order_no = ?)
18:33:37:659 DEBUG 20624 --- [http-nio-8086-exec-2] c.h.pay.mapper.PayOrderMapper.selectOne  : ==> Parameters: 1866068676965949442(Long)
18:33:37:676 DEBUG 20624 --- [http-nio-8086-exec-2] c.h.pay.mapper.PayOrderMapper.selectOne  : <==      Total: 0
18:33:37:711 DEBUG 20624 --- [http-nio-8086-exec-2] c.h.pay.mapper.PayOrderMapper.insert     : ==>  Preparing: INSERT INTO pay_order ( id, biz_order_no, pay_order_no, biz_user_id, pay_channel_code, amount, pay_type, status, pay_over_time ) VALUES ( ?, ?, ?, ?, ?, ?, ?, ?, ? )
18:33:37:713 DEBUG 20624 --- [http-nio-8086-exec-2] c.h.pay.mapper.PayOrderMapper.insert     : ==> Parameters: 1866068679411130370(Long), 1866068676965949442(Long), 1866068679411130369(Long), 1(Long), balance(String), 368800(Integer), 5(Integer), 1(Integer), 2024-12-09T20:33:37.707449(LocalDateTime)
18:33:37:718 DEBUG 20624 --- [http-nio-8086-exec-2] c.h.pay.mapper.PayOrderMapper.insert     : <==    Updates: 1
18:33:57:516 DEBUG 20624 --- [http-nio-8086-exec-1] c.h.p.mapper.PayOrderMapper.selectById   : ==>  Preparing: SELECT id,biz_order_no,pay_order_no,biz_user_id,pay_channel_code,amount,pay_type,status,expand_json,result_code,result_msg,pay_success_time,pay_over_time,qr_code_url,create_time,update_time,creater,updater,is_delete FROM pay_order WHERE id=?
18:33:57:516 DEBUG 20624 --- [http-nio-8086-exec-1] c.h.p.mapper.PayOrderMapper.selectById   : ==> Parameters: 1866068679411130370(Long)
18:33:57:521 DEBUG 20624 --- [http-nio-8086-exec-1] c.h.p.mapper.PayOrderMapper.selectById   : <==      Total: 1
18:33:57:524 DEBUG 20624 --- [http-nio-8086-exec-1] com.hmall.api.client.UserClient          : [UserClient#deductMoney] ---> PUT http://user-service/users/money/deduct?pw=123&amount=368800 HTTP/1.1
18:33:57:524 DEBUG 20624 --- [http-nio-8086-exec-1] com.hmall.api.client.UserClient          : [UserClient#deductMoney] user-info: 1
18:33:57:524 DEBUG 20624 --- [http-nio-8086-exec-1] com.hmall.api.client.UserClient          : [UserClient#deductMoney] ---> END HTTP (0-byte body)
18:33:57:711 DEBUG 20624 --- [http-nio-8086-exec-1] com.hmall.api.client.UserClient          : [UserClient#deductMoney] <--- HTTP/1.1 200 (186ms)
18:33:57:711 DEBUG 20624 --- [http-nio-8086-exec-1] com.hmall.api.client.UserClient          : [UserClient#deductMoney] connection: keep-alive
18:33:57:711 DEBUG 20624 --- [http-nio-8086-exec-1] com.hmall.api.client.UserClient          : [UserClient#deductMoney] content-length: 0
18:33:57:711 DEBUG 20624 --- [http-nio-8086-exec-1] com.hmall.api.client.UserClient          : [UserClient#deductMoney] date: Mon, 09 Dec 2024 10:33:57 GMT
18:33:57:711 DEBUG 20624 --- [http-nio-8086-exec-1] com.hmall.api.client.UserClient          : [UserClient#deductMoney] keep-alive: timeout=60
18:33:57:711 DEBUG 20624 --- [http-nio-8086-exec-1] com.hmall.api.client.UserClient          : [UserClient#deductMoney] 
18:33:57:711 DEBUG 20624 --- [http-nio-8086-exec-1] com.hmall.api.client.UserClient          : [UserClient#deductMoney] <--- END HTTP (0-byte body)
18:33:57:715 DEBUG 20624 --- [http-nio-8086-exec-1] c.h.pay.mapper.PayOrderMapper.update     : ==>  Preparing: UPDATE pay_order SET status=?,pay_success_time=? WHERE (id = ? AND status IN (?,?))
18:33:57:716 DEBUG 20624 --- [http-nio-8086-exec-1] c.h.pay.mapper.PayOrderMapper.update     : ==> Parameters: 3(Integer), 2024-12-09T18:33:57.711840(LocalDateTime), 1866068679411130370(Long), 0(Integer), 1(Integer)
18:33:57:719 DEBUG 20624 --- [http-nio-8086-exec-1] c.h.pay.mapper.PayOrderMapper.update     : <==    Updates: 1
18:33:57:725  INFO 20624 --- [http-nio-8086-exec-1] o.s.a.r.c.CachingConnectionFactory       : Attempting to connect to: [192.168.244.130:5672]
18:33:57:774  INFO 20624 --- [http-nio-8086-exec-1] o.s.a.r.c.CachingConnectionFactory       : Created new connection: rabbitConnectionFactory#1f39269d:0/SimpleConnection@6fc62828 [delegate=amqp://hmall@192.168.244.130:5672//hmall, localPort= 63054]
18:33:58:113  INFO 20624 --- [nacos-grpc-client-executor-21] com.alibaba.nacos.common.remote.client   : [ccd34ae1-6e6f-45cd-beda-40874100ea93] Receive server push request, request = NotifySubscriberRequest, requestId = 33
18:33:58:113  INFO 20624 --- [nacos-grpc-client-executor-21] com.alibaba.nacos.common.remote.client   : [ccd34ae1-6e6f-45cd-beda-40874100ea93] Ack server push request, request = NotifySubscriberRequest, requestId = 33
18:41:17:226 DEBUG 20624 --- [http-nio-8086-exec-4] c.h.pay.mapper.PayOrderMapper.selectOne  : ==>  Preparing: SELECT id,biz_order_no,pay_order_no,biz_user_id,pay_channel_code,amount,pay_type,status,expand_json,result_code,result_msg,pay_success_time,pay_over_time,qr_code_url,create_time,update_time,creater,updater,is_delete FROM pay_order WHERE (biz_order_no = ?)
18:41:17:227 DEBUG 20624 --- [http-nio-8086-exec-4] c.h.pay.mapper.PayOrderMapper.selectOne  : ==> Parameters: 1866070604319916033(Long)
18:41:17:228 DEBUG 20624 --- [http-nio-8086-exec-4] c.h.pay.mapper.PayOrderMapper.selectOne  : <==      Total: 0
18:41:17:230 DEBUG 20624 --- [http-nio-8086-exec-4] c.h.pay.mapper.PayOrderMapper.insert     : ==>  Preparing: INSERT INTO pay_order ( id, biz_order_no, pay_order_no, biz_user_id, pay_channel_code, amount, pay_type, status, pay_over_time ) VALUES ( ?, ?, ?, ?, ?, ?, ?, ?, ? )
18:41:17:230 DEBUG 20624 --- [http-nio-8086-exec-4] c.h.pay.mapper.PayOrderMapper.insert     : ==> Parameters: 1866070606727372803(Long), 1866070604319916033(Long), 1866070606727372802(Long), 1(Long), balance(String), 889400(Integer), 5(Integer), 1(Integer), 2024-12-09T20:41:17.229286600(LocalDateTime)
18:41:17:233 DEBUG 20624 --- [http-nio-8086-exec-4] c.h.pay.mapper.PayOrderMapper.insert     : <==    Updates: 1
18:41:29:593 DEBUG 20624 --- [http-nio-8086-exec-5] c.h.p.mapper.PayOrderMapper.selectById   : ==>  Preparing: SELECT id,biz_order_no,pay_order_no,biz_user_id,pay_channel_code,amount,pay_type,status,expand_json,result_code,result_msg,pay_success_time,pay_over_time,qr_code_url,create_time,update_time,creater,updater,is_delete FROM pay_order WHERE id=?
18:41:29:594 DEBUG 20624 --- [http-nio-8086-exec-5] c.h.p.mapper.PayOrderMapper.selectById   : ==> Parameters: 1866070606727372803(Long)
18:41:29:600 DEBUG 20624 --- [http-nio-8086-exec-5] c.h.p.mapper.PayOrderMapper.selectById   : <==      Total: 1
18:41:29:601 DEBUG 20624 --- [http-nio-8086-exec-5] com.hmall.api.client.UserClient          : [UserClient#deductMoney] ---> PUT http://user-service/users/money/deduct?pw=123&amount=889400 HTTP/1.1
18:41:29:601 DEBUG 20624 --- [http-nio-8086-exec-5] com.hmall.api.client.UserClient          : [UserClient#deductMoney] user-info: 1
18:41:29:601 DEBUG 20624 --- [http-nio-8086-exec-5] com.hmall.api.client.UserClient          : [UserClient#deductMoney] ---> END HTTP (0-byte body)
18:41:29:686 DEBUG 20624 --- [http-nio-8086-exec-5] com.hmall.api.client.UserClient          : [UserClient#deductMoney] <--- HTTP/1.1 200 (85ms)
18:41:29:686 DEBUG 20624 --- [http-nio-8086-exec-5] com.hmall.api.client.UserClient          : [UserClient#deductMoney] connection: keep-alive
18:41:29:686 DEBUG 20624 --- [http-nio-8086-exec-5] com.hmall.api.client.UserClient          : [UserClient#deductMoney] content-length: 0
18:41:29:686 DEBUG 20624 --- [http-nio-8086-exec-5] com.hmall.api.client.UserClient          : [UserClient#deductMoney] date: Mon, 09 Dec 2024 10:41:29 GMT
18:41:29:686 DEBUG 20624 --- [http-nio-8086-exec-5] com.hmall.api.client.UserClient          : [UserClient#deductMoney] keep-alive: timeout=60
18:41:29:686 DEBUG 20624 --- [http-nio-8086-exec-5] com.hmall.api.client.UserClient          : [UserClient#deductMoney] 
18:41:29:686 DEBUG 20624 --- [http-nio-8086-exec-5] com.hmall.api.client.UserClient          : [UserClient#deductMoney] <--- END HTTP (0-byte body)
18:41:29:688 DEBUG 20624 --- [http-nio-8086-exec-5] c.h.pay.mapper.PayOrderMapper.update     : ==>  Preparing: UPDATE pay_order SET status=?,pay_success_time=? WHERE (id = ? AND status IN (?,?))
18:41:29:689 DEBUG 20624 --- [http-nio-8086-exec-5] c.h.pay.mapper.PayOrderMapper.update     : ==> Parameters: 3(Integer), 2024-12-09T18:41:29.686681500(LocalDateTime), 1866070606727372803(Long), 0(Integer), 1(Integer)
18:41:29:694 DEBUG 20624 --- [http-nio-8086-exec-5] c.h.pay.mapper.PayOrderMapper.update     : <==    Updates: 1
19:12:05:689  WARN 20624 --- [Thread-7] c.a.n.common.http.HttpClientBeanHolder   : [HttpClientBeanHolder] Start destroying common HttpClient
19:12:05:689  WARN 20624 --- [Thread-4] c.a.nacos.common.notify.NotifyCenter     : [NotifyCenter] Start destroying Publisher
19:12:05:690  WARN 20624 --- [Thread-4] c.a.nacos.common.notify.NotifyCenter     : [NotifyCenter] Destruction of the end
19:12:05:690  WARN 20624 --- [Thread-7] c.a.n.common.http.HttpClientBeanHolder   : [HttpClientBeanHolder] Destruction of the end
19:12:05:843  INFO 20624 --- [SpringApplicationShutdownHook] c.a.c.n.registry.NacosServiceRegistry    : De-registering from Nacos Server now...
19:12:05:848  INFO 20624 --- [SpringApplicationShutdownHook] c.a.c.n.registry.NacosServiceRegistry    : De-registration finished.
19:12:06:178  INFO 20624 --- [SpringApplicationShutdownHook] com.alibaba.nacos.common.remote.client   : Shutdown rpc client, set status to shutdown
19:12:06:178  INFO 20624 --- [SpringApplicationShutdownHook] com.alibaba.nacos.common.remote.client   : Shutdown client event executor java.util.concurrent.ScheduledThreadPoolExecutor@249f76da[Running, pool size = 2, active threads = 2, queued tasks = 0, completed tasks = 0]
19:12:06:178  INFO 20624 --- [SpringApplicationShutdownHook] com.alibaba.nacos.common.remote.client   : Close current connection 1733740403249_192.168.244.1_62950
19:12:06:180  INFO 20624 --- [nacos-grpc-client-executor-542] c.a.n.c.remote.client.grpc.GrpcClient    : [1733740403249_192.168.244.1_62950]Ignore complete event,isRunning:false,isAbandon=false
19:12:06:181  INFO 20624 --- [SpringApplicationShutdownHook] c.a.n.c.remote.client.grpc.GrpcClient    : Shutdown grpc executor java.util.concurrent.ThreadPoolExecutor@4c62a5ad[Running, pool size = 5, active threads = 0, queued tasks = 0, completed tasks = 543]
19:12:06:185  INFO 20624 --- [SpringApplicationShutdownHook] com.zaxxer.hikari.HikariDataSource       : HikariPool-1 - Shutdown initiated...
19:12:06:198  INFO 20624 --- [SpringApplicationShutdownHook] com.zaxxer.hikari.HikariDataSource       : HikariPool-1 - Shutdown completed.
