17:59:47:262  INFO 18312 --- [main] com.hmall.gateway.GatewayApplication     : The following 1 profile is active: "dev"
17:59:48:465 ERROR 18312 --- [main] o.s.boot.SpringApplication               : Application run failed

java.lang.IllegalStateException: Error processing condition on org.springframework.boot.autoconfigure.jmx.JmxAutoConfiguration.mbeanExporter
	at org.springframework.boot.autoconfigure.condition.SpringBootCondition.matches(SpringBootCondition.java:60) ~[spring-boot-autoconfigure-2.7.12.jar:2.7.12]
	at org.springframework.context.annotation.ConditionEvaluator.shouldSkip(ConditionEvaluator.java:108) ~[spring-context-5.3.27.jar:5.3.27]
	at org.springframework.context.annotation.ConfigurationClassBeanDefinitionReader.loadBeanDefinitionsForBeanMethod(ConfigurationClassBeanDefinitionReader.java:193) ~[spring-context-5.3.27.jar:5.3.27]
	at org.springframework.context.annotation.ConfigurationClassBeanDefinitionReader.loadBeanDefinitionsForConfigurationClass(ConfigurationClassBeanDefinitionReader.java:153) ~[spring-context-5.3.27.jar:5.3.27]
	at org.springframework.context.annotation.ConfigurationClassBeanDefinitionReader.loadBeanDefinitions(ConfigurationClassBeanDefinitionReader.java:129) ~[spring-context-5.3.27.jar:5.3.27]
	at org.springframework.context.annotation.ConfigurationClassPostProcessor.processConfigBeanDefinitions(ConfigurationClassPostProcessor.java:343) ~[spring-context-5.3.27.jar:5.3.27]
	at org.springframework.context.annotation.ConfigurationClassPostProcessor.postProcessBeanDefinitionRegistry(ConfigurationClassPostProcessor.java:247) ~[spring-context-5.3.27.jar:5.3.27]
	at org.springframework.context.support.PostProcessorRegistrationDelegate.invokeBeanDefinitionRegistryPostProcessors(PostProcessorRegistrationDelegate.java:311) ~[spring-context-5.3.27.jar:5.3.27]
	at org.springframework.context.support.PostProcessorRegistrationDelegate.invokeBeanFactoryPostProcessors(PostProcessorRegistrationDelegate.java:112) ~[spring-context-5.3.27.jar:5.3.27]
	at org.springframework.context.support.AbstractApplicationContext.invokeBeanFactoryPostProcessors(AbstractApplicationContext.java:748) ~[spring-context-5.3.27.jar:5.3.27]
	at org.springframework.context.support.AbstractApplicationContext.refresh(AbstractApplicationContext.java:564) ~[spring-context-5.3.27.jar:5.3.27]
	at org.springframework.boot.web.reactive.context.ReactiveWebServerApplicationContext.refresh(ReactiveWebServerApplicationContext.java:66) ~[spring-boot-2.7.12.jar:2.7.12]
	at org.springframework.boot.SpringApplication.refresh(SpringApplication.java:731) ~[spring-boot-2.7.12.jar:2.7.12]
	at org.springframework.boot.SpringApplication.refreshContext(SpringApplication.java:408) ~[spring-boot-2.7.12.jar:2.7.12]
	at org.springframework.boot.SpringApplication.run(SpringApplication.java:307) ~[spring-boot-2.7.12.jar:2.7.12]
	at org.springframework.boot.SpringApplication.run(SpringApplication.java:1303) ~[spring-boot-2.7.12.jar:2.7.12]
	at org.springframework.boot.SpringApplication.run(SpringApplication.java:1292) ~[spring-boot-2.7.12.jar:2.7.12]
	at com.hmall.gateway.GatewayApplication.main(GatewayApplication.java:14) ~[classes/:na]
Caused by: java.lang.IllegalStateException: Failed to introspect Class [com.hmall.common.config.MqConfig] from ClassLoader [jdk.internal.loader.ClassLoaders$AppClassLoader@1f89ab83]
	at org.springframework.util.ReflectionUtils.getDeclaredMethods(ReflectionUtils.java:485) ~[spring-core-5.3.27.jar:5.3.27]
	at org.springframework.util.ReflectionUtils.doWithMethods(ReflectionUtils.java:361) ~[spring-core-5.3.27.jar:5.3.27]
	at org.springframework.util.ReflectionUtils.getUniqueDeclaredMethods(ReflectionUtils.java:418) ~[spring-core-5.3.27.jar:5.3.27]
	at org.springframework.beans.factory.support.AbstractAutowireCapableBeanFactory.lambda$getTypeForFactoryMethod$2(AbstractAutowireCapableBeanFactory.java:765) ~[spring-beans-5.3.27.jar:5.3.27]
	at java.base/java.util.concurrent.ConcurrentHashMap.computeIfAbsent(ConcurrentHashMap.java:1737) ~[na:na]
	at org.springframework.beans.factory.support.AbstractAutowireCapableBeanFactory.getTypeForFactoryMethod(AbstractAutowireCapableBeanFactory.java:764) ~[spring-beans-5.3.27.jar:5.3.27]
	at org.springframework.beans.factory.support.AbstractAutowireCapableBeanFactory.determineTargetType(AbstractAutowireCapableBeanFactory.java:703) ~[spring-beans-5.3.27.jar:5.3.27]
	at org.springframework.beans.factory.support.AbstractAutowireCapableBeanFactory.predictBeanType(AbstractAutowireCapableBeanFactory.java:674) ~[spring-beans-5.3.27.jar:5.3.27]
	at org.springframework.beans.factory.support.AbstractBeanFactory.isFactoryBean(AbstractBeanFactory.java:1684) ~[spring-beans-5.3.27.jar:5.3.27]
	at org.springframework.beans.factory.support.DefaultListableBeanFactory.doGetBeanNamesForType(DefaultListableBeanFactory.java:570) ~[spring-beans-5.3.27.jar:5.3.27]
	at org.springframework.beans.factory.support.DefaultListableBeanFactory.getBeanNamesForType(DefaultListableBeanFactory.java:542) ~[spring-beans-5.3.27.jar:5.3.27]
	at org.springframework.boot.autoconfigure.condition.OnBeanCondition.collectBeanNamesForType(OnBeanCondition.java:246) ~[spring-boot-autoconfigure-2.7.12.jar:2.7.12]
	at org.springframework.boot.autoconfigure.condition.OnBeanCondition.getBeanNamesForType(OnBeanCondition.java:239) ~[spring-boot-autoconfigure-2.7.12.jar:2.7.12]
	at org.springframework.boot.autoconfigure.condition.OnBeanCondition.getBeanNamesForType(OnBeanCondition.java:229) ~[spring-boot-autoconfigure-2.7.12.jar:2.7.12]
	at org.springframework.boot.autoconfigure.condition.OnBeanCondition.getMatchingBeans(OnBeanCondition.java:182) ~[spring-boot-autoconfigure-2.7.12.jar:2.7.12]
	at org.springframework.boot.autoconfigure.condition.OnBeanCondition.getMatchOutcome(OnBeanCondition.java:157) ~[spring-boot-autoconfigure-2.7.12.jar:2.7.12]
	at org.springframework.boot.autoconfigure.condition.SpringBootCondition.matches(SpringBootCondition.java:47) ~[spring-boot-autoconfigure-2.7.12.jar:2.7.12]
	... 17 common frames omitted
Caused by: java.lang.NoClassDefFoundError: org/springframework/amqp/support/converter/MessageConverter
	at java.base/java.lang.Class.getDeclaredMethods0(Native Method) ~[na:na]
	at java.base/java.lang.Class.privateGetDeclaredMethods(Class.java:3166) ~[na:na]
	at java.base/java.lang.Class.getDeclaredMethods(Class.java:2309) ~[na:na]
	at org.springframework.util.ReflectionUtils.getDeclaredMethods(ReflectionUtils.java:467) ~[spring-core-5.3.27.jar:5.3.27]
	... 33 common frames omitted
Caused by: java.lang.ClassNotFoundException: org.springframework.amqp.support.converter.MessageConverter
	at java.base/jdk.internal.loader.BuiltinClassLoader.loadClass(BuiltinClassLoader.java:581) ~[na:na]
	at java.base/jdk.internal.loader.ClassLoaders$AppClassLoader.loadClass(ClassLoaders.java:178) ~[na:na]
	at java.base/java.lang.ClassLoader.loadClass(ClassLoader.java:521) ~[na:na]
	... 37 common frames omitted

17:59:48:470  WARN 18312 --- [main] o.s.boot.SpringApplication               : Unable to close ApplicationContext

java.lang.IllegalStateException: Failed to introspect Class [com.hmall.common.config.MqConfig] from ClassLoader [jdk.internal.loader.ClassLoaders$AppClassLoader@1f89ab83]
	at org.springframework.util.ReflectionUtils.getDeclaredMethods(ReflectionUtils.java:485) ~[spring-core-5.3.27.jar:5.3.27]
	at org.springframework.util.ReflectionUtils.doWithMethods(ReflectionUtils.java:361) ~[spring-core-5.3.27.jar:5.3.27]
	at org.springframework.util.ReflectionUtils.getUniqueDeclaredMethods(ReflectionUtils.java:418) ~[spring-core-5.3.27.jar:5.3.27]
	at org.springframework.beans.factory.support.AbstractAutowireCapableBeanFactory.lambda$getTypeForFactoryMethod$2(AbstractAutowireCapableBeanFactory.java:765) ~[spring-beans-5.3.27.jar:5.3.27]
	at java.base/java.util.concurrent.ConcurrentHashMap.computeIfAbsent(ConcurrentHashMap.java:1737) ~[na:na]
	at org.springframework.beans.factory.support.AbstractAutowireCapableBeanFactory.getTypeForFactoryMethod(AbstractAutowireCapableBeanFactory.java:764) ~[spring-beans-5.3.27.jar:5.3.27]
	at org.springframework.beans.factory.support.AbstractAutowireCapableBeanFactory.determineTargetType(AbstractAutowireCapableBeanFactory.java:703) ~[spring-beans-5.3.27.jar:5.3.27]
	at org.springframework.beans.factory.support.AbstractAutowireCapableBeanFactory.predictBeanType(AbstractAutowireCapableBeanFactory.java:674) ~[spring-beans-5.3.27.jar:5.3.27]
	at org.springframework.beans.factory.support.AbstractBeanFactory.isFactoryBean(AbstractBeanFactory.java:1684) ~[spring-beans-5.3.27.jar:5.3.27]
	at org.springframework.beans.factory.support.DefaultListableBeanFactory.doGetBeanNamesForType(DefaultListableBeanFactory.java:570) ~[spring-beans-5.3.27.jar:5.3.27]
	at org.springframework.beans.factory.support.DefaultListableBeanFactory.getBeanNamesForType(DefaultListableBeanFactory.java:542) ~[spring-beans-5.3.27.jar:5.3.27]
	at org.springframework.beans.factory.support.DefaultListableBeanFactory.getBeansOfType(DefaultListableBeanFactory.java:669) ~[spring-beans-5.3.27.jar:5.3.27]
	at org.springframework.beans.factory.support.DefaultListableBeanFactory.getBeansOfType(DefaultListableBeanFactory.java:661) ~[spring-beans-5.3.27.jar:5.3.27]
	at org.springframework.context.support.AbstractApplicationContext.getBeansOfType(AbstractApplicationContext.java:1302) ~[spring-context-5.3.27.jar:5.3.27]
	at org.springframework.boot.SpringApplication.getExitCodeFromMappedException(SpringApplication.java:864) ~[spring-boot-2.7.12.jar:2.7.12]
	at org.springframework.boot.SpringApplication.getExitCodeFromException(SpringApplication.java:852) ~[spring-boot-2.7.12.jar:2.7.12]
	at org.springframework.boot.SpringApplication.handleExitCode(SpringApplication.java:839) ~[spring-boot-2.7.12.jar:2.7.12]
	at org.springframework.boot.SpringApplication.handleRunFailure(SpringApplication.java:779) ~[spring-boot-2.7.12.jar:2.7.12]
	at org.springframework.boot.SpringApplication.run(SpringApplication.java:317) ~[spring-boot-2.7.12.jar:2.7.12]
	at org.springframework.boot.SpringApplication.run(SpringApplication.java:1303) ~[spring-boot-2.7.12.jar:2.7.12]
	at org.springframework.boot.SpringApplication.run(SpringApplication.java:1292) ~[spring-boot-2.7.12.jar:2.7.12]
	at com.hmall.gateway.GatewayApplication.main(GatewayApplication.java:14) ~[classes/:na]
Caused by: java.lang.NoClassDefFoundError: org/springframework/amqp/support/converter/MessageConverter
	at java.base/java.lang.Class.getDeclaredMethods0(Native Method) ~[na:na]
	at java.base/java.lang.Class.privateGetDeclaredMethods(Class.java:3166) ~[na:na]
	at java.base/java.lang.Class.getDeclaredMethods(Class.java:2309) ~[na:na]
	at org.springframework.util.ReflectionUtils.getDeclaredMethods(ReflectionUtils.java:467) ~[spring-core-5.3.27.jar:5.3.27]
	... 21 common frames omitted
Caused by: java.lang.ClassNotFoundException: org.springframework.amqp.support.converter.MessageConverter
	at java.base/jdk.internal.loader.BuiltinClassLoader.loadClass(BuiltinClassLoader.java:581) ~[na:na]
	at java.base/jdk.internal.loader.ClassLoaders$AppClassLoader.loadClass(ClassLoaders.java:178) ~[na:na]
	at java.base/java.lang.ClassLoader.loadClass(ClassLoader.java:521) ~[na:na]
	... 25 common frames omitted

17:59:48:472  WARN 18312 --- [Thread-5] c.a.nacos.common.notify.NotifyCenter     : [NotifyCenter] Start destroying Publisher
17:59:48:474  WARN 18312 --- [Thread-1] c.a.n.common.http.HttpClientBeanHolder   : [HttpClientBeanHolder] Start destroying common HttpClient
17:59:48:475  WARN 18312 --- [Thread-5] c.a.nacos.common.notify.NotifyCenter     : [NotifyCenter] Destruction of the end
18:03:24:805  INFO 21640 --- [main] com.hmall.gateway.GatewayApplication     : The following 1 profile is active: "dev"
18:03:24:977 ERROR 21640 --- [main] o.s.boot.SpringApplication               : Application run failed

java.lang.IllegalStateException: Unable to read meta-data for class com.hmall.common.config.MqConfig
	at org.springframework.boot.autoconfigure.AutoConfigurationSorter$AutoConfigurationClass.getAnnotationMetadata(AutoConfigurationSorter.java:237) ~[spring-boot-autoconfigure-2.7.12.jar:2.7.12]
	at org.springframework.boot.autoconfigure.AutoConfigurationSorter$AutoConfigurationClass.getOrder(AutoConfigurationSorter.java:208) ~[spring-boot-autoconfigure-2.7.12.jar:2.7.12]
	at org.springframework.boot.autoconfigure.AutoConfigurationSorter$AutoConfigurationClass.access$000(AutoConfigurationSorter.java:154) ~[spring-boot-autoconfigure-2.7.12.jar:2.7.12]
	at org.springframework.boot.autoconfigure.AutoConfigurationSorter.lambda$getInPriorityOrder$0(AutoConfigurationSorter.java:63) ~[spring-boot-autoconfigure-2.7.12.jar:2.7.12]
	at java.base/java.util.TimSort.countRunAndMakeAscending(TimSort.java:360) ~[na:na]
	at java.base/java.util.TimSort.sort(TimSort.java:234) ~[na:na]
	at java.base/java.util.Arrays.sort(Arrays.java:1515) ~[na:na]
	at java.base/java.util.ArrayList.sort(ArrayList.java:1750) ~[na:na]
	at org.springframework.boot.autoconfigure.AutoConfigurationSorter.getInPriorityOrder(AutoConfigurationSorter.java:62) ~[spring-boot-autoconfigure-2.7.12.jar:2.7.12]
	at org.springframework.boot.autoconfigure.AutoConfigurationImportSelector$AutoConfigurationGroup.sortAutoConfigurations(AutoConfigurationImportSelector.java:478) ~[spring-boot-autoconfigure-2.7.12.jar:2.7.12]
	at org.springframework.boot.autoconfigure.AutoConfigurationImportSelector$AutoConfigurationGroup.selectImports(AutoConfigurationImportSelector.java:463) ~[spring-boot-autoconfigure-2.7.12.jar:2.7.12]
	at org.springframework.context.annotation.ConfigurationClassParser$DeferredImportSelectorGrouping.getImports(ConfigurationClassParser.java:882) ~[spring-context-5.3.27.jar:5.3.27]
	at org.springframework.context.annotation.ConfigurationClassParser$DeferredImportSelectorGroupingHandler.processGroupImports(ConfigurationClassParser.java:809) ~[spring-context-5.3.27.jar:5.3.27]
	at org.springframework.context.annotation.ConfigurationClassParser$DeferredImportSelectorHandler.process(ConfigurationClassParser.java:780) ~[spring-context-5.3.27.jar:5.3.27]
	at org.springframework.context.annotation.ConfigurationClassParser.parse(ConfigurationClassParser.java:192) ~[spring-context-5.3.27.jar:5.3.27]
	at org.springframework.context.annotation.ConfigurationClassPostProcessor.processConfigBeanDefinitions(ConfigurationClassPostProcessor.java:331) ~[spring-context-5.3.27.jar:5.3.27]
	at org.springframework.context.annotation.ConfigurationClassPostProcessor.postProcessBeanDefinitionRegistry(ConfigurationClassPostProcessor.java:247) ~[spring-context-5.3.27.jar:5.3.27]
	at org.springframework.context.support.PostProcessorRegistrationDelegate.invokeBeanDefinitionRegistryPostProcessors(PostProcessorRegistrationDelegate.java:311) ~[spring-context-5.3.27.jar:5.3.27]
	at org.springframework.context.support.PostProcessorRegistrationDelegate.invokeBeanFactoryPostProcessors(PostProcessorRegistrationDelegate.java:112) ~[spring-context-5.3.27.jar:5.3.27]
	at org.springframework.context.support.AbstractApplicationContext.invokeBeanFactoryPostProcessors(AbstractApplicationContext.java:748) ~[spring-context-5.3.27.jar:5.3.27]
	at org.springframework.context.support.AbstractApplicationContext.refresh(AbstractApplicationContext.java:564) ~[spring-context-5.3.27.jar:5.3.27]
	at org.springframework.boot.web.reactive.context.ReactiveWebServerApplicationContext.refresh(ReactiveWebServerApplicationContext.java:66) ~[spring-boot-2.7.12.jar:2.7.12]
	at org.springframework.boot.SpringApplication.refresh(SpringApplication.java:731) ~[spring-boot-2.7.12.jar:2.7.12]
	at org.springframework.boot.SpringApplication.refreshContext(SpringApplication.java:408) ~[spring-boot-2.7.12.jar:2.7.12]
	at org.springframework.boot.SpringApplication.run(SpringApplication.java:307) ~[spring-boot-2.7.12.jar:2.7.12]
	at org.springframework.boot.SpringApplication.run(SpringApplication.java:1303) ~[spring-boot-2.7.12.jar:2.7.12]
	at org.springframework.boot.SpringApplication.run(SpringApplication.java:1292) ~[spring-boot-2.7.12.jar:2.7.12]
	at com.hmall.gateway.GatewayApplication.main(GatewayApplication.java:14) ~[classes/:na]
Caused by: java.io.FileNotFoundException: class path resource [com/hmall/common/config/MqConfig.class] cannot be opened because it does not exist
	at org.springframework.core.io.ClassPathResource.getInputStream(ClassPathResource.java:199) ~[spring-core-5.3.27.jar:5.3.27]
	at org.springframework.core.type.classreading.SimpleMetadataReader.getClassReader(SimpleMetadataReader.java:55) ~[spring-core-5.3.27.jar:5.3.27]
	at org.springframework.core.type.classreading.SimpleMetadataReader.<init>(SimpleMetadataReader.java:48) ~[spring-core-5.3.27.jar:5.3.27]
	at org.springframework.core.type.classreading.SimpleMetadataReaderFactory.getMetadataReader(SimpleMetadataReaderFactory.java:103) ~[spring-core-5.3.27.jar:5.3.27]
	at org.springframework.boot.type.classreading.ConcurrentReferenceCachingMetadataReaderFactory.createMetadataReader(ConcurrentReferenceCachingMetadataReaderFactory.java:86) ~[spring-boot-2.7.12.jar:2.7.12]
	at org.springframework.boot.type.classreading.ConcurrentReferenceCachingMetadataReaderFactory.getMetadataReader(ConcurrentReferenceCachingMetadataReaderFactory.java:73) ~[spring-boot-2.7.12.jar:2.7.12]
	at org.springframework.core.type.classreading.SimpleMetadataReaderFactory.getMetadataReader(SimpleMetadataReaderFactory.java:81) ~[spring-core-5.3.27.jar:5.3.27]
	at org.springframework.boot.autoconfigure.AutoConfigurationSorter$AutoConfigurationClass.getAnnotationMetadata(AutoConfigurationSorter.java:233) ~[spring-boot-autoconfigure-2.7.12.jar:2.7.12]
	... 27 common frames omitted

18:03:24:981  WARN 21640 --- [Thread-5] c.a.nacos.common.notify.NotifyCenter     : [NotifyCenter] Start destroying Publisher
18:03:24:981  WARN 21640 --- [Thread-1] c.a.n.common.http.HttpClientBeanHolder   : [HttpClientBeanHolder] Start destroying common HttpClient
18:03:24:982  WARN 21640 --- [Thread-5] c.a.nacos.common.notify.NotifyCenter     : [NotifyCenter] Destruction of the end
18:03:49:415  INFO 880 --- [main] com.hmall.gateway.GatewayApplication     : The following 1 profile is active: "dev"
18:03:49:898  INFO 880 --- [main] o.s.cloud.context.scope.GenericScope     : BeanFactory id=f7a1f3fc-8b6f-3294-a68d-9a6f31dd329d
18:03:49:937  INFO 880 --- [main] trationDelegate$BeanPostProcessorChecker : Bean 'org.springframework.cloud.client.loadbalancer.reactive.LoadBalancerBeanPostProcessorAutoConfiguration' of type [org.springframework.cloud.client.loadbalancer.reactive.LoadBalancerBeanPostProcessorAutoConfiguration] is not eligible for getting processed by all BeanPostProcessors (for example: not eligible for auto-proxying)
18:03:49:938  INFO 880 --- [main] trationDelegate$BeanPostProcessorChecker : Bean 'org.springframework.cloud.client.loadbalancer.reactive.LoadBalancerBeanPostProcessorAutoConfiguration$ReactorDeferringLoadBalancerFilterConfig' of type [org.springframework.cloud.client.loadbalancer.reactive.LoadBalancerBeanPostProcessorAutoConfiguration$ReactorDeferringLoadBalancerFilterConfig] is not eligible for getting processed by all BeanPostProcessors (for example: not eligible for auto-proxying)
18:03:49:939  INFO 880 --- [main] trationDelegate$BeanPostProcessorChecker : Bean 'reactorDeferringLoadBalancerExchangeFilterFunction' of type [org.springframework.cloud.client.loadbalancer.reactive.DeferringLoadBalancerExchangeFilterFunction] is not eligible for getting processed by all BeanPostProcessors (for example: not eligible for auto-proxying)
18:03:50:429 DEBUG 880 --- [main] c.h.gateway.routers.DynamicRouteLoader   : 监听的路由配置信息：[
    {
        "id": "item",
        "predicates": [{
            "name": "Path",
            "args": {"_genkey_0":"/items/**", "_genkey_1":"/search/**"}
        }],
        "filters": [],
        "uri": "lb://item-service"
    },
    {
        "id": "cart",
        "predicates": [{
            "name": "Path",
            "args": {"_genkey_0":"/carts/**"}
        }],
        "filters": [],
        "uri": "lb://cart-service"
    },
    {
        "id": "user",
        "predicates": [{
            "name": "Path",
            "args": {"_genkey_0":"/users/**", "_genkey_1":"/addresses/**"}
        }],
        "filters": [],
        "uri": "lb://user-service"
    },
    {
        "id": "trade",
        "predicates": [{
            "name": "Path",
            "args": {"_genkey_0":"/orders/**"}
        }],
        "filters": [],
        "uri": "lb://trade-service"
    },
    {
        "id": "pay",
        "predicates": [{
            "name": "Path",
            "args": {"_genkey_0":"/pay-orders/**"}
        }],
        "filters": [],
        "uri": "lb://pay-service"
    }
]
18:03:51:735  INFO 880 --- [main] o.s.cloud.commons.util.InetUtils         : Cannot determine local hostname
18:03:52:924  INFO 880 --- [main] o.s.cloud.commons.util.InetUtils         : Cannot determine local hostname
18:03:53:101  INFO 880 --- [main] o.s.c.g.r.RouteDefinitionRouteLocator    : Loaded RoutePredicateFactory [After]
18:03:53:101  INFO 880 --- [main] o.s.c.g.r.RouteDefinitionRouteLocator    : Loaded RoutePredicateFactory [Before]
18:03:53:101  INFO 880 --- [main] o.s.c.g.r.RouteDefinitionRouteLocator    : Loaded RoutePredicateFactory [Between]
18:03:53:101  INFO 880 --- [main] o.s.c.g.r.RouteDefinitionRouteLocator    : Loaded RoutePredicateFactory [Cookie]
18:03:53:101  INFO 880 --- [main] o.s.c.g.r.RouteDefinitionRouteLocator    : Loaded RoutePredicateFactory [Header]
18:03:53:101  INFO 880 --- [main] o.s.c.g.r.RouteDefinitionRouteLocator    : Loaded RoutePredicateFactory [Host]
18:03:53:101  INFO 880 --- [main] o.s.c.g.r.RouteDefinitionRouteLocator    : Loaded RoutePredicateFactory [Method]
18:03:53:101  INFO 880 --- [main] o.s.c.g.r.RouteDefinitionRouteLocator    : Loaded RoutePredicateFactory [Path]
18:03:53:101  INFO 880 --- [main] o.s.c.g.r.RouteDefinitionRouteLocator    : Loaded RoutePredicateFactory [Query]
18:03:53:101  INFO 880 --- [main] o.s.c.g.r.RouteDefinitionRouteLocator    : Loaded RoutePredicateFactory [ReadBody]
18:03:53:101  INFO 880 --- [main] o.s.c.g.r.RouteDefinitionRouteLocator    : Loaded RoutePredicateFactory [RemoteAddr]
18:03:53:101  INFO 880 --- [main] o.s.c.g.r.RouteDefinitionRouteLocator    : Loaded RoutePredicateFactory [XForwardedRemoteAddr]
18:03:53:101  INFO 880 --- [main] o.s.c.g.r.RouteDefinitionRouteLocator    : Loaded RoutePredicateFactory [Weight]
18:03:53:101  INFO 880 --- [main] o.s.c.g.r.RouteDefinitionRouteLocator    : Loaded RoutePredicateFactory [CloudFoundryRouteService]
18:03:54:406  INFO 880 --- [main] o.s.cloud.commons.util.InetUtils         : Cannot determine local hostname
18:03:54:561  INFO 880 --- [main] com.alibaba.nacos.common.remote.client   : [RpcClientFactory] create a new rpc client of d0c7c192-feac-46ea-ba0d-ce67d08c5abd
18:03:54:561  INFO 880 --- [main] com.alibaba.nacos.common.remote.client   : [d0c7c192-feac-46ea-ba0d-ce67d08c5abd] RpcClient init label, labels = {module=naming, source=sdk}
18:03:54:563  INFO 880 --- [main] com.alibaba.nacos.common.remote.client   : [d0c7c192-feac-46ea-ba0d-ce67d08c5abd] RpcClient init, ServerListFactory = com.alibaba.nacos.client.naming.core.ServerListManager
18:03:54:563  INFO 880 --- [main] com.alibaba.nacos.common.remote.client   : [d0c7c192-feac-46ea-ba0d-ce67d08c5abd] Registry connection listener to current client:com.alibaba.nacos.client.naming.remote.gprc.redo.NamingGrpcRedoService
18:03:54:563  INFO 880 --- [main] com.alibaba.nacos.common.remote.client   : [d0c7c192-feac-46ea-ba0d-ce67d08c5abd] Register server push request handler:com.alibaba.nacos.client.naming.remote.gprc.NamingPushRequestHandler
18:03:54:563  INFO 880 --- [main] com.alibaba.nacos.common.remote.client   : [d0c7c192-feac-46ea-ba0d-ce67d08c5abd] Try to connect to server on start up, server: {serverIp = '192.168.244.130', server main port = 8848}
18:03:54:684  INFO 880 --- [main] com.alibaba.nacos.common.remote.client   : [d0c7c192-feac-46ea-ba0d-ce67d08c5abd] Success to connect to server [192.168.244.130:8848] on start up, connectionId = 1733738634995_192.168.244.1_59289
18:03:54:684  INFO 880 --- [main] com.alibaba.nacos.common.remote.client   : [d0c7c192-feac-46ea-ba0d-ce67d08c5abd] Register server push request handler:com.alibaba.nacos.common.remote.client.RpcClient$ConnectResetRequestHandler
18:03:54:684  INFO 880 --- [main] com.alibaba.nacos.common.remote.client   : [d0c7c192-feac-46ea-ba0d-ce67d08c5abd] Register server push request handler:com.alibaba.nacos.common.remote.client.RpcClient$$Lambda$467/0x00000008003eb040
18:03:54:684  INFO 880 --- [com.alibaba.nacos.client.remote.worker] com.alibaba.nacos.common.remote.client   : [d0c7c192-feac-46ea-ba0d-ce67d08c5abd] Notify connected event to listeners.
18:03:54:911  INFO 880 --- [main] o.s.b.web.embedded.netty.NettyWebServer  : Netty started on port 8080
18:03:55:223  INFO 880 --- [nacos-grpc-client-executor-4] com.alibaba.nacos.common.remote.client   : [d0c7c192-feac-46ea-ba0d-ce67d08c5abd] Receive server push request, request = NotifySubscriberRequest, requestId = 9
18:03:55:232  INFO 880 --- [nacos-grpc-client-executor-4] com.alibaba.nacos.common.remote.client   : [d0c7c192-feac-46ea-ba0d-ce67d08c5abd] Ack server push request, request = NotifySubscriberRequest, requestId = 9
18:03:56:089  INFO 880 --- [main] o.s.cloud.commons.util.InetUtils         : Cannot determine local hostname
18:03:57:309  INFO 880 --- [main] o.s.cloud.commons.util.InetUtils         : Cannot determine local hostname
18:03:57:319  INFO 880 --- [main] c.a.c.n.registry.NacosServiceRegistry    : nacos registry, DEFAULT_GROUP gateway 192.168.229.1:8080 register finished
18:03:57:332  INFO 880 --- [main] com.hmall.gateway.GatewayApplication     : Started GatewayApplication in 12.285 seconds (JVM running for 13.132)
18:03:57:335  INFO 880 --- [main] c.a.c.n.refresh.NacosContextRefresher    : [Nacos Config] Listening config: dataId=gateway.yaml, group=DEFAULT_GROUP
18:03:57:336  INFO 880 --- [main] c.a.c.n.refresh.NacosContextRefresher    : [Nacos Config] Listening config: dataId=gateway-dev.yaml, group=DEFAULT_GROUP
18:03:57:336  INFO 880 --- [main] c.a.c.n.refresh.NacosContextRefresher    : [Nacos Config] Listening config: dataId=gateway, group=DEFAULT_GROUP
18:03:57:834  INFO 880 --- [nacos-grpc-client-executor-9] com.alibaba.nacos.common.remote.client   : [d0c7c192-feac-46ea-ba0d-ce67d08c5abd] Receive server push request, request = NotifySubscriberRequest, requestId = 10
18:03:57:841  INFO 880 --- [nacos-grpc-client-executor-9] com.alibaba.nacos.common.remote.client   : [d0c7c192-feac-46ea-ba0d-ce67d08c5abd] Ack server push request, request = NotifySubscriberRequest, requestId = 10
18:12:06:497  INFO 880 --- [nacos-grpc-client-executor-129] com.alibaba.nacos.common.remote.client   : [d0c7c192-feac-46ea-ba0d-ce67d08c5abd] Receive server push request, request = NotifySubscriberRequest, requestId = 17
18:12:06:497  INFO 880 --- [nacos-grpc-client-executor-129] com.alibaba.nacos.common.remote.client   : [d0c7c192-feac-46ea-ba0d-ce67d08c5abd] Ack server push request, request = NotifySubscriberRequest, requestId = 17
18:12:07:401  INFO 880 --- [nacos-grpc-client-executor-132] com.alibaba.nacos.common.remote.client   : [d0c7c192-feac-46ea-ba0d-ce67d08c5abd] Receive server push request, request = NotifySubscriberRequest, requestId = 18
18:12:07:401  INFO 880 --- [nacos-grpc-client-executor-132] com.alibaba.nacos.common.remote.client   : [d0c7c192-feac-46ea-ba0d-ce67d08c5abd] Ack server push request, request = NotifySubscriberRequest, requestId = 18
18:12:19:198  INFO 880 --- [nacos-grpc-client-executor-136] com.alibaba.nacos.common.remote.client   : [d0c7c192-feac-46ea-ba0d-ce67d08c5abd] Receive server push request, request = NotifySubscriberRequest, requestId = 20
18:12:19:199  INFO 880 --- [nacos-grpc-client-executor-136] com.alibaba.nacos.common.remote.client   : [d0c7c192-feac-46ea-ba0d-ce67d08c5abd] Ack server push request, request = NotifySubscriberRequest, requestId = 20
18:12:39:319  INFO 880 --- [nacos-grpc-client-executor-144] com.alibaba.nacos.common.remote.client   : [d0c7c192-feac-46ea-ba0d-ce67d08c5abd] Receive server push request, request = NotifySubscriberRequest, requestId = 23
18:12:39:319  INFO 880 --- [nacos-grpc-client-executor-144] com.alibaba.nacos.common.remote.client   : [d0c7c192-feac-46ea-ba0d-ce67d08c5abd] Ack server push request, request = NotifySubscriberRequest, requestId = 23
18:12:45:669  INFO 880 --- [nacos-grpc-client-executor-147] com.alibaba.nacos.common.remote.client   : [d0c7c192-feac-46ea-ba0d-ce67d08c5abd] Receive server push request, request = NotifySubscriberRequest, requestId = 24
18:12:45:669  INFO 880 --- [nacos-grpc-client-executor-147] com.alibaba.nacos.common.remote.client   : [d0c7c192-feac-46ea-ba0d-ce67d08c5abd] Ack server push request, request = NotifySubscriberRequest, requestId = 24
18:29:53:822  INFO 880 --- [nacos-grpc-client-executor-382] com.alibaba.nacos.common.remote.client   : [d0c7c192-feac-46ea-ba0d-ce67d08c5abd] Receive server push request, request = NotifySubscriberRequest, requestId = 26
18:29:53:829  INFO 880 --- [nacos-grpc-client-executor-382] com.alibaba.nacos.common.remote.client   : [d0c7c192-feac-46ea-ba0d-ce67d08c5abd] Ack server push request, request = NotifySubscriberRequest, requestId = 26
18:30:11:241  INFO 880 --- [nacos-grpc-client-executor-388] com.alibaba.nacos.common.remote.client   : [d0c7c192-feac-46ea-ba0d-ce67d08c5abd] Receive server push request, request = NotifySubscriberRequest, requestId = 27
18:30:11:248  INFO 880 --- [nacos-grpc-client-executor-388] com.alibaba.nacos.common.remote.client   : [d0c7c192-feac-46ea-ba0d-ce67d08c5abd] Ack server push request, request = NotifySubscriberRequest, requestId = 27
18:33:13:275  INFO 880 --- [nacos-grpc-client-executor-429] com.alibaba.nacos.common.remote.client   : [d0c7c192-feac-46ea-ba0d-ce67d08c5abd] Receive server push request, request = NotifySubscriberRequest, requestId = 30
18:33:13:283  INFO 880 --- [nacos-grpc-client-executor-429] com.alibaba.nacos.common.remote.client   : [d0c7c192-feac-46ea-ba0d-ce67d08c5abd] Ack server push request, request = NotifySubscriberRequest, requestId = 30
18:33:23:628  INFO 880 --- [nacos-grpc-client-executor-433] com.alibaba.nacos.common.remote.client   : [d0c7c192-feac-46ea-ba0d-ce67d08c5abd] Receive server push request, request = NotifySubscriberRequest, requestId = 31
18:33:23:635  INFO 880 --- [nacos-grpc-client-executor-433] com.alibaba.nacos.common.remote.client   : [d0c7c192-feac-46ea-ba0d-ce67d08c5abd] Ack server push request, request = NotifySubscriberRequest, requestId = 31
18:39:29:829  INFO 880 --- [nacos-grpc-client-executor-521] com.alibaba.nacos.common.remote.client   : [d0c7c192-feac-46ea-ba0d-ce67d08c5abd] Receive server push request, request = NotifySubscriberRequest, requestId = 34
18:39:29:836  INFO 880 --- [nacos-grpc-client-executor-521] com.alibaba.nacos.common.remote.client   : [d0c7c192-feac-46ea-ba0d-ce67d08c5abd] Ack server push request, request = NotifySubscriberRequest, requestId = 34
18:39:47:630  INFO 880 --- [nacos-grpc-client-executor-526] com.alibaba.nacos.common.remote.client   : [d0c7c192-feac-46ea-ba0d-ce67d08c5abd] Receive server push request, request = NotifySubscriberRequest, requestId = 36
18:39:47:637  INFO 880 --- [nacos-grpc-client-executor-526] com.alibaba.nacos.common.remote.client   : [d0c7c192-feac-46ea-ba0d-ce67d08c5abd] Ack server push request, request = NotifySubscriberRequest, requestId = 36
18:40:47:801  INFO 880 --- [nacos-grpc-client-executor-542] com.alibaba.nacos.common.remote.client   : [d0c7c192-feac-46ea-ba0d-ce67d08c5abd] Receive server push request, request = NotifySubscriberRequest, requestId = 38
18:40:47:808  INFO 880 --- [nacos-grpc-client-executor-542] com.alibaba.nacos.common.remote.client   : [d0c7c192-feac-46ea-ba0d-ce67d08c5abd] Ack server push request, request = NotifySubscriberRequest, requestId = 38
18:41:00:976  INFO 880 --- [nacos-grpc-client-executor-545] com.alibaba.nacos.common.remote.client   : [d0c7c192-feac-46ea-ba0d-ce67d08c5abd] Receive server push request, request = NotifySubscriberRequest, requestId = 40
18:41:00:983  INFO 880 --- [nacos-grpc-client-executor-545] com.alibaba.nacos.common.remote.client   : [d0c7c192-feac-46ea-ba0d-ce67d08c5abd] Ack server push request, request = NotifySubscriberRequest, requestId = 40
18:46:05:308  INFO 880 --- [nacos-grpc-client-executor-618] com.alibaba.nacos.common.remote.client   : [d0c7c192-feac-46ea-ba0d-ce67d08c5abd] Receive server push request, request = NotifySubscriberRequest, requestId = 44
18:46:05:317  INFO 880 --- [nacos-grpc-client-executor-618] com.alibaba.nacos.common.remote.client   : [d0c7c192-feac-46ea-ba0d-ce67d08c5abd] Ack server push request, request = NotifySubscriberRequest, requestId = 44
18:46:35:696  INFO 880 --- [nacos-grpc-client-executor-626] com.alibaba.nacos.common.remote.client   : [d0c7c192-feac-46ea-ba0d-ce67d08c5abd] Receive server push request, request = NotifySubscriberRequest, requestId = 47
18:46:35:706  INFO 880 --- [nacos-grpc-client-executor-626] com.alibaba.nacos.common.remote.client   : [d0c7c192-feac-46ea-ba0d-ce67d08c5abd] Ack server push request, request = NotifySubscriberRequest, requestId = 47
19:12:00:998  INFO 880 --- [nacos-grpc-client-executor-978] com.alibaba.nacos.common.remote.client   : [d0c7c192-feac-46ea-ba0d-ce67d08c5abd] Receive server push request, request = NotifySubscriberRequest, requestId = 50
19:12:01:009  INFO 880 --- [nacos-grpc-client-executor-978] com.alibaba.nacos.common.remote.client   : [d0c7c192-feac-46ea-ba0d-ce67d08c5abd] Ack server push request, request = NotifySubscriberRequest, requestId = 50
19:12:01:511  WARN 880 --- [Thread-5] c.a.nacos.common.notify.NotifyCenter     : [NotifyCenter] Start destroying Publisher
19:12:01:511  WARN 880 --- [Thread-1] c.a.n.common.http.HttpClientBeanHolder   : [HttpClientBeanHolder] Start destroying common HttpClient
19:12:01:512  WARN 880 --- [Thread-5] c.a.nacos.common.notify.NotifyCenter     : [NotifyCenter] Destruction of the end
19:12:01:514  WARN 880 --- [Thread-1] c.a.n.common.http.HttpClientBeanHolder   : [HttpClientBeanHolder] Destruction of the end
19:12:01:552  INFO 880 --- [SpringApplicationShutdownHook] c.a.c.n.registry.NacosServiceRegistry    : De-registering from Nacos Server now...
19:12:01:558  INFO 880 --- [SpringApplicationShutdownHook] c.a.c.n.registry.NacosServiceRegistry    : De-registration finished.
19:12:01:888  INFO 880 --- [SpringApplicationShutdownHook] com.alibaba.nacos.common.remote.client   : Shutdown rpc client, set status to shutdown
19:12:01:888  INFO 880 --- [SpringApplicationShutdownHook] com.alibaba.nacos.common.remote.client   : Shutdown client event executor java.util.concurrent.ScheduledThreadPoolExecutor@ddd4752[Running, pool size = 2, active threads = 2, queued tasks = 0, completed tasks = 0]
19:12:01:889  INFO 880 --- [SpringApplicationShutdownHook] com.alibaba.nacos.common.remote.client   : Close current connection 1733738634995_192.168.244.1_59289
19:12:01:890  INFO 880 --- [nacos-grpc-client-executor-981] c.a.n.c.remote.client.grpc.GrpcClient    : [1733738634995_192.168.244.1_59289]Ignore complete event,isRunning:false,isAbandon=false
19:12:01:894  INFO 880 --- [SpringApplicationShutdownHook] c.a.n.c.remote.client.grpc.GrpcClient    : Shutdown grpc executor java.util.concurrent.ThreadPoolExecutor@4191e9d8[Running, pool size = 6, active threads = 0, queued tasks = 0, completed tasks = 982]
