17:59:46:086  INFO 23500 --- [main] com.hmall.cart.CartApplication           : The following 1 profile is active: "local"
17:59:47:435 ERROR 23500 --- [main] o.s.boot.SpringApplication               : Application run failed

java.lang.IllegalStateException: Error processing condition on com.hmall.common.config.MyBatisConfig.mybatisPlusInterceptor
	at org.springframework.boot.autoconfigure.condition.SpringBootCondition.matches(SpringBootCondition.java:60) ~[spring-boot-autoconfigure-2.7.12.jar:2.7.12]
	at org.springframework.context.annotation.ConditionEvaluator.shouldSkip(ConditionEvaluator.java:108) ~[spring-context-5.3.27.jar:5.3.27]
	at org.springframework.context.annotation.ConfigurationClassBeanDefinitionReader.loadBeanDefinitionsForBeanMethod(ConfigurationClassBeanDefinitionReader.java:193) ~[spring-context-5.3.27.jar:5.3.27]
	at org.springframework.context.annotation.ConfigurationClassBeanDefinitionReader.loadBeanDefinitionsForConfigurationClass(ConfigurationClassBeanDefinitionReader.java:153) ~[spring-context-5.3.27.jar:5.3.27]
	at org.springframework.context.annotation.ConfigurationClassBeanDefinitionReader.loadBeanDefinitions(ConfigurationClassBeanDefinitionReader.java:129) ~[spring-context-5.3.27.jar:5.3.27]
	at org.springframework.context.annotation.ConfigurationClassPostProcessor.processConfigBeanDefinitions(ConfigurationClassPostProcessor.java:343) ~[spring-context-5.3.27.jar:5.3.27]
	at org.springframework.context.annotation.ConfigurationClassPostProcessor.postProcessBeanDefinitionRegistry(ConfigurationClassPostProcessor.java:247) ~[spring-context-5.3.27.jar:5.3.27]
	at org.springframework.context.support.PostProcessorRegistrationDelegate.invokeBeanDefinitionRegistryPostProcessors(PostProcessorRegistrationDelegate.java:311) ~[spring-context-5.3.27.jar:5.3.27]
	at org.springframework.context.support.PostProcessorRegistrationDelegate.invokeBeanFactoryPostProcessors(PostProcessorRegistrationDelegate.java:112) ~[spring-context-5.3.27.jar:5.3.27]
	at org.springframework.context.support.AbstractApplicationContext.invokeBeanFactoryPostProcessors(AbstractApplicationContext.java:748) ~[spring-context-5.3.27.jar:5.3.27]
	at org.springframework.context.support.AbstractApplicationContext.refresh(AbstractApplicationContext.java:564) ~[spring-context-5.3.27.jar:5.3.27]
	at org.springframework.boot.web.servlet.context.ServletWebServerApplicationContext.refresh(ServletWebServerApplicationContext.java:147) ~[spring-boot-2.7.12.jar:2.7.12]
	at org.springframework.boot.SpringApplication.refresh(SpringApplication.java:731) ~[spring-boot-2.7.12.jar:2.7.12]
	at org.springframework.boot.SpringApplication.refreshContext(SpringApplication.java:408) ~[spring-boot-2.7.12.jar:2.7.12]
	at org.springframework.boot.SpringApplication.run(SpringApplication.java:307) ~[spring-boot-2.7.12.jar:2.7.12]
	at org.springframework.boot.SpringApplication.run(SpringApplication.java:1303) ~[spring-boot-2.7.12.jar:2.7.12]
	at org.springframework.boot.SpringApplication.run(SpringApplication.java:1292) ~[spring-boot-2.7.12.jar:2.7.12]
	at com.hmall.cart.CartApplication.main(CartApplication.java:20) ~[classes/:na]
Caused by: java.lang.IllegalStateException: Failed to introspect Class [com.hmall.common.config.MqConfig] from ClassLoader [jdk.internal.loader.ClassLoaders$AppClassLoader@7b1d7fff]
	at org.springframework.util.ReflectionUtils.getDeclaredMethods(ReflectionUtils.java:485) ~[spring-core-5.3.27.jar:5.3.27]
	at org.springframework.util.ReflectionUtils.doWithMethods(ReflectionUtils.java:361) ~[spring-core-5.3.27.jar:5.3.27]
	at org.springframework.util.ReflectionUtils.getUniqueDeclaredMethods(ReflectionUtils.java:418) ~[spring-core-5.3.27.jar:5.3.27]
	at org.springframework.beans.factory.support.AbstractAutowireCapableBeanFactory.lambda$getTypeForFactoryMethod$2(AbstractAutowireCapableBeanFactory.java:765) ~[spring-beans-5.3.27.jar:5.3.27]
	at java.base/java.util.concurrent.ConcurrentHashMap.computeIfAbsent(ConcurrentHashMap.java:1705) ~[na:na]
	at org.springframework.beans.factory.support.AbstractAutowireCapableBeanFactory.getTypeForFactoryMethod(AbstractAutowireCapableBeanFactory.java:764) ~[spring-beans-5.3.27.jar:5.3.27]
	at org.springframework.beans.factory.support.AbstractAutowireCapableBeanFactory.determineTargetType(AbstractAutowireCapableBeanFactory.java:703) ~[spring-beans-5.3.27.jar:5.3.27]
	at org.springframework.beans.factory.support.AbstractAutowireCapableBeanFactory.predictBeanType(AbstractAutowireCapableBeanFactory.java:674) ~[spring-beans-5.3.27.jar:5.3.27]
	at org.springframework.beans.factory.support.AbstractBeanFactory.isFactoryBean(AbstractBeanFactory.java:1684) ~[spring-beans-5.3.27.jar:5.3.27]
	at org.springframework.beans.factory.support.DefaultListableBeanFactory.doGetBeanNamesForType(DefaultListableBeanFactory.java:570) ~[spring-beans-5.3.27.jar:5.3.27]
	at org.springframework.beans.factory.support.DefaultListableBeanFactory.getBeanNamesForType(DefaultListableBeanFactory.java:542) ~[spring-beans-5.3.27.jar:5.3.27]
	at org.springframework.boot.autoconfigure.condition.OnBeanCondition.collectBeanNamesForType(OnBeanCondition.java:246) ~[spring-boot-autoconfigure-2.7.12.jar:2.7.12]
	at org.springframework.boot.autoconfigure.condition.OnBeanCondition.getBeanNamesForType(OnBeanCondition.java:239) ~[spring-boot-autoconfigure-2.7.12.jar:2.7.12]
	at org.springframework.boot.autoconfigure.condition.OnBeanCondition.getBeanNamesForType(OnBeanCondition.java:229) ~[spring-boot-autoconfigure-2.7.12.jar:2.7.12]
	at org.springframework.boot.autoconfigure.condition.OnBeanCondition.getMatchingBeans(OnBeanCondition.java:182) ~[spring-boot-autoconfigure-2.7.12.jar:2.7.12]
	at org.springframework.boot.autoconfigure.condition.OnBeanCondition.getMatchOutcome(OnBeanCondition.java:157) ~[spring-boot-autoconfigure-2.7.12.jar:2.7.12]
	at org.springframework.boot.autoconfigure.condition.SpringBootCondition.matches(SpringBootCondition.java:47) ~[spring-boot-autoconfigure-2.7.12.jar:2.7.12]
	... 17 common frames omitted
Caused by: java.lang.NoClassDefFoundError: org/springframework/amqp/support/converter/MessageConverter
	at java.base/java.lang.Class.getDeclaredMethods0(Native Method) ~[na:na]
	at java.base/java.lang.Class.privateGetDeclaredMethods(Class.java:3166) ~[na:na]
	at java.base/java.lang.Class.getDeclaredMethods(Class.java:2309) ~[na:na]
	at org.springframework.util.ReflectionUtils.getDeclaredMethods(ReflectionUtils.java:467) ~[spring-core-5.3.27.jar:5.3.27]
	... 33 common frames omitted
Caused by: java.lang.ClassNotFoundException: org.springframework.amqp.support.converter.MessageConverter
	at java.base/jdk.internal.loader.BuiltinClassLoader.loadClass(BuiltinClassLoader.java:581) ~[na:na]
	at java.base/jdk.internal.loader.ClassLoaders$AppClassLoader.loadClass(ClassLoaders.java:178) ~[na:na]
	at java.base/java.lang.ClassLoader.loadClass(ClassLoader.java:521) ~[na:na]
	... 37 common frames omitted

17:59:47:439  WARN 23500 --- [main] o.s.boot.SpringApplication               : Unable to close ApplicationContext

java.lang.IllegalStateException: Failed to introspect Class [com.hmall.common.config.MqConfig] from ClassLoader [jdk.internal.loader.ClassLoaders$AppClassLoader@7b1d7fff]
	at org.springframework.util.ReflectionUtils.getDeclaredMethods(ReflectionUtils.java:485) ~[spring-core-5.3.27.jar:5.3.27]
	at org.springframework.util.ReflectionUtils.doWithMethods(ReflectionUtils.java:361) ~[spring-core-5.3.27.jar:5.3.27]
	at org.springframework.util.ReflectionUtils.getUniqueDeclaredMethods(ReflectionUtils.java:418) ~[spring-core-5.3.27.jar:5.3.27]
	at org.springframework.beans.factory.support.AbstractAutowireCapableBeanFactory.lambda$getTypeForFactoryMethod$2(AbstractAutowireCapableBeanFactory.java:765) ~[spring-beans-5.3.27.jar:5.3.27]
	at java.base/java.util.concurrent.ConcurrentHashMap.computeIfAbsent(ConcurrentHashMap.java:1705) ~[na:na]
	at org.springframework.beans.factory.support.AbstractAutowireCapableBeanFactory.getTypeForFactoryMethod(AbstractAutowireCapableBeanFactory.java:764) ~[spring-beans-5.3.27.jar:5.3.27]
	at org.springframework.beans.factory.support.AbstractAutowireCapableBeanFactory.determineTargetType(AbstractAutowireCapableBeanFactory.java:703) ~[spring-beans-5.3.27.jar:5.3.27]
	at org.springframework.beans.factory.support.AbstractAutowireCapableBeanFactory.predictBeanType(AbstractAutowireCapableBeanFactory.java:674) ~[spring-beans-5.3.27.jar:5.3.27]
	at org.springframework.beans.factory.support.AbstractBeanFactory.isFactoryBean(AbstractBeanFactory.java:1684) ~[spring-beans-5.3.27.jar:5.3.27]
	at org.springframework.beans.factory.support.DefaultListableBeanFactory.doGetBeanNamesForType(DefaultListableBeanFactory.java:570) ~[spring-beans-5.3.27.jar:5.3.27]
	at org.springframework.beans.factory.support.DefaultListableBeanFactory.getBeanNamesForType(DefaultListableBeanFactory.java:542) ~[spring-beans-5.3.27.jar:5.3.27]
	at org.springframework.beans.factory.support.DefaultListableBeanFactory.getBeansOfType(DefaultListableBeanFactory.java:669) ~[spring-beans-5.3.27.jar:5.3.27]
	at org.springframework.beans.factory.support.DefaultListableBeanFactory.getBeansOfType(DefaultListableBeanFactory.java:661) ~[spring-beans-5.3.27.jar:5.3.27]
	at org.springframework.context.support.AbstractApplicationContext.getBeansOfType(AbstractApplicationContext.java:1302) ~[spring-context-5.3.27.jar:5.3.27]
	at org.springframework.boot.SpringApplication.getExitCodeFromMappedException(SpringApplication.java:864) ~[spring-boot-2.7.12.jar:2.7.12]
	at org.springframework.boot.SpringApplication.getExitCodeFromException(SpringApplication.java:852) ~[spring-boot-2.7.12.jar:2.7.12]
	at org.springframework.boot.SpringApplication.handleExitCode(SpringApplication.java:839) ~[spring-boot-2.7.12.jar:2.7.12]
	at org.springframework.boot.SpringApplication.handleRunFailure(SpringApplication.java:779) ~[spring-boot-2.7.12.jar:2.7.12]
	at org.springframework.boot.SpringApplication.run(SpringApplication.java:317) ~[spring-boot-2.7.12.jar:2.7.12]
	at org.springframework.boot.SpringApplication.run(SpringApplication.java:1303) ~[spring-boot-2.7.12.jar:2.7.12]
	at org.springframework.boot.SpringApplication.run(SpringApplication.java:1292) ~[spring-boot-2.7.12.jar:2.7.12]
	at com.hmall.cart.CartApplication.main(CartApplication.java:20) ~[classes/:na]
Caused by: java.lang.NoClassDefFoundError: org/springframework/amqp/support/converter/MessageConverter
	at java.base/java.lang.Class.getDeclaredMethods0(Native Method) ~[na:na]
	at java.base/java.lang.Class.privateGetDeclaredMethods(Class.java:3166) ~[na:na]
	at java.base/java.lang.Class.getDeclaredMethods(Class.java:2309) ~[na:na]
	at org.springframework.util.ReflectionUtils.getDeclaredMethods(ReflectionUtils.java:467) ~[spring-core-5.3.27.jar:5.3.27]
	... 21 common frames omitted
Caused by: java.lang.ClassNotFoundException: org.springframework.amqp.support.converter.MessageConverter
	at java.base/jdk.internal.loader.BuiltinClassLoader.loadClass(BuiltinClassLoader.java:581) ~[na:na]
	at java.base/jdk.internal.loader.ClassLoaders$AppClassLoader.loadClass(ClassLoaders.java:178) ~[na:na]
	at java.base/java.lang.ClassLoader.loadClass(ClassLoader.java:521) ~[na:na]
	... 25 common frames omitted

17:59:47:441  WARN 23500 --- [Thread-1] c.a.n.common.http.HttpClientBeanHolder   : [HttpClientBeanHolder] Start destroying common HttpClient
17:59:47:441  WARN 23500 --- [Thread-5] c.a.nacos.common.notify.NotifyCenter     : [NotifyCenter] Start destroying Publisher
17:59:47:442  WARN 23500 --- [Thread-5] c.a.nacos.common.notify.NotifyCenter     : [NotifyCenter] Destruction of the end
17:59:47:443  WARN 23500 --- [Thread-1] c.a.n.common.http.HttpClientBeanHolder   : [HttpClientBeanHolder] Destruction of the end
18:03:22:608  INFO 23556 --- [main] com.hmall.cart.CartApplication           : The following 1 profile is active: "local"
18:03:24:217  INFO 23556 --- [main] o.s.cloud.context.scope.GenericScope     : BeanFactory id=c2b2459c-fc16-376f-92eb-3056e1411480
18:03:24:348  INFO 23556 --- [main] trationDelegate$BeanPostProcessorChecker : Bean 'io.seata.spring.boot.autoconfigure.SeataCoreAutoConfiguration' of type [io.seata.spring.boot.autoconfigure.SeataCoreAutoConfiguration] is not eligible for getting processed by all BeanPostProcessors (for example: not eligible for auto-proxying)
18:03:24:348  INFO 23556 --- [main] trationDelegate$BeanPostProcessorChecker : Bean 'springApplicationContextProvider' of type [io.seata.spring.boot.autoconfigure.provider.SpringApplicationContextProvider] is not eligible for getting processed by all BeanPostProcessors (for example: not eligible for auto-proxying)
18:03:24:349  INFO 23556 --- [main] trationDelegate$BeanPostProcessorChecker : Bean 'io.seata.spring.boot.autoconfigure.SeataAutoConfiguration' of type [io.seata.spring.boot.autoconfigure.SeataAutoConfiguration] is not eligible for getting processed by all BeanPostProcessors (for example: not eligible for auto-proxying)
18:03:24:395  INFO 23556 --- [main] trationDelegate$BeanPostProcessorChecker : Bean 'failureHandler' of type [io.seata.tm.api.DefaultFailureHandlerImpl] is not eligible for getting processed by all BeanPostProcessors (for example: not eligible for auto-proxying)
18:03:24:401  INFO 23556 --- [main] trationDelegate$BeanPostProcessorChecker : Bean 'org.springframework.cloud.commons.config.CommonsConfigAutoConfiguration' of type [org.springframework.cloud.commons.config.CommonsConfigAutoConfiguration] is not eligible for getting processed by all BeanPostProcessors (for example: not eligible for auto-proxying)
18:03:24:403  INFO 23556 --- [main] trationDelegate$BeanPostProcessorChecker : Bean 'org.springframework.cloud.client.loadbalancer.LoadBalancerDefaultMappingsProviderAutoConfiguration' of type [org.springframework.cloud.client.loadbalancer.LoadBalancerDefaultMappingsProviderAutoConfiguration] is not eligible for getting processed by all BeanPostProcessors (for example: not eligible for auto-proxying)
18:03:24:404  INFO 23556 --- [main] trationDelegate$BeanPostProcessorChecker : Bean 'loadBalancerClientsDefaultsMappingsProvider' of type [org.springframework.cloud.client.loadbalancer.LoadBalancerDefaultMappingsProviderAutoConfiguration$$Lambda$565/0x000000080063fc40] is not eligible for getting processed by all BeanPostProcessors (for example: not eligible for auto-proxying)
18:03:24:405  INFO 23556 --- [main] trationDelegate$BeanPostProcessorChecker : Bean 'defaultsBindHandlerAdvisor' of type [org.springframework.cloud.commons.config.DefaultsBindHandlerAdvisor] is not eligible for getting processed by all BeanPostProcessors (for example: not eligible for auto-proxying)
18:03:24:411  INFO 23556 --- [main] trationDelegate$BeanPostProcessorChecker : Bean 'springCloudAlibabaConfiguration' of type [io.seata.spring.boot.autoconfigure.properties.SpringCloudAlibabaConfiguration] is not eligible for getting processed by all BeanPostProcessors (for example: not eligible for auto-proxying)
18:03:24:415  INFO 23556 --- [main] trationDelegate$BeanPostProcessorChecker : Bean 'seataProperties' of type [io.seata.spring.boot.autoconfigure.properties.SeataProperties] is not eligible for getting processed by all BeanPostProcessors (for example: not eligible for auto-proxying)
18:03:24:419  INFO 23556 --- [main] i.s.s.b.a.SeataAutoConfiguration         : Automatically configure Seata
18:03:24:494  INFO 23556 --- [main] io.seata.config.ConfigurationFactory     : load Configuration from :Spring Configuration
18:03:24:499  INFO 23556 --- [main] io.seata.config.ConfigurationFactory     : load Configuration from :Spring Configuration
18:03:24:577  INFO 23556 --- [main] i.s.s.a.GlobalTransactionScanner         : Initializing Global Transaction Clients ... 
18:03:24:662  INFO 23556 --- [main] i.s.core.rpc.netty.NettyClientBootstrap  : NettyClientBootstrap has started
18:03:24:960  INFO 23556 --- [main] com.alibaba.nacos.common.remote.client   : [RpcClientFactory] create a new rpc client of 4781c0d7-6666-407e-bea3-209474855483
18:03:24:961  INFO 23556 --- [main] com.alibaba.nacos.common.remote.client   : [4781c0d7-6666-407e-bea3-209474855483] RpcClient init label, labels = {module=naming, source=sdk}
18:03:24:963  INFO 23556 --- [main] com.alibaba.nacos.common.remote.client   : [4781c0d7-6666-407e-bea3-209474855483] RpcClient init, ServerListFactory = com.alibaba.nacos.client.naming.core.ServerListManager
18:03:24:963  INFO 23556 --- [main] com.alibaba.nacos.common.remote.client   : [4781c0d7-6666-407e-bea3-209474855483] Registry connection listener to current client:com.alibaba.nacos.client.naming.remote.gprc.redo.NamingGrpcRedoService
18:03:24:963  INFO 23556 --- [main] com.alibaba.nacos.common.remote.client   : [4781c0d7-6666-407e-bea3-209474855483] Register server push request handler:com.alibaba.nacos.client.naming.remote.gprc.NamingPushRequestHandler
18:03:24:964  INFO 23556 --- [main] com.alibaba.nacos.common.remote.client   : [4781c0d7-6666-407e-bea3-209474855483] Try to connect to server on start up, server: {serverIp = '192.168.244.130', server main port = 8848}
18:03:25:092  INFO 23556 --- [main] com.alibaba.nacos.common.remote.client   : [4781c0d7-6666-407e-bea3-209474855483] Success to connect to server [192.168.244.130:8848] on start up, connectionId = 1733738605401_192.168.244.1_58945
18:03:25:093  INFO 23556 --- [main] com.alibaba.nacos.common.remote.client   : [4781c0d7-6666-407e-bea3-209474855483] Register server push request handler:com.alibaba.nacos.common.remote.client.RpcClient$ConnectResetRequestHandler
18:03:25:093  INFO 23556 --- [com.alibaba.nacos.client.remote.worker] com.alibaba.nacos.common.remote.client   : [4781c0d7-6666-407e-bea3-209474855483] Notify connected event to listeners.
18:03:25:093  INFO 23556 --- [main] com.alibaba.nacos.common.remote.client   : [4781c0d7-6666-407e-bea3-209474855483] Register server push request handler:com.alibaba.nacos.common.remote.client.RpcClient$$Lambda$473/0x000000080042e040
18:03:25:182  INFO 23556 --- [main] i.s.c.r.netty.NettyClientChannelManager  : will connect to 192.168.244.130:8099
18:03:25:465  INFO 23556 --- [main] i.s.core.rpc.netty.NettyPoolableFactory  : NettyPool create channel to transactionRole:TMROLE,address:192.168.244.130:8099,msg:< RegisterTMRequest{applicationId='cart-service', transactionServiceGroup='hmall'} >
18:03:25:726  INFO 23556 --- [nacos-grpc-client-executor-5] com.alibaba.nacos.common.remote.client   : [4781c0d7-6666-407e-bea3-209474855483] Receive server push request, request = NotifySubscriberRequest, requestId = 4
18:03:25:740  INFO 23556 --- [nacos-grpc-client-executor-5] com.alibaba.nacos.common.remote.client   : [4781c0d7-6666-407e-bea3-209474855483] Ack server push request, request = NotifySubscriberRequest, requestId = 4
18:03:26:092  INFO 23556 --- [main] i.s.c.rpc.netty.TmNettyRemotingClient    : register TM success. client version:1.5.2, server version:1.5.2,channel:[id: 0x2c0c635e, L:/192.168.244.1:58953 - R:/192.168.244.130:8099]
18:03:26:103  INFO 23556 --- [main] i.s.core.rpc.netty.NettyPoolableFactory  : register success, cost 108 ms, version:1.5.2,role:TMROLE,channel:[id: 0x2c0c635e, L:/192.168.244.1:58953 - R:/192.168.244.130:8099]
18:03:26:104  INFO 23556 --- [main] i.s.s.a.GlobalTransactionScanner         : Transaction Manager Client is initialized. applicationId[cart-service] txServiceGroup[hmall]
18:03:26:125  INFO 23556 --- [main] io.seata.rm.datasource.AsyncWorker       : Async Commit Buffer Limit: 10000
18:03:26:126  INFO 23556 --- [main] i.s.rm.datasource.xa.ResourceManagerXA   : ResourceManagerXA init ...
18:03:26:137  INFO 23556 --- [main] i.s.core.rpc.netty.NettyClientBootstrap  : NettyClientBootstrap has started
18:03:26:137  INFO 23556 --- [main] i.s.s.a.GlobalTransactionScanner         : Resource Manager is initialized. applicationId[cart-service] txServiceGroup[hmall]
18:03:26:137  INFO 23556 --- [main] i.s.s.a.GlobalTransactionScanner         : Global Transaction Clients are initialized. 
18:03:26:139  INFO 23556 --- [main] trationDelegate$BeanPostProcessorChecker : Bean 'io.seata.spring.boot.autoconfigure.SeataDataSourceAutoConfiguration' of type [io.seata.spring.boot.autoconfigure.SeataDataSourceAutoConfiguration] is not eligible for getting processed by all BeanPostProcessors (for example: not eligible for auto-proxying)
18:03:26:420  INFO 23556 --- [main] trationDelegate$BeanPostProcessorChecker : Bean 'com.alibaba.cloud.seata.feign.SeataFeignClientAutoConfiguration$FeignBeanPostProcessorConfiguration' of type [com.alibaba.cloud.seata.feign.SeataFeignClientAutoConfiguration$FeignBeanPostProcessorConfiguration] is not eligible for getting processed by all BeanPostProcessors (for example: not eligible for auto-proxying)
18:03:26:425  INFO 23556 --- [main] trationDelegate$BeanPostProcessorChecker : Bean 'seataFeignObjectWrapper' of type [com.alibaba.cloud.seata.feign.SeataFeignObjectWrapper] is not eligible for getting processed by all BeanPostProcessors (for example: not eligible for auto-proxying)
18:03:26:897  INFO 23556 --- [main] o.s.b.w.embedded.tomcat.TomcatWebServer  : Tomcat initialized with port(s): 8082 (http)
18:03:26:909  INFO 23556 --- [main] o.apache.catalina.core.StandardService   : Starting service [Tomcat]
18:03:26:910  INFO 23556 --- [main] org.apache.catalina.core.StandardEngine  : Starting Servlet engine: [Apache Tomcat/9.0.75]
18:03:27:110  INFO 23556 --- [main] o.a.c.c.C.[Tomcat].[localhost].[/]       : Initializing Spring embedded WebApplicationContext
18:03:27:110  INFO 23556 --- [main] w.s.c.ServletWebServerApplicationContext : Root WebApplicationContext: initialization completed in 4470 ms
18:03:27:613  INFO 23556 --- [main] o.s.c.openfeign.FeignClientFactoryBean   : For 'item-service' URL not provided. Will try picking an instance via load-balancing.
18:03:28:130  INFO 23556 --- [main] com.zaxxer.hikari.HikariDataSource       : HikariPool-1 - Starting...
18:03:28:674  INFO 23556 --- [main] com.zaxxer.hikari.HikariDataSource       : HikariPool-1 - Start completed.
18:03:28:812  INFO 23556 --- [main] i.s.c.r.netty.NettyClientChannelManager  : will connect to 192.168.244.130:8099
18:03:28:812  INFO 23556 --- [main] i.s.c.rpc.netty.RmNettyRemotingClient    : RM will register :jdbc:mysql://192.168.244.130:3306/hm-cart
18:03:28:813  INFO 23556 --- [main] i.s.core.rpc.netty.NettyPoolableFactory  : NettyPool create channel to transactionRole:RMROLE,address:192.168.244.130:8099,msg:< RegisterRMRequest{resourceIds='jdbc:mysql://192.168.244.130:3306/hm-cart', applicationId='cart-service', transactionServiceGroup='hmall'} >
18:03:28:839  INFO 23556 --- [main] i.s.c.rpc.netty.RmNettyRemotingClient    : register RM success. client version:1.5.2, server version:1.5.2,channel:[id: 0x0fa38421, L:/192.168.244.1:59050 - R:/192.168.244.130:8099]
18:03:28:841  INFO 23556 --- [main] i.s.core.rpc.netty.NettyPoolableFactory  : register success, cost 19 ms, version:1.5.2,role:RMROLE,channel:[id: 0x0fa38421, L:/192.168.244.1:59050 - R:/192.168.244.130:8099]
18:03:30:584  INFO 23556 --- [main] c.a.c.sentinel.SentinelWebMvcConfigurer  : [Sentinel Starter] register SentinelWebInterceptor with urlPatterns: [/**].
18:03:32:452  INFO 23556 --- [main] o.s.cloud.commons.util.InetUtils         : Cannot determine local hostname
18:03:32:509  INFO 23556 --- [main] pertySourcedRequestMappingHandlerMapping : Mapped URL path [/v2/api-docs] onto method [springfox.documentation.swagger2.web.Swagger2ControllerWebMvc#getDocumentation(String, HttpServletRequest)]
18:03:33:916  INFO 23556 --- [main] o.s.cloud.commons.util.InetUtils         : Cannot determine local hostname
18:03:34:109  INFO 23556 --- [main] com.alibaba.nacos.common.remote.client   : [RpcClientFactory] create a new rpc client of 1b75f062-62d7-4100-b1fb-2231fffea461
18:03:34:109  INFO 23556 --- [main] com.alibaba.nacos.common.remote.client   : [1b75f062-62d7-4100-b1fb-2231fffea461] RpcClient init label, labels = {module=naming, source=sdk}
18:03:34:110  INFO 23556 --- [main] com.alibaba.nacos.common.remote.client   : [1b75f062-62d7-4100-b1fb-2231fffea461] RpcClient init, ServerListFactory = com.alibaba.nacos.client.naming.core.ServerListManager
18:03:34:110  INFO 23556 --- [main] com.alibaba.nacos.common.remote.client   : [1b75f062-62d7-4100-b1fb-2231fffea461] Registry connection listener to current client:com.alibaba.nacos.client.naming.remote.gprc.redo.NamingGrpcRedoService
18:03:34:111  INFO 23556 --- [main] com.alibaba.nacos.common.remote.client   : [1b75f062-62d7-4100-b1fb-2231fffea461] Register server push request handler:com.alibaba.nacos.client.naming.remote.gprc.NamingPushRequestHandler
18:03:34:112  INFO 23556 --- [main] com.alibaba.nacos.common.remote.client   : [1b75f062-62d7-4100-b1fb-2231fffea461] Try to connect to server on start up, server: {serverIp = '192.168.244.130', server main port = 8848}
18:03:34:239  INFO 23556 --- [main] com.alibaba.nacos.common.remote.client   : [1b75f062-62d7-4100-b1fb-2231fffea461] Success to connect to server [192.168.244.130:8848] on start up, connectionId = 1733738614552_192.168.244.1_59096
18:03:34:239  INFO 23556 --- [main] com.alibaba.nacos.common.remote.client   : [1b75f062-62d7-4100-b1fb-2231fffea461] Register server push request handler:com.alibaba.nacos.common.remote.client.RpcClient$ConnectResetRequestHandler
18:03:34:239  INFO 23556 --- [main] com.alibaba.nacos.common.remote.client   : [1b75f062-62d7-4100-b1fb-2231fffea461] Register server push request handler:com.alibaba.nacos.common.remote.client.RpcClient$$Lambda$473/0x000000080042e040
18:03:34:239  INFO 23556 --- [com.alibaba.nacos.client.remote.worker] com.alibaba.nacos.common.remote.client   : [1b75f062-62d7-4100-b1fb-2231fffea461] Notify connected event to listeners.
18:03:34:277  INFO 23556 --- [main] o.s.b.w.embedded.tomcat.TomcatWebServer  : Tomcat started on port(s): 8082 (http) with context path ''
18:03:34:291  INFO 23556 --- [main] c.a.c.n.registry.NacosServiceRegistry    : nacos registry, DEFAULT_GROUP cart-service 192.168.229.1:8082 register finished
18:03:34:792  INFO 23556 --- [nacos-grpc-client-executor-7] com.alibaba.nacos.common.remote.client   : [1b75f062-62d7-4100-b1fb-2231fffea461] Receive server push request, request = NotifySubscriberRequest, requestId = 6
18:03:34:803  INFO 23556 --- [nacos-grpc-client-executor-7] com.alibaba.nacos.common.remote.client   : [1b75f062-62d7-4100-b1fb-2231fffea461] Ack server push request, request = NotifySubscriberRequest, requestId = 6
18:03:35:657  INFO 23556 --- [main] o.s.cloud.commons.util.InetUtils         : Cannot determine local hostname
18:03:35:658  INFO 23556 --- [main] d.s.w.p.DocumentationPluginsBootstrapper : Documentation plugins bootstrapped
18:03:35:660  INFO 23556 --- [main] d.s.w.p.DocumentationPluginsBootstrapper : Found 1 custom documentation plugin(s)
18:03:35:677  INFO 23556 --- [main] s.d.s.w.s.ApiListingReferenceScanner     : Scanning for api listing references
18:03:35:735  INFO 23556 --- [main] com.hmall.cart.CartApplication           : Started CartApplication in 19.759 seconds (JVM running for 20.789)
18:03:35:743  INFO 23556 --- [main] c.a.c.n.refresh.NacosContextRefresher    : [Nacos Config] Listening config: dataId=cart-service, group=DEFAULT_GROUP
18:03:35:756  INFO 23556 --- [main] c.a.c.n.refresh.NacosContextRefresher    : [Nacos Config] Listening config: dataId=cart-service.yaml, group=DEFAULT_GROUP
18:03:35:756  INFO 23556 --- [main] c.a.c.n.refresh.NacosContextRefresher    : [Nacos Config] Listening config: dataId=cart-service-local.yaml, group=DEFAULT_GROUP
18:12:06:944  INFO 23556 --- [http-nio-8082-exec-2] o.a.c.c.C.[Tomcat].[localhost].[/]       : Initializing Spring DispatcherServlet 'dispatcherServlet'
18:12:06:945  INFO 23556 --- [http-nio-8082-exec-2] o.s.web.servlet.DispatcherServlet        : Initializing Servlet 'dispatcherServlet'
18:12:06:946  INFO 23556 --- [http-nio-8082-exec-2] o.s.web.servlet.DispatcherServlet        : Completed initialization in 1 ms
18:12:07:154 DEBUG 23556 --- [http-nio-8082-exec-2] c.h.cart.mapper.CartMapper.selectList    : ==>  Preparing: SELECT id,user_id,item_id,num,name,spec,price,image,create_time,update_time FROM cart WHERE (user_id = ?)
18:12:07:174 DEBUG 23556 --- [http-nio-8082-exec-2] c.h.cart.mapper.CartMapper.selectList    : ==> Parameters: 1(Long)
18:12:07:207 DEBUG 23556 --- [http-nio-8082-exec-2] c.h.cart.mapper.CartMapper.selectList    : <==      Total: 2
18:12:07:266 DEBUG 23556 --- [http-nio-8082-exec-2] com.hmall.api.client.ItemClient          : [ItemClient#queryItemByIds] ---> GET http://item-service/items?ids=40305713537&ids=1070843 HTTP/1.1
18:12:07:266 DEBUG 23556 --- [http-nio-8082-exec-2] com.hmall.api.client.ItemClient          : [ItemClient#queryItemByIds] user-info: 1
18:12:07:266 DEBUG 23556 --- [http-nio-8082-exec-2] com.hmall.api.client.ItemClient          : [ItemClient#queryItemByIds] ---> END HTTP (0-byte body)
18:12:07:902  INFO 23556 --- [nacos-grpc-client-executor-126] com.alibaba.nacos.common.remote.client   : [1b75f062-62d7-4100-b1fb-2231fffea461] Receive server push request, request = NotifySubscriberRequest, requestId = 19
18:12:07:903  INFO 23556 --- [nacos-grpc-client-executor-126] com.alibaba.nacos.common.remote.client   : [1b75f062-62d7-4100-b1fb-2231fffea461] Ack server push request, request = NotifySubscriberRequest, requestId = 19
18:12:08:150 DEBUG 23556 --- [http-nio-8082-exec-2] com.hmall.api.client.ItemClient          : [ItemClient#queryItemByIds] <--- HTTP/1.1 200  (883ms)
18:12:08:150 DEBUG 23556 --- [http-nio-8082-exec-2] com.hmall.api.client.ItemClient          : [ItemClient#queryItemByIds] connection: keep-alive
18:12:08:150 DEBUG 23556 --- [http-nio-8082-exec-2] com.hmall.api.client.ItemClient          : [ItemClient#queryItemByIds] content-type: application/json
18:12:08:150 DEBUG 23556 --- [http-nio-8082-exec-2] com.hmall.api.client.ItemClient          : [ItemClient#queryItemByIds] date: Mon, 09 Dec 2024 10:12:08 GMT
18:12:08:150 DEBUG 23556 --- [http-nio-8082-exec-2] com.hmall.api.client.ItemClient          : [ItemClient#queryItemByIds] keep-alive: timeout=60
18:12:08:150 DEBUG 23556 --- [http-nio-8082-exec-2] com.hmall.api.client.ItemClient          : [ItemClient#queryItemByIds] transfer-encoding: chunked
18:12:08:150 DEBUG 23556 --- [http-nio-8082-exec-2] com.hmall.api.client.ItemClient          : [ItemClient#queryItemByIds] 
18:12:08:151 DEBUG 23556 --- [http-nio-8082-exec-2] com.hmall.api.client.ItemClient          : [ItemClient#queryItemByIds] [{"id":"1070843","name":"新西兰原装进口牛奶 安佳Anchor全脂牛奶UHT纯牛奶250ml*24 整箱装","price":11500,"stock":10000,"image":"https://m.360buyimg.com/mobilecms/s720x720_jfs/t3940/252/1200320664/512176/ab850a69/586b74afN5939fab5.jpg!q70.jpg.webp","category":"牛奶","brand":"安佳","spec":"{}","sold":0,"commentCount":0,"isAD":false,"status":1},{"id":"40305713537","name":"【官方正品 品牌直营】奥古狮登小白鞋女秋季透气2018新款百搭韩版休闲鞋运动鞋女鞋厚底板鞋女 浅蓝【厚底】 41","price":35400,"stock":10000,"image":"https://m.360buyimg.com/mobilecms/s720x720_jfs/t1/14147/34/2890/275451/5c225484Ebd346404/e61513be4639ee2e.jpg!q70.jpg.webp","category":"休闲鞋","brand":"奥古狮登","spec":"{\"颜色\": \"金色\", \"尺码\": \"41\"}","sold":0,"commentCount":0,"isAD":false,"status":1}]
18:12:08:151 DEBUG 23556 --- [http-nio-8082-exec-2] com.hmall.api.client.ItemClient          : [ItemClient#queryItemByIds] <--- END HTTP (858-byte body)
18:12:11:000 DEBUG 23556 --- [http-nio-8082-exec-1] c.h.cart.mapper.CartMapper.selectList    : ==>  Preparing: SELECT id,user_id,item_id,num,name,spec,price,image,create_time,update_time FROM cart WHERE (user_id = ?)
18:12:11:000 DEBUG 23556 --- [http-nio-8082-exec-1] c.h.cart.mapper.CartMapper.selectList    : ==> Parameters: 1(Long)
18:12:11:004 DEBUG 23556 --- [http-nio-8082-exec-1] c.h.cart.mapper.CartMapper.selectList    : <==      Total: 2
18:12:11:005 DEBUG 23556 --- [http-nio-8082-exec-1] com.hmall.api.client.ItemClient          : [ItemClient#queryItemByIds] ---> GET http://item-service/items?ids=40305713537&ids=1070843 HTTP/1.1
18:12:11:005 DEBUG 23556 --- [http-nio-8082-exec-1] com.hmall.api.client.ItemClient          : [ItemClient#queryItemByIds] user-info: 1
18:12:11:005 DEBUG 23556 --- [http-nio-8082-exec-1] com.hmall.api.client.ItemClient          : [ItemClient#queryItemByIds] ---> END HTTP (0-byte body)
18:12:11:532 DEBUG 23556 --- [http-nio-8082-exec-1] com.hmall.api.client.ItemClient          : [ItemClient#queryItemByIds] <--- HTTP/1.1 200  (526ms)
18:12:11:532 DEBUG 23556 --- [http-nio-8082-exec-1] com.hmall.api.client.ItemClient          : [ItemClient#queryItemByIds] connection: keep-alive
18:12:11:532 DEBUG 23556 --- [http-nio-8082-exec-1] com.hmall.api.client.ItemClient          : [ItemClient#queryItemByIds] content-type: application/json
18:12:11:532 DEBUG 23556 --- [http-nio-8082-exec-1] com.hmall.api.client.ItemClient          : [ItemClient#queryItemByIds] date: Mon, 09 Dec 2024 10:12:11 GMT
18:12:11:532 DEBUG 23556 --- [http-nio-8082-exec-1] com.hmall.api.client.ItemClient          : [ItemClient#queryItemByIds] keep-alive: timeout=60
18:12:11:532 DEBUG 23556 --- [http-nio-8082-exec-1] com.hmall.api.client.ItemClient          : [ItemClient#queryItemByIds] transfer-encoding: chunked
18:12:11:532 DEBUG 23556 --- [http-nio-8082-exec-1] com.hmall.api.client.ItemClient          : [ItemClient#queryItemByIds] 
18:12:11:533 DEBUG 23556 --- [http-nio-8082-exec-1] com.hmall.api.client.ItemClient          : [ItemClient#queryItemByIds] [{"id":"1070843","name":"新西兰原装进口牛奶 安佳Anchor全脂牛奶UHT纯牛奶250ml*24 整箱装","price":11500,"stock":10000,"image":"https://m.360buyimg.com/mobilecms/s720x720_jfs/t3940/252/1200320664/512176/ab850a69/586b74afN5939fab5.jpg!q70.jpg.webp","category":"牛奶","brand":"安佳","spec":"{}","sold":0,"commentCount":0,"isAD":false,"status":1},{"id":"40305713537","name":"【官方正品 品牌直营】奥古狮登小白鞋女秋季透气2018新款百搭韩版休闲鞋运动鞋女鞋厚底板鞋女 浅蓝【厚底】 41","price":35400,"stock":10000,"image":"https://m.360buyimg.com/mobilecms/s720x720_jfs/t1/14147/34/2890/275451/5c225484Ebd346404/e61513be4639ee2e.jpg!q70.jpg.webp","category":"休闲鞋","brand":"奥古狮登","spec":"{\"颜色\": \"金色\", \"尺码\": \"41\"}","sold":0,"commentCount":0,"isAD":false,"status":1}]
18:12:11:533 DEBUG 23556 --- [http-nio-8082-exec-1] com.hmall.api.client.ItemClient          : [ItemClient#queryItemByIds] <--- END HTTP (858-byte body)
18:12:20:354 DEBUG 23556 --- [http-nio-8082-exec-3] com.hmall.cart.mapper.CartMapper.delete  : ==>  Preparing: DELETE FROM cart WHERE (user_id = ? AND item_id IN (?,?))
18:12:20:406 DEBUG 23556 --- [http-nio-8082-exec-3] com.hmall.cart.mapper.CartMapper.delete  : ==> Parameters: 1(Long), 40305713537(Long), 1070843(Long)
18:12:20:482 DEBUG 23556 --- [http-nio-8082-exec-3] com.hmall.cart.mapper.CartMapper.delete  : <==    Updates: 2
18:12:21:523  INFO 23556 --- [rpcDispatch_RMROLE_1_1_24] i.s.c.r.p.c.RmBranchCommitProcessor      : rm client handle branch commit process:xid=192.168.244.130:8099:54638347730628609,branchId=54638347730628617,branchType=AT,resourceId=jdbc:mysql://192.168.244.130:3306/hm-cart,applicationData={"autoCommit":false}
18:12:21:524  INFO 23556 --- [rpcDispatch_RMROLE_1_1_24] io.seata.rm.AbstractRMHandler            : Branch committing: 192.168.244.130:8099:54638347730628609 54638347730628617 jdbc:mysql://192.168.244.130:3306/hm-cart {"autoCommit":false}
18:12:21:525  INFO 23556 --- [rpcDispatch_RMROLE_1_1_24] io.seata.rm.AbstractRMHandler            : Branch commit result: PhaseTwo_Committed
18:12:37:672 DEBUG 23556 --- [http-nio-8082-exec-4] c.h.cart.mapper.CartMapper.deleteById    : ==>  Preparing: DELETE FROM cart WHERE id=?
18:12:37:672 DEBUG 23556 --- [http-nio-8082-exec-4] c.h.cart.mapper.CartMapper.deleteById    : ==> Parameters: 18(Long)
18:12:37:679 DEBUG 23556 --- [http-nio-8082-exec-4] c.h.cart.mapper.CartMapper.deleteById    : <==    Updates: 0
18:12:37:690 DEBUG 23556 --- [http-nio-8082-exec-5] c.h.cart.mapper.CartMapper.selectList    : ==>  Preparing: SELECT id,user_id,item_id,num,name,spec,price,image,create_time,update_time FROM cart WHERE (user_id = ?)
18:12:37:691 DEBUG 23556 --- [http-nio-8082-exec-5] c.h.cart.mapper.CartMapper.selectList    : ==> Parameters: 1(Long)
18:12:37:692 DEBUG 23556 --- [http-nio-8082-exec-5] c.h.cart.mapper.CartMapper.selectList    : <==      Total: 0
18:12:40:598 DEBUG 23556 --- [http-nio-8082-exec-6] c.h.cart.mapper.CartMapper.selectCount   : ==>  Preparing: SELECT COUNT( * ) FROM cart WHERE (user_id = ? AND item_id = ?)
18:12:40:598 DEBUG 23556 --- [http-nio-8082-exec-6] c.h.cart.mapper.CartMapper.selectCount   : ==> Parameters: 1(Long), 8533120(Long)
18:12:40:600 DEBUG 23556 --- [http-nio-8082-exec-6] c.h.cart.mapper.CartMapper.selectCount   : <==      Total: 1
18:12:40:601 DEBUG 23556 --- [http-nio-8082-exec-6] c.h.cart.mapper.CartMapper.selectCount   : ==>  Preparing: SELECT COUNT( * ) FROM cart WHERE (user_id = ?)
18:12:40:601 DEBUG 23556 --- [http-nio-8082-exec-6] c.h.cart.mapper.CartMapper.selectCount   : ==> Parameters: 1(Long)
18:12:40:602 DEBUG 23556 --- [http-nio-8082-exec-6] c.h.cart.mapper.CartMapper.selectCount   : <==      Total: 1
18:12:40:604 DEBUG 23556 --- [http-nio-8082-exec-6] com.hmall.cart.mapper.CartMapper.insert  : ==>  Preparing: INSERT INTO cart ( user_id, item_id, name, spec, price, image ) VALUES ( ?, ?, ?, ?, ?, ? )
18:12:40:604 DEBUG 23556 --- [http-nio-8082-exec-6] com.hmall.cart.mapper.CartMapper.insert  : ==> Parameters: 1(Long), 8533120(Long), 海尔 （Haier ）LQ65H31 65英寸 4K曲面人工智能全面屏超高清LED液晶电视(String), {}(String), 379500(Integer), https://m.360buyimg.com/mobilecms/s720x720_jfs/t1/2851/14/13998/101463/5bd9723cE81b2c299/1bfdf2d1628648e4.jpg!q70.jpg.webp(String)
18:12:40:606 DEBUG 23556 --- [http-nio-8082-exec-6] com.hmall.cart.mapper.CartMapper.insert  : <==    Updates: 1
18:12:40:644 DEBUG 23556 --- [http-nio-8082-exec-7] c.h.cart.mapper.CartMapper.selectList    : ==>  Preparing: SELECT id,user_id,item_id,num,name,spec,price,image,create_time,update_time FROM cart WHERE (user_id = ?)
18:12:40:644 DEBUG 23556 --- [http-nio-8082-exec-7] c.h.cart.mapper.CartMapper.selectList    : ==> Parameters: 1(Long)
18:12:40:647 DEBUG 23556 --- [http-nio-8082-exec-7] c.h.cart.mapper.CartMapper.selectList    : <==      Total: 1
18:12:40:648 DEBUG 23556 --- [http-nio-8082-exec-7] com.hmall.api.client.ItemClient          : [ItemClient#queryItemByIds] ---> GET http://item-service/items?ids=8533120 HTTP/1.1
18:12:40:648 DEBUG 23556 --- [http-nio-8082-exec-7] com.hmall.api.client.ItemClient          : [ItemClient#queryItemByIds] user-info: 1
18:12:40:648 DEBUG 23556 --- [http-nio-8082-exec-7] com.hmall.api.client.ItemClient          : [ItemClient#queryItemByIds] ---> END HTTP (0-byte body)
18:12:41:169 DEBUG 23556 --- [http-nio-8082-exec-7] com.hmall.api.client.ItemClient          : [ItemClient#queryItemByIds] <--- HTTP/1.1 200  (520ms)
18:12:41:169 DEBUG 23556 --- [http-nio-8082-exec-7] com.hmall.api.client.ItemClient          : [ItemClient#queryItemByIds] connection: keep-alive
18:12:41:169 DEBUG 23556 --- [http-nio-8082-exec-7] com.hmall.api.client.ItemClient          : [ItemClient#queryItemByIds] content-type: application/json
18:12:41:169 DEBUG 23556 --- [http-nio-8082-exec-7] com.hmall.api.client.ItemClient          : [ItemClient#queryItemByIds] date: Mon, 09 Dec 2024 10:12:41 GMT
18:12:41:169 DEBUG 23556 --- [http-nio-8082-exec-7] com.hmall.api.client.ItemClient          : [ItemClient#queryItemByIds] keep-alive: timeout=60
18:12:41:169 DEBUG 23556 --- [http-nio-8082-exec-7] com.hmall.api.client.ItemClient          : [ItemClient#queryItemByIds] transfer-encoding: chunked
18:12:41:169 DEBUG 23556 --- [http-nio-8082-exec-7] com.hmall.api.client.ItemClient          : [ItemClient#queryItemByIds] 
18:12:41:169 DEBUG 23556 --- [http-nio-8082-exec-7] com.hmall.api.client.ItemClient          : [ItemClient#queryItemByIds] [{"id":"8533120","name":"海尔 （Haier ）LQ65H31 65英寸 4K曲面人工智能全面屏超高清LED液晶电视","price":379500,"stock":9997,"image":"https://m.360buyimg.com/mobilecms/s720x720_jfs/t1/2851/14/13998/101463/5bd9723cE81b2c299/1bfdf2d1628648e4.jpg!q70.jpg.webp","category":"曲面电视","brand":"海尔","spec":"{}","sold":0,"commentCount":0,"isAD":false,"status":1}]
18:12:41:169 DEBUG 23556 --- [http-nio-8082-exec-7] com.hmall.api.client.ItemClient          : [ItemClient#queryItemByIds] <--- END HTTP (383-byte body)
18:12:44:795 DEBUG 23556 --- [http-nio-8082-exec-8] com.hmall.cart.mapper.CartMapper.delete  : ==>  Preparing: DELETE FROM cart WHERE (user_id = ? AND item_id IN (?))
18:12:44:796 DEBUG 23556 --- [http-nio-8082-exec-8] com.hmall.cart.mapper.CartMapper.delete  : ==> Parameters: 1(Long), 8533120(Long)
18:12:44:798 DEBUG 23556 --- [http-nio-8082-exec-8] com.hmall.cart.mapper.CartMapper.delete  : <==    Updates: 1
18:12:45:476  INFO 23556 --- [rpcDispatch_RMROLE_1_2_24] i.s.c.r.p.c.RmBranchCommitProcessor      : rm client handle branch commit process:xid=192.168.244.130:8099:54638347730628622,branchId=54638347730628629,branchType=AT,resourceId=jdbc:mysql://192.168.244.130:3306/hm-cart,applicationData={"autoCommit":false}
18:12:45:476  INFO 23556 --- [rpcDispatch_RMROLE_1_2_24] io.seata.rm.AbstractRMHandler            : Branch committing: 192.168.244.130:8099:54638347730628622 54638347730628629 jdbc:mysql://192.168.244.130:3306/hm-cart {"autoCommit":false}
18:12:45:476  INFO 23556 --- [rpcDispatch_RMROLE_1_2_24] io.seata.rm.AbstractRMHandler            : Branch commit result: PhaseTwo_Committed
18:30:39:641 DEBUG 23556 --- [http-nio-8082-exec-2] c.h.cart.mapper.CartMapper.selectList    : ==>  Preparing: SELECT id,user_id,item_id,num,name,spec,price,image,create_time,update_time FROM cart WHERE (user_id = ?)
18:30:39:642 DEBUG 23556 --- [http-nio-8082-exec-2] c.h.cart.mapper.CartMapper.selectList    : ==> Parameters: 1(Long)
18:30:39:654 DEBUG 23556 --- [http-nio-8082-exec-2] c.h.cart.mapper.CartMapper.selectList    : <==      Total: 0
18:30:44:818 DEBUG 23556 --- [http-nio-8082-exec-1] c.h.cart.mapper.CartMapper.selectCount   : ==>  Preparing: SELECT COUNT( * ) FROM cart WHERE (user_id = ? AND item_id = ?)
18:30:44:818 DEBUG 23556 --- [http-nio-8082-exec-1] c.h.cart.mapper.CartMapper.selectCount   : ==> Parameters: 1(Long), 100001511821(Long)
18:30:44:826 DEBUG 23556 --- [http-nio-8082-exec-1] c.h.cart.mapper.CartMapper.selectCount   : <==      Total: 1
18:30:44:827 DEBUG 23556 --- [http-nio-8082-exec-1] c.h.cart.mapper.CartMapper.selectCount   : ==>  Preparing: SELECT COUNT( * ) FROM cart WHERE (user_id = ?)
18:30:44:827 DEBUG 23556 --- [http-nio-8082-exec-1] c.h.cart.mapper.CartMapper.selectCount   : ==> Parameters: 1(Long)
18:30:44:828 DEBUG 23556 --- [http-nio-8082-exec-1] c.h.cart.mapper.CartMapper.selectCount   : <==      Total: 1
18:30:44:828 DEBUG 23556 --- [http-nio-8082-exec-1] com.hmall.cart.mapper.CartMapper.insert  : ==>  Preparing: INSERT INTO cart ( user_id, item_id, name, spec, price, image ) VALUES ( ?, ?, ?, ?, ?, ? )
18:30:44:829 DEBUG 23556 --- [http-nio-8082-exec-1] com.hmall.cart.mapper.CartMapper.insert  : ==> Parameters: 1(Long), 100001511821(Long), HMDIME 牛仔背带裤女2018秋冬新品 韩版学院风潮流百搭弹力修身补丁学生吊带长裤女 AXNZ369 深蓝 30(String), {"颜色": "蓝色", "尺码": "30"}(String), 13700(Integer), https://m.360buyimg.com/mobilecms/s720x720_jfs/t30892/263/313055374/557791/c98e9abc/5bef811aN036f7c3b.jpg!q70.jpg.webp(String)
18:30:44:836 DEBUG 23556 --- [http-nio-8082-exec-1] com.hmall.cart.mapper.CartMapper.insert  : <==    Updates: 1
18:30:44:888 DEBUG 23556 --- [http-nio-8082-exec-3] c.h.cart.mapper.CartMapper.selectList    : ==>  Preparing: SELECT id,user_id,item_id,num,name,spec,price,image,create_time,update_time FROM cart WHERE (user_id = ?)
18:30:44:889 DEBUG 23556 --- [http-nio-8082-exec-3] c.h.cart.mapper.CartMapper.selectList    : ==> Parameters: 1(Long)
18:30:44:895 DEBUG 23556 --- [http-nio-8082-exec-3] c.h.cart.mapper.CartMapper.selectList    : <==      Total: 1
18:30:44:896 DEBUG 23556 --- [http-nio-8082-exec-3] com.hmall.api.client.ItemClient          : [ItemClient#queryItemByIds] ---> GET http://item-service/items?ids=100001511821 HTTP/1.1
18:30:44:896 DEBUG 23556 --- [http-nio-8082-exec-3] com.hmall.api.client.ItemClient          : [ItemClient#queryItemByIds] user-info: 1
18:30:44:896 DEBUG 23556 --- [http-nio-8082-exec-3] com.hmall.api.client.ItemClient          : [ItemClient#queryItemByIds] ---> END HTTP (0-byte body)
18:30:45:405 DEBUG 23556 --- [http-nio-8082-exec-3] com.hmall.api.client.ItemClient          : [ItemClient#queryItemByIds] <--- HTTP/1.1 200  (509ms)
18:30:45:405 DEBUG 23556 --- [http-nio-8082-exec-3] com.hmall.api.client.ItemClient          : [ItemClient#queryItemByIds] connection: keep-alive
18:30:45:405 DEBUG 23556 --- [http-nio-8082-exec-3] com.hmall.api.client.ItemClient          : [ItemClient#queryItemByIds] content-type: application/json
18:30:45:406 DEBUG 23556 --- [http-nio-8082-exec-3] com.hmall.api.client.ItemClient          : [ItemClient#queryItemByIds] date: Mon, 09 Dec 2024 10:30:45 GMT
18:30:45:406 DEBUG 23556 --- [http-nio-8082-exec-3] com.hmall.api.client.ItemClient          : [ItemClient#queryItemByIds] keep-alive: timeout=60
18:30:45:406 DEBUG 23556 --- [http-nio-8082-exec-3] com.hmall.api.client.ItemClient          : [ItemClient#queryItemByIds] transfer-encoding: chunked
18:30:45:406 DEBUG 23556 --- [http-nio-8082-exec-3] com.hmall.api.client.ItemClient          : [ItemClient#queryItemByIds] 
18:30:45:406 DEBUG 23556 --- [http-nio-8082-exec-3] com.hmall.api.client.ItemClient          : [ItemClient#queryItemByIds] [{"id":"100001511821","name":"HMDIME 牛仔背带裤女2018秋冬新品 韩版学院风潮流百搭弹力修身补丁学生吊带长裤女 AXNZ369 深蓝 30","price":13700,"stock":10000,"image":"https://m.360buyimg.com/mobilecms/s720x720_jfs/t30892/263/313055374/557791/c98e9abc/5bef811aN036f7c3b.jpg!q70.jpg.webp","category":"牛仔裤","brand":"HMDIME","spec":"{\"颜色\": \"蓝色\", \"尺码\": \"30\"}","sold":0,"commentCount":0,"isAD":false,"status":1}]
18:30:45:406 DEBUG 23556 --- [http-nio-8082-exec-3] com.hmall.api.client.ItemClient          : [ItemClient#queryItemByIds] <--- END HTTP (460-byte body)
18:30:51:663 DEBUG 23556 --- [http-nio-8082-exec-4] com.hmall.cart.mapper.CartMapper.delete  : ==>  Preparing: DELETE FROM cart WHERE (user_id = ? AND item_id IN (?))
18:30:51:664 DEBUG 23556 --- [http-nio-8082-exec-4] com.hmall.cart.mapper.CartMapper.delete  : ==> Parameters: 1(Long), 100001511821(Long)
18:30:51:672 DEBUG 23556 --- [http-nio-8082-exec-4] com.hmall.cart.mapper.CartMapper.delete  : <==    Updates: 1
18:30:52:505  INFO 23556 --- [rpcDispatch_RMROLE_1_3_24] i.s.c.r.p.c.RmBranchCommitProcessor      : rm client handle branch commit process:xid=192.168.244.130:8099:54638347730628634,branchId=54638347730628641,branchType=AT,resourceId=jdbc:mysql://192.168.244.130:3306/hm-cart,applicationData={"autoCommit":false}
18:30:52:506  INFO 23556 --- [rpcDispatch_RMROLE_1_3_24] io.seata.rm.AbstractRMHandler            : Branch committing: 192.168.244.130:8099:54638347730628634 54638347730628641 jdbc:mysql://192.168.244.130:3306/hm-cart {"autoCommit":false}
18:30:52:506  INFO 23556 --- [rpcDispatch_RMROLE_1_3_24] io.seata.rm.AbstractRMHandler            : Branch commit result: PhaseTwo_Committed
18:33:28:300 DEBUG 23556 --- [http-nio-8082-exec-7] c.h.cart.mapper.CartMapper.selectList    : ==>  Preparing: SELECT id,user_id,item_id,num,name,spec,price,image,create_time,update_time FROM cart WHERE (user_id = ?)
18:33:28:301 DEBUG 23556 --- [http-nio-8082-exec-7] c.h.cart.mapper.CartMapper.selectList    : ==> Parameters: 1(Long)
18:33:28:341 DEBUG 23556 --- [http-nio-8082-exec-7] c.h.cart.mapper.CartMapper.selectList    : <==      Total: 0
18:33:33:223 DEBUG 23556 --- [http-nio-8082-exec-8] c.h.cart.mapper.CartMapper.selectCount   : ==>  Preparing: SELECT COUNT( * ) FROM cart WHERE (user_id = ? AND item_id = ?)
18:33:33:224 DEBUG 23556 --- [http-nio-8082-exec-8] c.h.cart.mapper.CartMapper.selectCount   : ==> Parameters: 1(Long), 3072507(Long)
18:33:33:225 DEBUG 23556 --- [http-nio-8082-exec-8] c.h.cart.mapper.CartMapper.selectCount   : <==      Total: 1
18:33:33:226 DEBUG 23556 --- [http-nio-8082-exec-8] c.h.cart.mapper.CartMapper.selectCount   : ==>  Preparing: SELECT COUNT( * ) FROM cart WHERE (user_id = ?)
18:33:33:226 DEBUG 23556 --- [http-nio-8082-exec-8] c.h.cart.mapper.CartMapper.selectCount   : ==> Parameters: 1(Long)
18:33:33:227 DEBUG 23556 --- [http-nio-8082-exec-8] c.h.cart.mapper.CartMapper.selectCount   : <==      Total: 1
18:33:33:228 DEBUG 23556 --- [http-nio-8082-exec-8] com.hmall.cart.mapper.CartMapper.insert  : ==>  Preparing: INSERT INTO cart ( user_id, item_id, name, spec, price, image ) VALUES ( ?, ?, ?, ?, ?, ? )
18:33:33:228 DEBUG 23556 --- [http-nio-8082-exec-8] com.hmall.cart.mapper.CartMapper.insert  : ==> Parameters: 1(Long), 3072507(Long), 飞利浦 65POD901C/T3 65英寸 OLED曲面 三边流光溢彩金属超薄机身4K超高清智能液晶电视机（PHILIPS）(String), {"版本": "65英寸"}(String), 368800(Integer), https://m.360buyimg.com/mobilecms/s720x720_jfs/t1/5966/19/11913/209097/5bd13c30Ea76804a8/6faec86cea020dd0.jpg!q70.jpg.webp(String)
18:33:33:234 DEBUG 23556 --- [http-nio-8082-exec-8] com.hmall.cart.mapper.CartMapper.insert  : <==    Updates: 1
18:33:33:271 DEBUG 23556 --- [http-nio-8082-exec-9] c.h.cart.mapper.CartMapper.selectList    : ==>  Preparing: SELECT id,user_id,item_id,num,name,spec,price,image,create_time,update_time FROM cart WHERE (user_id = ?)
18:33:33:271 DEBUG 23556 --- [http-nio-8082-exec-9] c.h.cart.mapper.CartMapper.selectList    : ==> Parameters: 1(Long)
18:33:33:274 DEBUG 23556 --- [http-nio-8082-exec-9] c.h.cart.mapper.CartMapper.selectList    : <==      Total: 1
18:33:33:278 DEBUG 23556 --- [http-nio-8082-exec-9] com.hmall.api.client.ItemClient          : [ItemClient#queryItemByIds] ---> GET http://item-service/items?ids=3072507 HTTP/1.1
18:33:33:278 DEBUG 23556 --- [http-nio-8082-exec-9] com.hmall.api.client.ItemClient          : [ItemClient#queryItemByIds] user-info: 1
18:33:33:278 DEBUG 23556 --- [http-nio-8082-exec-9] com.hmall.api.client.ItemClient          : [ItemClient#queryItemByIds] ---> END HTTP (0-byte body)
18:33:33:796 DEBUG 23556 --- [http-nio-8082-exec-9] com.hmall.api.client.ItemClient          : [ItemClient#queryItemByIds] <--- HTTP/1.1 200  (518ms)
18:33:33:796 DEBUG 23556 --- [http-nio-8082-exec-9] com.hmall.api.client.ItemClient          : [ItemClient#queryItemByIds] connection: keep-alive
18:33:33:796 DEBUG 23556 --- [http-nio-8082-exec-9] com.hmall.api.client.ItemClient          : [ItemClient#queryItemByIds] content-type: application/json
18:33:33:796 DEBUG 23556 --- [http-nio-8082-exec-9] com.hmall.api.client.ItemClient          : [ItemClient#queryItemByIds] date: Mon, 09 Dec 2024 10:33:33 GMT
18:33:33:796 DEBUG 23556 --- [http-nio-8082-exec-9] com.hmall.api.client.ItemClient          : [ItemClient#queryItemByIds] keep-alive: timeout=60
18:33:33:796 DEBUG 23556 --- [http-nio-8082-exec-9] com.hmall.api.client.ItemClient          : [ItemClient#queryItemByIds] transfer-encoding: chunked
18:33:33:796 DEBUG 23556 --- [http-nio-8082-exec-9] com.hmall.api.client.ItemClient          : [ItemClient#queryItemByIds] 
18:33:33:796 DEBUG 23556 --- [http-nio-8082-exec-9] com.hmall.api.client.ItemClient          : [ItemClient#queryItemByIds] [{"id":"3072507","name":"飞利浦 65POD901C/T3 65英寸 OLED曲面 三边流光溢彩金属超薄机身4K超高清智能液晶电视机（PHILIPS）","price":368800,"stock":10000,"image":"https://m.360buyimg.com/mobilecms/s720x720_jfs/t1/5966/19/11913/209097/5bd13c30Ea76804a8/6faec86cea020dd0.jpg!q70.jpg.webp","category":"曲面电视","brand":"飞利浦","spec":"{\"版本\": \"65英寸\"}","sold":0,"commentCount":0,"isAD":false,"status":1}]
18:33:33:796 DEBUG 23556 --- [http-nio-8082-exec-9] com.hmall.api.client.ItemClient          : [ItemClient#queryItemByIds] <--- END HTTP (446-byte body)
18:33:37:209 DEBUG 23556 --- [http-nio-8082-exec-10] com.hmall.cart.mapper.CartMapper.delete  : ==>  Preparing: DELETE FROM cart WHERE (user_id = ? AND item_id IN (?))
18:33:37:209 DEBUG 23556 --- [http-nio-8082-exec-10] com.hmall.cart.mapper.CartMapper.delete  : ==> Parameters: 1(Long), 3072507(Long)
18:33:37:211 DEBUG 23556 --- [http-nio-8082-exec-10] com.hmall.cart.mapper.CartMapper.delete  : <==    Updates: 1
18:33:37:491  INFO 23556 --- [rpcDispatch_RMROLE_1_4_24] i.s.c.r.p.c.RmBranchCommitProcessor      : rm client handle branch commit process:xid=192.168.244.130:8099:54638347730628646,branchId=54638347730628652,branchType=AT,resourceId=jdbc:mysql://192.168.244.130:3306/hm-cart,applicationData={"autoCommit":false}
18:33:37:491  INFO 23556 --- [rpcDispatch_RMROLE_1_4_24] io.seata.rm.AbstractRMHandler            : Branch committing: 192.168.244.130:8099:54638347730628646 54638347730628652 jdbc:mysql://192.168.244.130:3306/hm-cart {"autoCommit":false}
18:33:37:491  INFO 23556 --- [rpcDispatch_RMROLE_1_4_24] io.seata.rm.AbstractRMHandler            : Branch commit result: PhaseTwo_Committed
18:41:09:945 DEBUG 23556 --- [http-nio-8082-exec-3] c.h.cart.mapper.CartMapper.selectList    : ==>  Preparing: SELECT id,user_id,item_id,num,name,spec,price,image,create_time,update_time FROM cart WHERE (user_id = ?)
18:41:09:945 DEBUG 23556 --- [http-nio-8082-exec-3] c.h.cart.mapper.CartMapper.selectList    : ==> Parameters: 1(Long)
18:41:09:951 DEBUG 23556 --- [http-nio-8082-exec-3] c.h.cart.mapper.CartMapper.selectList    : <==      Total: 0
18:41:13:173 DEBUG 23556 --- [http-nio-8082-exec-4] c.h.cart.mapper.CartMapper.selectCount   : ==>  Preparing: SELECT COUNT( * ) FROM cart WHERE (user_id = ? AND item_id = ?)
18:41:13:173 DEBUG 23556 --- [http-nio-8082-exec-4] c.h.cart.mapper.CartMapper.selectCount   : ==> Parameters: 1(Long), 5001211(Long)
18:41:13:185 DEBUG 23556 --- [http-nio-8082-exec-4] c.h.cart.mapper.CartMapper.selectCount   : <==      Total: 1
18:41:13:187 DEBUG 23556 --- [http-nio-8082-exec-4] c.h.cart.mapper.CartMapper.selectCount   : ==>  Preparing: SELECT COUNT( * ) FROM cart WHERE (user_id = ?)
18:41:13:187 DEBUG 23556 --- [http-nio-8082-exec-4] c.h.cart.mapper.CartMapper.selectCount   : ==> Parameters: 1(Long)
18:41:13:188 DEBUG 23556 --- [http-nio-8082-exec-4] c.h.cart.mapper.CartMapper.selectCount   : <==      Total: 1
18:41:13:189 DEBUG 23556 --- [http-nio-8082-exec-4] com.hmall.cart.mapper.CartMapper.insert  : ==>  Preparing: INSERT INTO cart ( user_id, item_id, name, spec, price, image ) VALUES ( ?, ?, ?, ?, ?, ? )
18:41:13:189 DEBUG 23556 --- [http-nio-8082-exec-4] com.hmall.cart.mapper.CartMapper.insert  : ==> Parameters: 1(Long), 5001211(Long), 小米MIX2 全面屏游戏手机 6GB+128GB 黑色 全网通4G手机 双卡双待(String), {"颜色": "黑色"}(String), 889400(Integer), https://m.360buyimg.com/mobilecms/s720x720_jfs/t8560/160/1545664319/379719/b21a9fc1/59bb8668Ndb8458e7.jpg!q70.jpg.webp(String)
18:41:13:207 DEBUG 23556 --- [http-nio-8082-exec-4] com.hmall.cart.mapper.CartMapper.insert  : <==    Updates: 1
18:41:13:247 DEBUG 23556 --- [http-nio-8082-exec-5] c.h.cart.mapper.CartMapper.selectList    : ==>  Preparing: SELECT id,user_id,item_id,num,name,spec,price,image,create_time,update_time FROM cart WHERE (user_id = ?)
18:41:13:247 DEBUG 23556 --- [http-nio-8082-exec-5] c.h.cart.mapper.CartMapper.selectList    : ==> Parameters: 1(Long)
18:41:13:255 DEBUG 23556 --- [http-nio-8082-exec-5] c.h.cart.mapper.CartMapper.selectList    : <==      Total: 1
18:41:13:257 DEBUG 23556 --- [http-nio-8082-exec-5] com.hmall.api.client.ItemClient          : [ItemClient#queryItemByIds] ---> GET http://item-service/items?ids=5001211 HTTP/1.1
18:41:13:257 DEBUG 23556 --- [http-nio-8082-exec-5] com.hmall.api.client.ItemClient          : [ItemClient#queryItemByIds] user-info: 1
18:41:13:257 DEBUG 23556 --- [http-nio-8082-exec-5] com.hmall.api.client.ItemClient          : [ItemClient#queryItemByIds] ---> END HTTP (0-byte body)
18:41:13:774 DEBUG 23556 --- [http-nio-8082-exec-5] com.hmall.api.client.ItemClient          : [ItemClient#queryItemByIds] <--- HTTP/1.1 200  (516ms)
18:41:13:774 DEBUG 23556 --- [http-nio-8082-exec-5] com.hmall.api.client.ItemClient          : [ItemClient#queryItemByIds] connection: keep-alive
18:41:13:774 DEBUG 23556 --- [http-nio-8082-exec-5] com.hmall.api.client.ItemClient          : [ItemClient#queryItemByIds] content-type: application/json
18:41:13:774 DEBUG 23556 --- [http-nio-8082-exec-5] com.hmall.api.client.ItemClient          : [ItemClient#queryItemByIds] date: Mon, 09 Dec 2024 10:41:13 GMT
18:41:13:774 DEBUG 23556 --- [http-nio-8082-exec-5] com.hmall.api.client.ItemClient          : [ItemClient#queryItemByIds] keep-alive: timeout=60
18:41:13:774 DEBUG 23556 --- [http-nio-8082-exec-5] com.hmall.api.client.ItemClient          : [ItemClient#queryItemByIds] transfer-encoding: chunked
18:41:13:774 DEBUG 23556 --- [http-nio-8082-exec-5] com.hmall.api.client.ItemClient          : [ItemClient#queryItemByIds] 
18:41:13:774 DEBUG 23556 --- [http-nio-8082-exec-5] com.hmall.api.client.ItemClient          : [ItemClient#queryItemByIds] [{"id":"5001211","name":"小米MIX2 全面屏游戏手机 6GB+128GB 黑色 全网通4G手机 双卡双待","price":889400,"stock":10000,"image":"https://m.360buyimg.com/mobilecms/s720x720_jfs/t8560/160/1545664319/379719/b21a9fc1/59bb8668Ndb8458e7.jpg!q70.jpg.webp","category":"手机","brand":"小米","spec":"{\"颜色\": \"黑色\"}","sold":0,"commentCount":0,"isAD":false,"status":1}]
18:41:13:774 DEBUG 23556 --- [http-nio-8082-exec-5] com.hmall.api.client.ItemClient          : [ItemClient#queryItemByIds] <--- END HTTP (387-byte body)
18:41:16:989 DEBUG 23556 --- [http-nio-8082-exec-6] com.hmall.cart.mapper.CartMapper.delete  : ==>  Preparing: DELETE FROM cart WHERE (user_id = ? AND item_id IN (?))
18:41:16:989 DEBUG 23556 --- [http-nio-8082-exec-6] com.hmall.cart.mapper.CartMapper.delete  : ==> Parameters: 1(Long), 5001211(Long)
18:41:16:992 DEBUG 23556 --- [http-nio-8082-exec-6] com.hmall.cart.mapper.CartMapper.delete  : <==    Updates: 1
18:41:17:508  INFO 23556 --- [rpcDispatch_RMROLE_1_5_24] i.s.c.r.p.c.RmBranchCommitProcessor      : rm client handle branch commit process:xid=192.168.244.130:8099:54638347730628657,branchId=54638347730628664,branchType=AT,resourceId=jdbc:mysql://192.168.244.130:3306/hm-cart,applicationData={"autoCommit":false}
18:41:17:509  INFO 23556 --- [rpcDispatch_RMROLE_1_5_24] io.seata.rm.AbstractRMHandler            : Branch committing: 192.168.244.130:8099:54638347730628657 54638347730628664 jdbc:mysql://192.168.244.130:3306/hm-cart {"autoCommit":false}
18:41:17:509  INFO 23556 --- [rpcDispatch_RMROLE_1_5_24] io.seata.rm.AbstractRMHandler            : Branch commit result: PhaseTwo_Committed
18:46:04:554  WARN 23556 --- [Thread-5] c.a.nacos.common.notify.NotifyCenter     : [NotifyCenter] Start destroying Publisher
18:46:04:554  WARN 23556 --- [Thread-1] c.a.n.common.http.HttpClientBeanHolder   : [HttpClientBeanHolder] Start destroying common HttpClient
18:46:04:554  WARN 23556 --- [Thread-5] c.a.nacos.common.notify.NotifyCenter     : [NotifyCenter] Destruction of the end
18:46:04:555  WARN 23556 --- [Thread-1] c.a.n.common.http.HttpClientBeanHolder   : [HttpClientBeanHolder] Destruction of the end
18:46:04:742  INFO 23556 --- [SpringContextShutdownHook] c.a.c.n.registry.NacosServiceRegistry    : De-registering from Nacos Server now...
18:46:04:748  INFO 23556 --- [SpringContextShutdownHook] c.a.c.n.registry.NacosServiceRegistry    : De-registration finished.
18:46:05:075  INFO 23556 --- [SpringContextShutdownHook] com.alibaba.nacos.common.remote.client   : Shutdown rpc client, set status to shutdown
18:46:05:075  INFO 23556 --- [SpringContextShutdownHook] com.alibaba.nacos.common.remote.client   : Shutdown client event executor java.util.concurrent.ScheduledThreadPoolExecutor@6dca2c58[Running, pool size = 2, active threads = 2, queued tasks = 0, completed tasks = 0]
18:46:05:075  INFO 23556 --- [SpringContextShutdownHook] com.alibaba.nacos.common.remote.client   : Close current connection 1733738614552_192.168.244.1_59096
18:46:05:076  INFO 23556 --- [nacos-grpc-client-executor-570] c.a.n.c.remote.client.grpc.GrpcClient    : [1733738614552_192.168.244.1_59096]Ignore complete event,isRunning:false,isAbandon=false
18:46:05:078  INFO 23556 --- [SpringContextShutdownHook] c.a.n.c.remote.client.grpc.GrpcClient    : Shutdown grpc executor java.util.concurrent.ThreadPoolExecutor@62a025a0[Running, pool size = 5, active threads = 0, queued tasks = 0, completed tasks = 571]
18:46:05:082  INFO 23556 --- [SpringContextShutdownHook] com.zaxxer.hikari.HikariDataSource       : HikariPool-1 - Shutdown initiated...
18:46:05:105  INFO 23556 --- [SpringContextShutdownHook] com.zaxxer.hikari.HikariDataSource       : HikariPool-1 - Shutdown completed.
18:46:05:111  INFO 23556 --- [NettyClientSelector_RMROLE_1_1] i.s.c.r.n.AbstractNettyRemotingClient    : channel inactive: [id: 0x0fa38421, L:/192.168.244.1:59050 ! R:/192.168.244.130:8099]
18:46:05:112  INFO 23556 --- [NettyClientSelector_RMROLE_1_1] i.s.c.r.netty.NettyClientChannelManager  : return to pool, rm channel:[id: 0x0fa38421, L:/192.168.244.1:59050 ! R:/192.168.244.130:8099]
18:46:05:113  INFO 23556 --- [NettyClientSelector_RMROLE_1_1] i.s.core.rpc.netty.NettyPoolableFactory  : channel valid false,channel:[id: 0x0fa38421, L:/192.168.244.1:59050 ! R:/192.168.244.130:8099]
18:46:05:113  INFO 23556 --- [NettyClientSelector_RMROLE_1_1] i.s.core.rpc.netty.NettyPoolableFactory  : will destroy channel:[id: 0x0fa38421, L:/192.168.244.1:59050 ! R:/192.168.244.130:8099]
18:46:05:113  INFO 23556 --- [NettyClientSelector_RMROLE_1_1] i.s.c.r.n.AbstractNettyRemotingClient    : ChannelHandlerContext(AbstractNettyRemotingClient$ClientHandler#0, [id: 0x0fa38421, L:/192.168.244.1:59050 ! R:/192.168.244.130:8099]) will closed
18:46:05:113  INFO 23556 --- [NettyClientSelector_RMROLE_1_1] i.s.c.r.n.AbstractNettyRemotingClient    : ChannelHandlerContext(AbstractNettyRemotingClient$ClientHandler#0, [id: 0x0fa38421, L:/192.168.244.1:59050 ! R:/192.168.244.130:8099]) will closed
18:46:14:464  INFO 10532 --- [main] com.hmall.cart.CartApplication           : The following 1 profile is active: "local"
18:46:15:198 ERROR 10532 --- [main] o.s.boot.SpringApplication               : Application run failed

java.lang.IllegalStateException: Error processing condition on com.hmall.common.config.MyBatisConfig.mybatisPlusInterceptor
	at org.springframework.boot.autoconfigure.condition.SpringBootCondition.matches(SpringBootCondition.java:60) ~[spring-boot-autoconfigure-2.7.12.jar:2.7.12]
	at org.springframework.context.annotation.ConditionEvaluator.shouldSkip(ConditionEvaluator.java:108) ~[spring-context-5.3.27.jar:5.3.27]
	at org.springframework.context.annotation.ConfigurationClassBeanDefinitionReader.loadBeanDefinitionsForBeanMethod(ConfigurationClassBeanDefinitionReader.java:193) ~[spring-context-5.3.27.jar:5.3.27]
	at org.springframework.context.annotation.ConfigurationClassBeanDefinitionReader.loadBeanDefinitionsForConfigurationClass(ConfigurationClassBeanDefinitionReader.java:153) ~[spring-context-5.3.27.jar:5.3.27]
	at org.springframework.context.annotation.ConfigurationClassBeanDefinitionReader.loadBeanDefinitions(ConfigurationClassBeanDefinitionReader.java:129) ~[spring-context-5.3.27.jar:5.3.27]
	at org.springframework.context.annotation.ConfigurationClassPostProcessor.processConfigBeanDefinitions(ConfigurationClassPostProcessor.java:343) ~[spring-context-5.3.27.jar:5.3.27]
	at org.springframework.context.annotation.ConfigurationClassPostProcessor.postProcessBeanDefinitionRegistry(ConfigurationClassPostProcessor.java:247) ~[spring-context-5.3.27.jar:5.3.27]
	at org.springframework.context.support.PostProcessorRegistrationDelegate.invokeBeanDefinitionRegistryPostProcessors(PostProcessorRegistrationDelegate.java:311) ~[spring-context-5.3.27.jar:5.3.27]
	at org.springframework.context.support.PostProcessorRegistrationDelegate.invokeBeanFactoryPostProcessors(PostProcessorRegistrationDelegate.java:112) ~[spring-context-5.3.27.jar:5.3.27]
	at org.springframework.context.support.AbstractApplicationContext.invokeBeanFactoryPostProcessors(AbstractApplicationContext.java:748) ~[spring-context-5.3.27.jar:5.3.27]
	at org.springframework.context.support.AbstractApplicationContext.refresh(AbstractApplicationContext.java:564) ~[spring-context-5.3.27.jar:5.3.27]
	at org.springframework.boot.web.servlet.context.ServletWebServerApplicationContext.refresh(ServletWebServerApplicationContext.java:147) ~[spring-boot-2.7.12.jar:2.7.12]
	at org.springframework.boot.SpringApplication.refresh(SpringApplication.java:731) ~[spring-boot-2.7.12.jar:2.7.12]
	at org.springframework.boot.SpringApplication.refreshContext(SpringApplication.java:408) ~[spring-boot-2.7.12.jar:2.7.12]
	at org.springframework.boot.SpringApplication.run(SpringApplication.java:307) ~[spring-boot-2.7.12.jar:2.7.12]
	at org.springframework.boot.SpringApplication.run(SpringApplication.java:1303) ~[spring-boot-2.7.12.jar:2.7.12]
	at org.springframework.boot.SpringApplication.run(SpringApplication.java:1292) ~[spring-boot-2.7.12.jar:2.7.12]
	at com.hmall.cart.CartApplication.main(CartApplication.java:20) ~[classes/:na]
Caused by: java.lang.IllegalStateException: Failed to introspect Class [com.hmall.common.config.MqConfig] from ClassLoader [jdk.internal.loader.ClassLoaders$AppClassLoader@7b1d7fff]
	at org.springframework.util.ReflectionUtils.getDeclaredMethods(ReflectionUtils.java:485) ~[spring-core-5.3.27.jar:5.3.27]
	at org.springframework.util.ReflectionUtils.doWithMethods(ReflectionUtils.java:361) ~[spring-core-5.3.27.jar:5.3.27]
	at org.springframework.util.ReflectionUtils.getUniqueDeclaredMethods(ReflectionUtils.java:418) ~[spring-core-5.3.27.jar:5.3.27]
	at org.springframework.beans.factory.support.AbstractAutowireCapableBeanFactory.lambda$getTypeForFactoryMethod$2(AbstractAutowireCapableBeanFactory.java:765) ~[spring-beans-5.3.27.jar:5.3.27]
	at java.base/java.util.concurrent.ConcurrentHashMap.computeIfAbsent(ConcurrentHashMap.java:1705) ~[na:na]
	at org.springframework.beans.factory.support.AbstractAutowireCapableBeanFactory.getTypeForFactoryMethod(AbstractAutowireCapableBeanFactory.java:764) ~[spring-beans-5.3.27.jar:5.3.27]
	at org.springframework.beans.factory.support.AbstractAutowireCapableBeanFactory.determineTargetType(AbstractAutowireCapableBeanFactory.java:703) ~[spring-beans-5.3.27.jar:5.3.27]
	at org.springframework.beans.factory.support.AbstractAutowireCapableBeanFactory.predictBeanType(AbstractAutowireCapableBeanFactory.java:674) ~[spring-beans-5.3.27.jar:5.3.27]
	at org.springframework.beans.factory.support.AbstractBeanFactory.isFactoryBean(AbstractBeanFactory.java:1684) ~[spring-beans-5.3.27.jar:5.3.27]
	at org.springframework.beans.factory.support.DefaultListableBeanFactory.doGetBeanNamesForType(DefaultListableBeanFactory.java:570) ~[spring-beans-5.3.27.jar:5.3.27]
	at org.springframework.beans.factory.support.DefaultListableBeanFactory.getBeanNamesForType(DefaultListableBeanFactory.java:542) ~[spring-beans-5.3.27.jar:5.3.27]
	at org.springframework.boot.autoconfigure.condition.OnBeanCondition.collectBeanNamesForType(OnBeanCondition.java:246) ~[spring-boot-autoconfigure-2.7.12.jar:2.7.12]
	at org.springframework.boot.autoconfigure.condition.OnBeanCondition.getBeanNamesForType(OnBeanCondition.java:239) ~[spring-boot-autoconfigure-2.7.12.jar:2.7.12]
	at org.springframework.boot.autoconfigure.condition.OnBeanCondition.getBeanNamesForType(OnBeanCondition.java:229) ~[spring-boot-autoconfigure-2.7.12.jar:2.7.12]
	at org.springframework.boot.autoconfigure.condition.OnBeanCondition.getMatchingBeans(OnBeanCondition.java:182) ~[spring-boot-autoconfigure-2.7.12.jar:2.7.12]
	at org.springframework.boot.autoconfigure.condition.OnBeanCondition.getMatchOutcome(OnBeanCondition.java:157) ~[spring-boot-autoconfigure-2.7.12.jar:2.7.12]
	at org.springframework.boot.autoconfigure.condition.SpringBootCondition.matches(SpringBootCondition.java:47) ~[spring-boot-autoconfigure-2.7.12.jar:2.7.12]
	... 17 common frames omitted
Caused by: java.lang.NoClassDefFoundError: org/springframework/amqp/support/converter/MessageConverter
	at java.base/java.lang.Class.getDeclaredMethods0(Native Method) ~[na:na]
	at java.base/java.lang.Class.privateGetDeclaredMethods(Class.java:3166) ~[na:na]
	at java.base/java.lang.Class.getDeclaredMethods(Class.java:2309) ~[na:na]
	at org.springframework.util.ReflectionUtils.getDeclaredMethods(ReflectionUtils.java:467) ~[spring-core-5.3.27.jar:5.3.27]
	... 33 common frames omitted
Caused by: java.lang.ClassNotFoundException: org.springframework.amqp.support.converter.MessageConverter
	at java.base/jdk.internal.loader.BuiltinClassLoader.loadClass(BuiltinClassLoader.java:581) ~[na:na]
	at java.base/jdk.internal.loader.ClassLoaders$AppClassLoader.loadClass(ClassLoaders.java:178) ~[na:na]
	at java.base/java.lang.ClassLoader.loadClass(ClassLoader.java:521) ~[na:na]
	... 37 common frames omitted

18:46:15:199  WARN 10532 --- [main] o.s.boot.SpringApplication               : Unable to close ApplicationContext

java.lang.IllegalStateException: Failed to introspect Class [com.hmall.common.config.MqConfig] from ClassLoader [jdk.internal.loader.ClassLoaders$AppClassLoader@7b1d7fff]
	at org.springframework.util.ReflectionUtils.getDeclaredMethods(ReflectionUtils.java:485) ~[spring-core-5.3.27.jar:5.3.27]
	at org.springframework.util.ReflectionUtils.doWithMethods(ReflectionUtils.java:361) ~[spring-core-5.3.27.jar:5.3.27]
	at org.springframework.util.ReflectionUtils.getUniqueDeclaredMethods(ReflectionUtils.java:418) ~[spring-core-5.3.27.jar:5.3.27]
	at org.springframework.beans.factory.support.AbstractAutowireCapableBeanFactory.lambda$getTypeForFactoryMethod$2(AbstractAutowireCapableBeanFactory.java:765) ~[spring-beans-5.3.27.jar:5.3.27]
	at java.base/java.util.concurrent.ConcurrentHashMap.computeIfAbsent(ConcurrentHashMap.java:1705) ~[na:na]
	at org.springframework.beans.factory.support.AbstractAutowireCapableBeanFactory.getTypeForFactoryMethod(AbstractAutowireCapableBeanFactory.java:764) ~[spring-beans-5.3.27.jar:5.3.27]
	at org.springframework.beans.factory.support.AbstractAutowireCapableBeanFactory.determineTargetType(AbstractAutowireCapableBeanFactory.java:703) ~[spring-beans-5.3.27.jar:5.3.27]
	at org.springframework.beans.factory.support.AbstractAutowireCapableBeanFactory.predictBeanType(AbstractAutowireCapableBeanFactory.java:674) ~[spring-beans-5.3.27.jar:5.3.27]
	at org.springframework.beans.factory.support.AbstractBeanFactory.isFactoryBean(AbstractBeanFactory.java:1684) ~[spring-beans-5.3.27.jar:5.3.27]
	at org.springframework.beans.factory.support.DefaultListableBeanFactory.doGetBeanNamesForType(DefaultListableBeanFactory.java:570) ~[spring-beans-5.3.27.jar:5.3.27]
	at org.springframework.beans.factory.support.DefaultListableBeanFactory.getBeanNamesForType(DefaultListableBeanFactory.java:542) ~[spring-beans-5.3.27.jar:5.3.27]
	at org.springframework.beans.factory.support.DefaultListableBeanFactory.getBeansOfType(DefaultListableBeanFactory.java:669) ~[spring-beans-5.3.27.jar:5.3.27]
	at org.springframework.beans.factory.support.DefaultListableBeanFactory.getBeansOfType(DefaultListableBeanFactory.java:661) ~[spring-beans-5.3.27.jar:5.3.27]
	at org.springframework.context.support.AbstractApplicationContext.getBeansOfType(AbstractApplicationContext.java:1302) ~[spring-context-5.3.27.jar:5.3.27]
	at org.springframework.boot.SpringApplication.getExitCodeFromMappedException(SpringApplication.java:864) ~[spring-boot-2.7.12.jar:2.7.12]
	at org.springframework.boot.SpringApplication.getExitCodeFromException(SpringApplication.java:852) ~[spring-boot-2.7.12.jar:2.7.12]
	at org.springframework.boot.SpringApplication.handleExitCode(SpringApplication.java:839) ~[spring-boot-2.7.12.jar:2.7.12]
	at org.springframework.boot.SpringApplication.handleRunFailure(SpringApplication.java:779) ~[spring-boot-2.7.12.jar:2.7.12]
	at org.springframework.boot.SpringApplication.run(SpringApplication.java:317) ~[spring-boot-2.7.12.jar:2.7.12]
	at org.springframework.boot.SpringApplication.run(SpringApplication.java:1303) ~[spring-boot-2.7.12.jar:2.7.12]
	at org.springframework.boot.SpringApplication.run(SpringApplication.java:1292) ~[spring-boot-2.7.12.jar:2.7.12]
	at com.hmall.cart.CartApplication.main(CartApplication.java:20) ~[classes/:na]
Caused by: java.lang.NoClassDefFoundError: org/springframework/amqp/support/converter/MessageConverter
	at java.base/java.lang.Class.getDeclaredMethods0(Native Method) ~[na:na]
	at java.base/java.lang.Class.privateGetDeclaredMethods(Class.java:3166) ~[na:na]
	at java.base/java.lang.Class.getDeclaredMethods(Class.java:2309) ~[na:na]
	at org.springframework.util.ReflectionUtils.getDeclaredMethods(ReflectionUtils.java:467) ~[spring-core-5.3.27.jar:5.3.27]
	... 21 common frames omitted
Caused by: java.lang.ClassNotFoundException: org.springframework.amqp.support.converter.MessageConverter
	at java.base/jdk.internal.loader.BuiltinClassLoader.loadClass(BuiltinClassLoader.java:581) ~[na:na]
	at java.base/jdk.internal.loader.ClassLoaders$AppClassLoader.loadClass(ClassLoaders.java:178) ~[na:na]
	at java.base/java.lang.ClassLoader.loadClass(ClassLoader.java:521) ~[na:na]
	... 25 common frames omitted

18:46:28:851  INFO 22892 --- [main] com.hmall.cart.CartApplication           : The following 1 profile is active: "local"
18:46:29:528  INFO 22892 --- [main] o.s.cloud.context.scope.GenericScope     : BeanFactory id=c2b2459c-fc16-376f-92eb-3056e1411480
18:46:29:588  INFO 22892 --- [main] trationDelegate$BeanPostProcessorChecker : Bean 'io.seata.spring.boot.autoconfigure.SeataCoreAutoConfiguration' of type [io.seata.spring.boot.autoconfigure.SeataCoreAutoConfiguration] is not eligible for getting processed by all BeanPostProcessors (for example: not eligible for auto-proxying)
18:46:29:589  INFO 22892 --- [main] trationDelegate$BeanPostProcessorChecker : Bean 'springApplicationContextProvider' of type [io.seata.spring.boot.autoconfigure.provider.SpringApplicationContextProvider] is not eligible for getting processed by all BeanPostProcessors (for example: not eligible for auto-proxying)
18:46:29:589  INFO 22892 --- [main] trationDelegate$BeanPostProcessorChecker : Bean 'io.seata.spring.boot.autoconfigure.SeataAutoConfiguration' of type [io.seata.spring.boot.autoconfigure.SeataAutoConfiguration] is not eligible for getting processed by all BeanPostProcessors (for example: not eligible for auto-proxying)
18:46:29:609  INFO 22892 --- [main] trationDelegate$BeanPostProcessorChecker : Bean 'failureHandler' of type [io.seata.tm.api.DefaultFailureHandlerImpl] is not eligible for getting processed by all BeanPostProcessors (for example: not eligible for auto-proxying)
18:46:29:611  INFO 22892 --- [main] trationDelegate$BeanPostProcessorChecker : Bean 'org.springframework.cloud.commons.config.CommonsConfigAutoConfiguration' of type [org.springframework.cloud.commons.config.CommonsConfigAutoConfiguration] is not eligible for getting processed by all BeanPostProcessors (for example: not eligible for auto-proxying)
18:46:29:612  INFO 22892 --- [main] trationDelegate$BeanPostProcessorChecker : Bean 'org.springframework.cloud.client.loadbalancer.LoadBalancerDefaultMappingsProviderAutoConfiguration' of type [org.springframework.cloud.client.loadbalancer.LoadBalancerDefaultMappingsProviderAutoConfiguration] is not eligible for getting processed by all BeanPostProcessors (for example: not eligible for auto-proxying)
18:46:29:613  INFO 22892 --- [main] trationDelegate$BeanPostProcessorChecker : Bean 'loadBalancerClientsDefaultsMappingsProvider' of type [org.springframework.cloud.client.loadbalancer.LoadBalancerDefaultMappingsProviderAutoConfiguration$$Lambda$565/0x000000080063fc40] is not eligible for getting processed by all BeanPostProcessors (for example: not eligible for auto-proxying)
18:46:29:613  INFO 22892 --- [main] trationDelegate$BeanPostProcessorChecker : Bean 'defaultsBindHandlerAdvisor' of type [org.springframework.cloud.commons.config.DefaultsBindHandlerAdvisor] is not eligible for getting processed by all BeanPostProcessors (for example: not eligible for auto-proxying)
18:46:29:616  INFO 22892 --- [main] trationDelegate$BeanPostProcessorChecker : Bean 'springCloudAlibabaConfiguration' of type [io.seata.spring.boot.autoconfigure.properties.SpringCloudAlibabaConfiguration] is not eligible for getting processed by all BeanPostProcessors (for example: not eligible for auto-proxying)
18:46:29:618  INFO 22892 --- [main] trationDelegate$BeanPostProcessorChecker : Bean 'seataProperties' of type [io.seata.spring.boot.autoconfigure.properties.SeataProperties] is not eligible for getting processed by all BeanPostProcessors (for example: not eligible for auto-proxying)
18:46:29:620  INFO 22892 --- [main] i.s.s.b.a.SeataAutoConfiguration         : Automatically configure Seata
18:46:29:656  INFO 22892 --- [main] io.seata.config.ConfigurationFactory     : load Configuration from :Spring Configuration
18:46:29:659  INFO 22892 --- [main] io.seata.config.ConfigurationFactory     : load Configuration from :Spring Configuration
18:46:29:696  INFO 22892 --- [main] i.s.s.a.GlobalTransactionScanner         : Initializing Global Transaction Clients ... 
18:46:29:754  INFO 22892 --- [main] i.s.core.rpc.netty.NettyClientBootstrap  : NettyClientBootstrap has started
18:46:29:968  INFO 22892 --- [main] com.alibaba.nacos.common.remote.client   : [RpcClientFactory] create a new rpc client of 43b8237b-7d52-428d-af1c-71aa599e3eb6
18:46:29:969  INFO 22892 --- [main] com.alibaba.nacos.common.remote.client   : [43b8237b-7d52-428d-af1c-71aa599e3eb6] RpcClient init label, labels = {module=naming, source=sdk}
18:46:29:970  INFO 22892 --- [main] com.alibaba.nacos.common.remote.client   : [43b8237b-7d52-428d-af1c-71aa599e3eb6] RpcClient init, ServerListFactory = com.alibaba.nacos.client.naming.core.ServerListManager
18:46:29:970  INFO 22892 --- [main] com.alibaba.nacos.common.remote.client   : [43b8237b-7d52-428d-af1c-71aa599e3eb6] Registry connection listener to current client:com.alibaba.nacos.client.naming.remote.gprc.redo.NamingGrpcRedoService
18:46:29:970  INFO 22892 --- [main] com.alibaba.nacos.common.remote.client   : [43b8237b-7d52-428d-af1c-71aa599e3eb6] Register server push request handler:com.alibaba.nacos.client.naming.remote.gprc.NamingPushRequestHandler
18:46:29:970  INFO 22892 --- [main] com.alibaba.nacos.common.remote.client   : [43b8237b-7d52-428d-af1c-71aa599e3eb6] Try to connect to server on start up, server: {serverIp = '192.168.244.130', server main port = 8848}
18:46:30:099  INFO 22892 --- [main] com.alibaba.nacos.common.remote.client   : [43b8237b-7d52-428d-af1c-71aa599e3eb6] Success to connect to server [192.168.244.130:8848] on start up, connectionId = 1733741190369_192.168.244.1_64815
18:46:30:100  INFO 22892 --- [main] com.alibaba.nacos.common.remote.client   : [43b8237b-7d52-428d-af1c-71aa599e3eb6] Register server push request handler:com.alibaba.nacos.common.remote.client.RpcClient$ConnectResetRequestHandler
18:46:30:100  INFO 22892 --- [main] com.alibaba.nacos.common.remote.client   : [43b8237b-7d52-428d-af1c-71aa599e3eb6] Register server push request handler:com.alibaba.nacos.common.remote.client.RpcClient$$Lambda$473/0x000000080042e040
18:46:30:100  INFO 22892 --- [com.alibaba.nacos.client.remote.worker] com.alibaba.nacos.common.remote.client   : [43b8237b-7d52-428d-af1c-71aa599e3eb6] Notify connected event to listeners.
18:46:30:133  INFO 22892 --- [main] i.s.c.r.netty.NettyClientChannelManager  : will connect to 192.168.244.130:8099
18:46:30:266  INFO 22892 --- [main] i.s.core.rpc.netty.NettyPoolableFactory  : NettyPool create channel to transactionRole:TMROLE,address:192.168.244.130:8099,msg:< RegisterTMRequest{applicationId='cart-service', transactionServiceGroup='hmall'} >
18:46:30:461  INFO 22892 --- [main] i.s.c.rpc.netty.TmNettyRemotingClient    : register TM success. client version:1.5.2, server version:1.5.2,channel:[id: 0xc4e635c1, L:/192.168.244.1:64817 - R:/192.168.244.130:8099]
18:46:30:465  INFO 22892 --- [main] i.s.core.rpc.netty.NettyPoolableFactory  : register success, cost 33 ms, version:1.5.2,role:TMROLE,channel:[id: 0xc4e635c1, L:/192.168.244.1:64817 - R:/192.168.244.130:8099]
18:46:30:466  INFO 22892 --- [main] i.s.s.a.GlobalTransactionScanner         : Transaction Manager Client is initialized. applicationId[cart-service] txServiceGroup[hmall]
18:46:30:473  INFO 22892 --- [main] io.seata.rm.datasource.AsyncWorker       : Async Commit Buffer Limit: 10000
18:46:30:474  INFO 22892 --- [main] i.s.rm.datasource.xa.ResourceManagerXA   : ResourceManagerXA init ...
18:46:30:480  INFO 22892 --- [main] i.s.core.rpc.netty.NettyClientBootstrap  : NettyClientBootstrap has started
18:46:30:480  INFO 22892 --- [main] i.s.s.a.GlobalTransactionScanner         : Resource Manager is initialized. applicationId[cart-service] txServiceGroup[hmall]
18:46:30:480  INFO 22892 --- [main] i.s.s.a.GlobalTransactionScanner         : Global Transaction Clients are initialized. 
18:46:30:482  INFO 22892 --- [main] trationDelegate$BeanPostProcessorChecker : Bean 'io.seata.spring.boot.autoconfigure.SeataDataSourceAutoConfiguration' of type [io.seata.spring.boot.autoconfigure.SeataDataSourceAutoConfiguration] is not eligible for getting processed by all BeanPostProcessors (for example: not eligible for auto-proxying)
18:46:30:626  INFO 22892 --- [main] trationDelegate$BeanPostProcessorChecker : Bean 'com.alibaba.cloud.seata.feign.SeataFeignClientAutoConfiguration$FeignBeanPostProcessorConfiguration' of type [com.alibaba.cloud.seata.feign.SeataFeignClientAutoConfiguration$FeignBeanPostProcessorConfiguration] is not eligible for getting processed by all BeanPostProcessors (for example: not eligible for auto-proxying)
18:46:30:627  INFO 22892 --- [main] trationDelegate$BeanPostProcessorChecker : Bean 'seataFeignObjectWrapper' of type [com.alibaba.cloud.seata.feign.SeataFeignObjectWrapper] is not eligible for getting processed by all BeanPostProcessors (for example: not eligible for auto-proxying)
18:46:30:680  INFO 22892 --- [nacos-grpc-client-executor-6] com.alibaba.nacos.common.remote.client   : [43b8237b-7d52-428d-af1c-71aa599e3eb6] Receive server push request, request = NotifySubscriberRequest, requestId = 46
18:46:30:689  INFO 22892 --- [nacos-grpc-client-executor-6] com.alibaba.nacos.common.remote.client   : [43b8237b-7d52-428d-af1c-71aa599e3eb6] Ack server push request, request = NotifySubscriberRequest, requestId = 46
18:46:30:812  INFO 22892 --- [main] o.s.b.w.embedded.tomcat.TomcatWebServer  : Tomcat initialized with port(s): 8082 (http)
18:46:30:818  INFO 22892 --- [main] o.apache.catalina.core.StandardService   : Starting service [Tomcat]
18:46:30:818  INFO 22892 --- [main] org.apache.catalina.core.StandardEngine  : Starting Servlet engine: [Apache Tomcat/9.0.75]
18:46:30:937  INFO 22892 --- [main] o.a.c.c.C.[Tomcat].[localhost].[/]       : Initializing Spring embedded WebApplicationContext
18:46:30:937  INFO 22892 --- [main] w.s.c.ServletWebServerApplicationContext : Root WebApplicationContext: initialization completed in 2075 ms
18:46:31:131  INFO 22892 --- [main] o.s.c.openfeign.FeignClientFactoryBean   : For 'item-service' URL not provided. Will try picking an instance via load-balancing.
18:46:31:362  INFO 22892 --- [main] com.zaxxer.hikari.HikariDataSource       : HikariPool-1 - Starting...
18:46:31:514  INFO 22892 --- [main] com.zaxxer.hikari.HikariDataSource       : HikariPool-1 - Start completed.
18:46:31:566  INFO 22892 --- [main] i.s.c.r.netty.NettyClientChannelManager  : will connect to 192.168.244.130:8099
18:46:31:566  INFO 22892 --- [main] i.s.c.rpc.netty.RmNettyRemotingClient    : RM will register :jdbc:mysql://192.168.244.130:3306/hm-cart
18:46:31:567  INFO 22892 --- [main] i.s.core.rpc.netty.NettyPoolableFactory  : NettyPool create channel to transactionRole:RMROLE,address:192.168.244.130:8099,msg:< RegisterRMRequest{resourceIds='jdbc:mysql://192.168.244.130:3306/hm-cart', applicationId='cart-service', transactionServiceGroup='hmall'} >
18:46:31:576  INFO 22892 --- [main] i.s.c.rpc.netty.RmNettyRemotingClient    : register RM success. client version:1.5.2, server version:1.5.2,channel:[id: 0x7cf42f5f, L:/192.168.244.1:64823 - R:/192.168.244.130:8099]
18:46:31:577  INFO 22892 --- [main] i.s.core.rpc.netty.NettyPoolableFactory  : register success, cost 8 ms, version:1.5.2,role:RMROLE,channel:[id: 0x7cf42f5f, L:/192.168.244.1:64823 - R:/192.168.244.130:8099]
18:46:32:261  INFO 22892 --- [main] c.a.c.sentinel.SentinelWebMvcConfigurer  : [Sentinel Starter] register SentinelWebInterceptor with urlPatterns: [/**].
18:46:33:682  INFO 22892 --- [main] o.s.cloud.commons.util.InetUtils         : Cannot determine local hostname
18:46:33:720  INFO 22892 --- [main] pertySourcedRequestMappingHandlerMapping : Mapped URL path [/v2/api-docs] onto method [springfox.documentation.swagger2.web.Swagger2ControllerWebMvc#getDocumentation(String, HttpServletRequest)]
18:46:34:946  INFO 22892 --- [main] o.s.cloud.commons.util.InetUtils         : Cannot determine local hostname
18:46:35:024  INFO 22892 --- [main] com.alibaba.nacos.common.remote.client   : [RpcClientFactory] create a new rpc client of 9f36a5c4-d41f-4bdd-b7dc-bf15b69f0b7f
18:46:35:025  INFO 22892 --- [main] com.alibaba.nacos.common.remote.client   : [9f36a5c4-d41f-4bdd-b7dc-bf15b69f0b7f] RpcClient init label, labels = {module=naming, source=sdk}
18:46:35:025  INFO 22892 --- [main] com.alibaba.nacos.common.remote.client   : [9f36a5c4-d41f-4bdd-b7dc-bf15b69f0b7f] RpcClient init, ServerListFactory = com.alibaba.nacos.client.naming.core.ServerListManager
18:46:35:025  INFO 22892 --- [main] com.alibaba.nacos.common.remote.client   : [9f36a5c4-d41f-4bdd-b7dc-bf15b69f0b7f] Registry connection listener to current client:com.alibaba.nacos.client.naming.remote.gprc.redo.NamingGrpcRedoService
18:46:35:025  INFO 22892 --- [main] com.alibaba.nacos.common.remote.client   : [9f36a5c4-d41f-4bdd-b7dc-bf15b69f0b7f] Register server push request handler:com.alibaba.nacos.client.naming.remote.gprc.NamingPushRequestHandler
18:46:35:025  INFO 22892 --- [main] com.alibaba.nacos.common.remote.client   : [9f36a5c4-d41f-4bdd-b7dc-bf15b69f0b7f] Try to connect to server on start up, server: {serverIp = '192.168.244.130', server main port = 8848}
18:46:35:161  INFO 22892 --- [main] com.alibaba.nacos.common.remote.client   : [9f36a5c4-d41f-4bdd-b7dc-bf15b69f0b7f] Success to connect to server [192.168.244.130:8848] on start up, connectionId = 1733741195432_192.168.244.1_64839
18:46:35:161  INFO 22892 --- [main] com.alibaba.nacos.common.remote.client   : [9f36a5c4-d41f-4bdd-b7dc-bf15b69f0b7f] Register server push request handler:com.alibaba.nacos.common.remote.client.RpcClient$ConnectResetRequestHandler
18:46:35:161  INFO 22892 --- [main] com.alibaba.nacos.common.remote.client   : [9f36a5c4-d41f-4bdd-b7dc-bf15b69f0b7f] Register server push request handler:com.alibaba.nacos.common.remote.client.RpcClient$$Lambda$473/0x000000080042e040
18:46:35:161  INFO 22892 --- [com.alibaba.nacos.client.remote.worker] com.alibaba.nacos.common.remote.client   : [9f36a5c4-d41f-4bdd-b7dc-bf15b69f0b7f] Notify connected event to listeners.
18:46:35:186  INFO 22892 --- [main] o.s.b.w.embedded.tomcat.TomcatWebServer  : Tomcat started on port(s): 8082 (http) with context path ''
18:46:35:195  INFO 22892 --- [main] c.a.c.n.registry.NacosServiceRegistry    : nacos registry, DEFAULT_GROUP cart-service 192.168.229.1:8082 register finished
18:46:35:697  INFO 22892 --- [nacos-grpc-client-executor-7] com.alibaba.nacos.common.remote.client   : [9f36a5c4-d41f-4bdd-b7dc-bf15b69f0b7f] Receive server push request, request = NotifySubscriberRequest, requestId = 48
18:46:35:706  INFO 22892 --- [nacos-grpc-client-executor-7] com.alibaba.nacos.common.remote.client   : [9f36a5c4-d41f-4bdd-b7dc-bf15b69f0b7f] Ack server push request, request = NotifySubscriberRequest, requestId = 48
18:46:36:378  INFO 22892 --- [main] o.s.cloud.commons.util.InetUtils         : Cannot determine local hostname
18:46:36:378  INFO 22892 --- [main] d.s.w.p.DocumentationPluginsBootstrapper : Documentation plugins bootstrapped
18:46:36:380  INFO 22892 --- [main] d.s.w.p.DocumentationPluginsBootstrapper : Found 1 custom documentation plugin(s)
18:46:36:394  INFO 22892 --- [main] s.d.s.w.s.ApiListingReferenceScanner     : Scanning for api listing references
18:46:36:451  INFO 22892 --- [main] com.hmall.cart.CartApplication           : Started CartApplication in 11.894 seconds (JVM running for 12.804)
18:46:36:454  INFO 22892 --- [main] c.a.c.n.refresh.NacosContextRefresher    : [Nacos Config] Listening config: dataId=cart-service, group=DEFAULT_GROUP
18:46:36:456  INFO 22892 --- [main] c.a.c.n.refresh.NacosContextRefresher    : [Nacos Config] Listening config: dataId=cart-service.yaml, group=DEFAULT_GROUP
18:46:36:456  INFO 22892 --- [main] c.a.c.n.refresh.NacosContextRefresher    : [Nacos Config] Listening config: dataId=cart-service-local.yaml, group=DEFAULT_GROUP
19:12:00:145  WARN 22892 --- [Thread-1] c.a.n.common.http.HttpClientBeanHolder   : [HttpClientBeanHolder] Start destroying common HttpClient
19:12:00:145  WARN 22892 --- [Thread-5] c.a.nacos.common.notify.NotifyCenter     : [NotifyCenter] Start destroying Publisher
19:12:00:145  WARN 22892 --- [Thread-5] c.a.nacos.common.notify.NotifyCenter     : [NotifyCenter] Destruction of the end
19:12:00:146  WARN 22892 --- [Thread-1] c.a.n.common.http.HttpClientBeanHolder   : [HttpClientBeanHolder] Destruction of the end
19:12:00:404  INFO 22892 --- [SpringContextShutdownHook] c.a.c.n.registry.NacosServiceRegistry    : De-registering from Nacos Server now...
19:12:00:436  INFO 22892 --- [SpringContextShutdownHook] c.a.c.n.registry.NacosServiceRegistry    : De-registration finished.
19:12:00:761  INFO 22892 --- [SpringContextShutdownHook] com.alibaba.nacos.common.remote.client   : Shutdown rpc client, set status to shutdown
19:12:00:762  INFO 22892 --- [SpringContextShutdownHook] com.alibaba.nacos.common.remote.client   : Shutdown client event executor java.util.concurrent.ScheduledThreadPoolExecutor@50c72bcf[Running, pool size = 2, active threads = 2, queued tasks = 0, completed tasks = 0]
19:12:00:762  INFO 22892 --- [SpringContextShutdownHook] com.alibaba.nacos.common.remote.client   : Close current connection 1733741195432_192.168.244.1_64839
19:12:00:770  INFO 22892 --- [SpringContextShutdownHook] c.a.n.c.remote.client.grpc.GrpcClient    : Shutdown grpc executor java.util.concurrent.ThreadPoolExecutor@11488505[Running, pool size = 6, active threads = 0, queued tasks = 0, completed tasks = 351]
19:12:00:776  INFO 22892 --- [SpringContextShutdownHook] com.zaxxer.hikari.HikariDataSource       : HikariPool-1 - Shutdown initiated...
19:12:00:854  INFO 22892 --- [SpringContextShutdownHook] com.zaxxer.hikari.HikariDataSource       : HikariPool-1 - Shutdown completed.
19:12:00:864  INFO 22892 --- [NettyClientSelector_RMROLE_1_1] i.s.c.r.n.AbstractNettyRemotingClient    : channel inactive: [id: 0x7cf42f5f, L:/192.168.244.1:64823 ! R:/192.168.244.130:8099]
19:12:00:864  INFO 22892 --- [NettyClientSelector_RMROLE_1_1] i.s.c.r.netty.NettyClientChannelManager  : return to pool, rm channel:[id: 0x7cf42f5f, L:/192.168.244.1:64823 ! R:/192.168.244.130:8099]
19:12:00:864  INFO 22892 --- [NettyClientSelector_RMROLE_1_1] i.s.core.rpc.netty.NettyPoolableFactory  : channel valid false,channel:[id: 0x7cf42f5f, L:/192.168.244.1:64823 ! R:/192.168.244.130:8099]
19:12:00:864  INFO 22892 --- [NettyClientSelector_RMROLE_1_1] i.s.core.rpc.netty.NettyPoolableFactory  : will destroy channel:[id: 0x7cf42f5f, L:/192.168.244.1:64823 ! R:/192.168.244.130:8099]
19:12:00:865  INFO 22892 --- [NettyClientSelector_RMROLE_1_1] i.s.c.r.n.AbstractNettyRemotingClient    : ChannelHandlerContext(AbstractNettyRemotingClient$ClientHandler#0, [id: 0x7cf42f5f, L:/192.168.244.1:64823 ! R:/192.168.244.130:8099]) will closed
19:12:00:865  INFO 22892 --- [NettyClientSelector_RMROLE_1_1] i.s.c.r.n.AbstractNettyRemotingClient    : ChannelHandlerContext(AbstractNettyRemotingClient$ClientHandler#0, [id: 0x7cf42f5f, L:/192.168.244.1:64823 ! R:/192.168.244.130:8099]) will closed
