16:12:02:172  INFO 25384 --- [main] com.hmall.trade.TradeApplication         : Starting TradeApplication using Java 11.0.23 on 130com with PID 25384 (D:\workspace\stuspace\javaProject\hm-mall\hmall\trade-service\target\classes started by xi in D:\workspace\stuspace\javaProject\hm-mall\hmall)
16:12:02:174 DEBUG 25384 --- [main] com.hmall.trade.TradeApplication         : Running with Spring Boot v2.7.12, Spring v5.3.27
16:12:02:174  INFO 25384 --- [main] com.hmall.trade.TradeApplication         : The following 1 profile is active: "local"
16:12:03:425  INFO 25384 --- [main] o.s.cloud.context.scope.GenericScope     : BeanFactory id=617ae161-926b-3012-98e4-1e472aa397d0
16:12:03:933  INFO 25384 --- [main] o.s.b.w.embedded.tomcat.TomcatWebServer  : Tomcat initialized with port(s): 8085 (http)
16:12:03:944  INFO 25384 --- [main] o.apache.catalina.core.StandardService   : Starting service [Tomcat]
16:12:03:945  INFO 25384 --- [main] org.apache.catalina.core.StandardEngine  : Starting Servlet engine: [Apache Tomcat/9.0.75]
16:12:04:063  INFO 25384 --- [main] o.a.c.c.C.[Tomcat].[localhost].[/]       : Initializing Spring embedded WebApplicationContext
16:12:04:063  INFO 25384 --- [main] w.s.c.ServletWebServerApplicationContext : Root WebApplicationContext: initialization completed in 1832 ms
16:12:04:226  INFO 25384 --- [main] o.s.c.openfeign.FeignClientFactoryBean   : For 'item-service' URL not provided. Will try picking an instance via load-balancing.
16:12:04:990  INFO 25384 --- [main] o.s.c.openfeign.FeignClientFactoryBean   : For 'cart-service' URL not provided. Will try picking an instance via load-balancing.
16:12:06:654  INFO 25384 --- [main] o.s.cloud.commons.util.InetUtils         : Cannot determine local hostname
16:12:06:675  INFO 25384 --- [main] pertySourcedRequestMappingHandlerMapping : Mapped URL path [/v2/api-docs] onto method [springfox.documentation.swagger2.web.Swagger2ControllerWebMvc#getDocumentation(String, HttpServletRequest)]
16:12:07:918  INFO 25384 --- [main] o.s.cloud.commons.util.InetUtils         : Cannot determine local hostname
16:12:08:034  INFO 25384 --- [main] com.alibaba.nacos.common.remote.client   : [RpcClientFactory] create a new rpc client of cab41ecd-4661-44f0-9367-a08d5f51e787
16:12:08:065  INFO 25384 --- [main] org.reflections.Reflections              : Reflections took 17 ms to scan 1 urls, producing 3 keys and 6 values 
16:12:08:085  INFO 25384 --- [main] org.reflections.Reflections              : Reflections took 7 ms to scan 1 urls, producing 4 keys and 9 values 
16:12:08:093  INFO 25384 --- [main] org.reflections.Reflections              : Reflections took 7 ms to scan 1 urls, producing 3 keys and 10 values 
16:12:08:095  WARN 25384 --- [main] org.reflections.Reflections              : given scan urls are empty. set urls in the configuration
16:12:08:100  INFO 25384 --- [main] org.reflections.Reflections              : Reflections took 5 ms to scan 1 urls, producing 1 keys and 5 values 
16:12:08:108  INFO 25384 --- [main] org.reflections.Reflections              : Reflections took 6 ms to scan 1 urls, producing 1 keys and 7 values 
16:12:08:130  INFO 25384 --- [main] org.reflections.Reflections              : Reflections took 9 ms to scan 1 urls, producing 2 keys and 8 values 
16:12:08:135  WARN 25384 --- [main] org.reflections.Reflections              : given scan urls are empty. set urls in the configuration
16:12:08:136  INFO 25384 --- [main] com.alibaba.nacos.common.remote.client   : [cab41ecd-4661-44f0-9367-a08d5f51e787] RpcClient init label, labels = {module=naming, source=sdk}
16:12:08:139  INFO 25384 --- [main] com.alibaba.nacos.common.remote.client   : [cab41ecd-4661-44f0-9367-a08d5f51e787] RpcClient init, ServerListFactory = com.alibaba.nacos.client.naming.core.ServerListManager
16:12:08:139  INFO 25384 --- [main] com.alibaba.nacos.common.remote.client   : [cab41ecd-4661-44f0-9367-a08d5f51e787] Registry connection listener to current client:com.alibaba.nacos.client.naming.remote.gprc.redo.NamingGrpcRedoService
16:12:08:139  INFO 25384 --- [main] com.alibaba.nacos.common.remote.client   : [cab41ecd-4661-44f0-9367-a08d5f51e787] Register server push request handler:com.alibaba.nacos.client.naming.remote.gprc.NamingPushRequestHandler
16:12:08:140  INFO 25384 --- [main] com.alibaba.nacos.common.remote.client   : [cab41ecd-4661-44f0-9367-a08d5f51e787] Try to connect to server on start up, server: {serverIp = '192.168.244.129', server main port = 8848}
16:12:09:046  INFO 25384 --- [main] com.alibaba.nacos.common.remote.client   : [cab41ecd-4661-44f0-9367-a08d5f51e787] Success to connect to server [192.168.244.129:8848] on start up, connectionId = 1732608728077_192.168.244.1_57415
16:12:09:046  INFO 25384 --- [com.alibaba.nacos.client.remote.worker] com.alibaba.nacos.common.remote.client   : [cab41ecd-4661-44f0-9367-a08d5f51e787] Notify connected event to listeners.
16:12:09:047  INFO 25384 --- [main] com.alibaba.nacos.common.remote.client   : [cab41ecd-4661-44f0-9367-a08d5f51e787] Register server push request handler:com.alibaba.nacos.common.remote.client.RpcClient$ConnectResetRequestHandler
16:12:09:048  INFO 25384 --- [main] com.alibaba.nacos.common.remote.client   : [cab41ecd-4661-44f0-9367-a08d5f51e787] Register server push request handler:com.alibaba.nacos.common.remote.client.RpcClient$$Lambda$976/0x0000000800699c40
16:12:09:090  INFO 25384 --- [main] o.s.b.w.embedded.tomcat.TomcatWebServer  : Tomcat started on port(s): 8085 (http) with context path ''
16:12:09:101  INFO 25384 --- [main] c.a.c.n.registry.NacosServiceRegistry    : nacos registry, DEFAULT_GROUP trade-service 192.168.229.1:8085 register finished
16:12:09:610  INFO 25384 --- [nacos-grpc-client-executor-9] com.alibaba.nacos.common.remote.client   : [cab41ecd-4661-44f0-9367-a08d5f51e787] Receive server push request, request = NotifySubscriberRequest, requestId = 28
16:12:09:612  INFO 25384 --- [nacos-grpc-client-executor-9] com.alibaba.nacos.common.remote.client   : [cab41ecd-4661-44f0-9367-a08d5f51e787] Ack server push request, request = NotifySubscriberRequest, requestId = 28
16:12:10:280  INFO 25384 --- [main] o.s.cloud.commons.util.InetUtils         : Cannot determine local hostname
16:12:10:281  INFO 25384 --- [main] d.s.w.p.DocumentationPluginsBootstrapper : Documentation plugins bootstrapped
16:12:10:284  INFO 25384 --- [main] d.s.w.p.DocumentationPluginsBootstrapper : Found 1 custom documentation plugin(s)
16:12:10:313  INFO 25384 --- [main] s.d.s.w.s.ApiListingReferenceScanner     : Scanning for api listing references
16:12:10:444  INFO 25384 --- [main] com.hmall.trade.TradeApplication         : Started TradeApplication in 10.484 seconds (JVM running for 11.908)
16:12:13:710  INFO 25384 --- [http-nio-8085-exec-1] o.a.c.c.C.[Tomcat].[localhost].[/]       : Initializing Spring DispatcherServlet 'dispatcherServlet'
16:12:13:710  INFO 25384 --- [http-nio-8085-exec-1] o.s.web.servlet.DispatcherServlet        : Initializing Servlet 'dispatcherServlet'
16:12:13:713  INFO 25384 --- [http-nio-8085-exec-1] o.s.web.servlet.DispatcherServlet        : Completed initialization in 2 ms
16:12:48:870  INFO 25384 --- [http-nio-8085-exec-10] com.zaxxer.hikari.HikariDataSource       : HikariPool-1 - Starting...
16:12:49:138  INFO 25384 --- [http-nio-8085-exec-10] com.zaxxer.hikari.HikariDataSource       : HikariPool-1 - Start completed.
16:12:49:145 DEBUG 25384 --- [http-nio-8085-exec-10] c.h.trade.mapper.OrderMapper.selectById  : ==>  Preparing: SELECT id,total_fee,payment_type,user_id,status,create_time,pay_time,consign_time,end_time,close_time,comment_time,update_time FROM `order` WHERE id=?
16:12:49:161 DEBUG 25384 --- [http-nio-8085-exec-10] c.h.trade.mapper.OrderMapper.selectById  : ==> Parameters: 1654779387523936258(Long)
16:12:49:180 DEBUG 25384 --- [http-nio-8085-exec-10] c.h.trade.mapper.OrderMapper.selectById  : <==      Total: 1
16:13:18:091  WARN 25384 --- [Thread-7] c.a.n.common.http.HttpClientBeanHolder   : [HttpClientBeanHolder] Start destroying common HttpClient
16:13:18:091  WARN 25384 --- [Thread-4] c.a.nacos.common.notify.NotifyCenter     : [NotifyCenter] Start destroying Publisher
16:13:18:092  WARN 25384 --- [Thread-4] c.a.nacos.common.notify.NotifyCenter     : [NotifyCenter] Destruction of the end
16:13:18:093  WARN 25384 --- [Thread-7] c.a.n.common.http.HttpClientBeanHolder   : [HttpClientBeanHolder] Destruction of the end
16:13:18:376  INFO 25384 --- [SpringApplicationShutdownHook] c.a.c.n.registry.NacosServiceRegistry    : De-registering from Nacos Server now...
16:13:18:381  INFO 25384 --- [SpringApplicationShutdownHook] c.a.c.n.registry.NacosServiceRegistry    : De-registration finished.
16:13:18:710  INFO 25384 --- [SpringApplicationShutdownHook] com.alibaba.nacos.common.remote.client   : Shutdown rpc client, set status to shutdown
16:13:18:710  INFO 25384 --- [SpringApplicationShutdownHook] com.alibaba.nacos.common.remote.client   : Shutdown client event executor java.util.concurrent.ScheduledThreadPoolExecutor@126e852[Running, pool size = 2, active threads = 2, queued tasks = 0, completed tasks = 0]
16:13:18:710  INFO 25384 --- [SpringApplicationShutdownHook] com.alibaba.nacos.common.remote.client   : Close current connection 1732608728077_192.168.244.1_57415
16:13:18:711  INFO 25384 --- [nacos-grpc-client-executor-31] c.a.n.c.remote.client.grpc.GrpcClient    : [1732608728077_192.168.244.1_57415]Ignore complete event,isRunning:false,isAbandon=false
16:13:18:713  INFO 25384 --- [SpringApplicationShutdownHook] c.a.n.c.remote.client.grpc.GrpcClient    : Shutdown grpc executor java.util.concurrent.ThreadPoolExecutor@68c32bf8[Running, pool size = 7, active threads = 0, queued tasks = 0, completed tasks = 32]
16:13:18:716  INFO 25384 --- [SpringApplicationShutdownHook] com.zaxxer.hikari.HikariDataSource       : HikariPool-1 - Shutdown initiated...
16:13:18:727  INFO 25384 --- [SpringApplicationShutdownHook] com.zaxxer.hikari.HikariDataSource       : HikariPool-1 - Shutdown completed.
16:33:43:235  INFO 26072 --- [main] com.hmall.trade.TradeApplication         : Starting TradeApplication using Java 11.0.23 on 130com with PID 26072 (D:\workspace\stuspace\javaProject\hm-mall\hmall\trade-service\target\classes started by xi in D:\workspace\stuspace\javaProject\hm-mall\hmall)
16:33:43:236 DEBUG 26072 --- [main] com.hmall.trade.TradeApplication         : Running with Spring Boot v2.7.12, Spring v5.3.27
16:33:43:236  INFO 26072 --- [main] com.hmall.trade.TradeApplication         : The following 1 profile is active: "local"
16:33:44:497  INFO 26072 --- [main] o.s.cloud.context.scope.GenericScope     : BeanFactory id=33f68efe-c945-3cfa-bcee-e311426855ca
16:33:44:841  INFO 26072 --- [main] o.s.b.w.embedded.tomcat.TomcatWebServer  : Tomcat initialized with port(s): 8085 (http)
16:33:44:854  INFO 26072 --- [main] o.apache.catalina.core.StandardService   : Starting service [Tomcat]
16:33:44:854  INFO 26072 --- [main] org.apache.catalina.core.StandardEngine  : Starting Servlet engine: [Apache Tomcat/9.0.75]
16:33:45:026  INFO 26072 --- [main] o.a.c.c.C.[Tomcat].[localhost].[/]       : Initializing Spring embedded WebApplicationContext
16:33:45:027  INFO 26072 --- [main] w.s.c.ServletWebServerApplicationContext : Root WebApplicationContext: initialization completed in 1750 ms
16:33:45:284  INFO 26072 --- [main] o.s.c.openfeign.FeignClientFactoryBean   : For 'item-service' URL not provided. Will try picking an instance via load-balancing.
16:33:46:245  INFO 26072 --- [main] o.s.c.openfeign.FeignClientFactoryBean   : For 'cart-service' URL not provided. Will try picking an instance via load-balancing.
16:33:47:754  INFO 26072 --- [main] o.s.cloud.commons.util.InetUtils         : Cannot determine local hostname
16:33:47:776  INFO 26072 --- [main] pertySourcedRequestMappingHandlerMapping : Mapped URL path [/v2/api-docs] onto method [springfox.documentation.swagger2.web.Swagger2ControllerWebMvc#getDocumentation(String, HttpServletRequest)]
16:33:49:084  INFO 26072 --- [main] o.s.cloud.commons.util.InetUtils         : Cannot determine local hostname
16:33:49:215  INFO 26072 --- [main] com.alibaba.nacos.common.remote.client   : [RpcClientFactory] create a new rpc client of b73a2e29-8f2f-42b3-910e-f4c8ff327613
16:33:49:245  INFO 26072 --- [main] org.reflections.Reflections              : Reflections took 16 ms to scan 1 urls, producing 3 keys and 6 values 
16:33:49:264  INFO 26072 --- [main] org.reflections.Reflections              : Reflections took 7 ms to scan 1 urls, producing 4 keys and 9 values 
16:33:49:274  INFO 26072 --- [main] org.reflections.Reflections              : Reflections took 7 ms to scan 1 urls, producing 3 keys and 10 values 
16:33:49:276  WARN 26072 --- [main] org.reflections.Reflections              : given scan urls are empty. set urls in the configuration
16:33:49:283  INFO 26072 --- [main] org.reflections.Reflections              : Reflections took 6 ms to scan 1 urls, producing 1 keys and 5 values 
16:33:49:293  INFO 26072 --- [main] org.reflections.Reflections              : Reflections took 7 ms to scan 1 urls, producing 1 keys and 7 values 
16:33:49:312  INFO 26072 --- [main] org.reflections.Reflections              : Reflections took 17 ms to scan 1 urls, producing 2 keys and 8 values 
16:33:49:314  WARN 26072 --- [main] org.reflections.Reflections              : given scan urls are empty. set urls in the configuration
16:33:49:315  INFO 26072 --- [main] com.alibaba.nacos.common.remote.client   : [b73a2e29-8f2f-42b3-910e-f4c8ff327613] RpcClient init label, labels = {module=naming, source=sdk}
16:33:49:316  INFO 26072 --- [main] com.alibaba.nacos.common.remote.client   : [b73a2e29-8f2f-42b3-910e-f4c8ff327613] RpcClient init, ServerListFactory = com.alibaba.nacos.client.naming.core.ServerListManager
16:33:49:316  INFO 26072 --- [main] com.alibaba.nacos.common.remote.client   : [b73a2e29-8f2f-42b3-910e-f4c8ff327613] Registry connection listener to current client:com.alibaba.nacos.client.naming.remote.gprc.redo.NamingGrpcRedoService
16:33:49:317  INFO 26072 --- [main] com.alibaba.nacos.common.remote.client   : [b73a2e29-8f2f-42b3-910e-f4c8ff327613] Register server push request handler:com.alibaba.nacos.client.naming.remote.gprc.NamingPushRequestHandler
16:33:49:319  INFO 26072 --- [main] com.alibaba.nacos.common.remote.client   : [b73a2e29-8f2f-42b3-910e-f4c8ff327613] Try to connect to server on start up, server: {serverIp = '192.168.244.129', server main port = 8848}
16:33:50:337  INFO 26072 --- [main] com.alibaba.nacos.common.remote.client   : [b73a2e29-8f2f-42b3-910e-f4c8ff327613] Success to connect to server [192.168.244.129:8848] on start up, connectionId = 1732610029335_192.168.244.1_59480
16:33:50:337  INFO 26072 --- [com.alibaba.nacos.client.remote.worker] com.alibaba.nacos.common.remote.client   : [b73a2e29-8f2f-42b3-910e-f4c8ff327613] Notify connected event to listeners.
16:33:50:338  INFO 26072 --- [main] com.alibaba.nacos.common.remote.client   : [b73a2e29-8f2f-42b3-910e-f4c8ff327613] Register server push request handler:com.alibaba.nacos.common.remote.client.RpcClient$ConnectResetRequestHandler
16:33:50:338  INFO 26072 --- [main] com.alibaba.nacos.common.remote.client   : [b73a2e29-8f2f-42b3-910e-f4c8ff327613] Register server push request handler:com.alibaba.nacos.common.remote.client.RpcClient$$Lambda$976/0x0000000800699c40
16:33:50:388  INFO 26072 --- [main] o.s.b.w.embedded.tomcat.TomcatWebServer  : Tomcat started on port(s): 8085 (http) with context path ''
16:33:50:399  INFO 26072 --- [main] c.a.c.n.registry.NacosServiceRegistry    : nacos registry, DEFAULT_GROUP trade-service 192.168.229.1:8085 register finished
16:33:50:967  INFO 26072 --- [nacos-grpc-client-executor-10] com.alibaba.nacos.common.remote.client   : [b73a2e29-8f2f-42b3-910e-f4c8ff327613] Receive server push request, request = NotifySubscriberRequest, requestId = 32
16:33:50:986  INFO 26072 --- [nacos-grpc-client-executor-10] com.alibaba.nacos.common.remote.client   : [b73a2e29-8f2f-42b3-910e-f4c8ff327613] Ack server push request, request = NotifySubscriberRequest, requestId = 32
16:33:51:588  INFO 26072 --- [main] o.s.cloud.commons.util.InetUtils         : Cannot determine local hostname
16:33:51:589  INFO 26072 --- [main] d.s.w.p.DocumentationPluginsBootstrapper : Documentation plugins bootstrapped
16:33:51:593  INFO 26072 --- [main] d.s.w.p.DocumentationPluginsBootstrapper : Found 1 custom documentation plugin(s)
16:33:51:627  INFO 26072 --- [main] s.d.s.w.s.ApiListingReferenceScanner     : Scanning for api listing references
16:33:51:815  INFO 26072 --- [main] com.hmall.trade.TradeApplication         : Started TradeApplication in 10.417 seconds (JVM running for 11.633)
16:35:06:625  WARN 26072 --- [Thread-4] c.a.nacos.common.notify.NotifyCenter     : [NotifyCenter] Start destroying Publisher
16:35:06:625  WARN 26072 --- [Thread-7] c.a.n.common.http.HttpClientBeanHolder   : [HttpClientBeanHolder] Start destroying common HttpClient
16:35:06:626  WARN 26072 --- [Thread-4] c.a.nacos.common.notify.NotifyCenter     : [NotifyCenter] Destruction of the end
16:35:06:627  WARN 26072 --- [Thread-7] c.a.n.common.http.HttpClientBeanHolder   : [HttpClientBeanHolder] Destruction of the end
16:35:06:836  INFO 26072 --- [SpringApplicationShutdownHook] c.a.c.n.registry.NacosServiceRegistry    : De-registering from Nacos Server now...
16:35:06:842  INFO 26072 --- [SpringApplicationShutdownHook] c.a.c.n.registry.NacosServiceRegistry    : De-registration finished.
16:35:07:170  INFO 26072 --- [SpringApplicationShutdownHook] com.alibaba.nacos.common.remote.client   : Shutdown rpc client, set status to shutdown
16:35:07:170  INFO 26072 --- [SpringApplicationShutdownHook] com.alibaba.nacos.common.remote.client   : Shutdown client event executor java.util.concurrent.ScheduledThreadPoolExecutor@7d39df68[Running, pool size = 2, active threads = 2, queued tasks = 0, completed tasks = 0]
16:35:07:170  INFO 26072 --- [SpringApplicationShutdownHook] com.alibaba.nacos.common.remote.client   : Close current connection 1732610029335_192.168.244.1_59480
16:35:07:172  INFO 26072 --- [nacos-grpc-client-executor-40] c.a.n.c.remote.client.grpc.GrpcClient    : [1732610029335_192.168.244.1_59480]Ignore complete event,isRunning:false,isAbandon=false
16:35:07:174  INFO 26072 --- [SpringApplicationShutdownHook] c.a.n.c.remote.client.grpc.GrpcClient    : Shutdown grpc executor java.util.concurrent.ThreadPoolExecutor@41f3cf5b[Running, pool size = 7, active threads = 0, queued tasks = 0, completed tasks = 41]
