14:00:15:421  INFO 10444 --- [main] com.hmall.item.ItemApplication           : Starting ItemApplication using Java 11.0.23 on 130com with PID 10444 (D:\workspace\stuspace\javaProject\hm-mall\hmall\item-service\target\classes started by xi in D:\workspace\stuspace\javaProject\hm-mall\hmall)
14:00:15:428 DEBUG 10444 --- [main] com.hmall.item.ItemApplication           : Running with Spring Boot v2.7.12, Spring v5.3.27
14:00:15:430  INFO 10444 --- [main] com.hmall.item.ItemApplication           : The following 1 profile is active: "local"
14:00:17:928  INFO 10444 --- [main] o.s.cloud.context.scope.GenericScope     : BeanFactory id=0896a3c4-a260-3a14-abf3-a375d422cddf
14:00:18:746  INFO 10444 --- [main] o.s.b.w.embedded.tomcat.TomcatWebServer  : Tomcat initialized with port(s): 8081 (http)
14:00:18:777  INFO 10444 --- [main] o.apache.catalina.core.StandardService   : Starting service [Tomcat]
14:00:18:778  INFO 10444 --- [main] org.apache.catalina.core.StandardEngine  : Starting Servlet engine: [Apache Tomcat/9.0.75]
14:00:19:067  INFO 10444 --- [main] o.a.c.c.C.[Tomcat].[localhost].[/]       : Initializing Spring embedded WebApplicationContext
14:00:19:068  INFO 10444 --- [main] w.s.c.ServletWebServerApplicationContext : Root WebApplicationContext: initialization completed in 3559 ms
14:00:20:674  INFO 22516 --- [main] com.hmall.item.ItemApplication           : Starting ItemApplication using Java 11.0.23 on 130com with PID 22516 (D:\workspace\stuspace\javaProject\hm-mall\hmall\item-service\target\classes started by xi in D:\workspace\stuspace\javaProject\hm-mall\hmall)
14:00:20:675 DEBUG 22516 --- [main] com.hmall.item.ItemApplication           : Running with Spring Boot v2.7.12, Spring v5.3.27
14:00:20:676  INFO 22516 --- [main] com.hmall.item.ItemApplication           : The following 1 profile is active: "local"
14:00:22:135  INFO 22516 --- [main] o.s.cloud.context.scope.GenericScope     : BeanFactory id=0896a3c4-a260-3a14-abf3-a375d422cddf
14:00:22:605  INFO 22516 --- [main] o.s.b.w.embedded.tomcat.TomcatWebServer  : Tomcat initialized with port(s): 8083 (http)
14:00:22:620  INFO 22516 --- [main] o.apache.catalina.core.StandardService   : Starting service [Tomcat]
14:00:22:620  INFO 22516 --- [main] org.apache.catalina.core.StandardEngine  : Starting Servlet engine: [Apache Tomcat/9.0.75]
14:00:22:815  INFO 22516 --- [main] o.a.c.c.C.[Tomcat].[localhost].[/]       : Initializing Spring embedded WebApplicationContext
14:00:22:816  INFO 22516 --- [main] w.s.c.ServletWebServerApplicationContext : Root WebApplicationContext: initialization completed in 2082 ms
14:00:22:843  INFO 10444 --- [main] o.s.cloud.commons.util.InetUtils         : Cannot determine local hostname
14:00:22:942  INFO 10444 --- [main] pertySourcedRequestMappingHandlerMapping : Mapped URL path [/v2/api-docs] onto method [springfox.documentation.swagger2.web.Swagger2ControllerWebMvc#getDocumentation(String, HttpServletRequest)]
14:00:24:645  INFO 10444 --- [main] o.s.cloud.commons.util.InetUtils         : Cannot determine local hostname
14:00:25:060  INFO 10444 --- [main] com.alibaba.nacos.common.remote.client   : [RpcClientFactory] create a new rpc client of 89c32fb8-d5c7-4203-a93a-2f9b56f760dd
14:00:25:142  INFO 10444 --- [main] org.reflections.Reflections              : Reflections took 45 ms to scan 1 urls, producing 3 keys and 6 values 
14:00:25:203  INFO 10444 --- [main] org.reflections.Reflections              : Reflections took 21 ms to scan 1 urls, producing 4 keys and 9 values 
14:00:25:225  INFO 10444 --- [main] org.reflections.Reflections              : Reflections took 16 ms to scan 1 urls, producing 3 keys and 10 values 
14:00:25:234  WARN 10444 --- [main] org.reflections.Reflections              : given scan urls are empty. set urls in the configuration
14:00:25:253  INFO 10444 --- [main] org.reflections.Reflections              : Reflections took 17 ms to scan 1 urls, producing 1 keys and 5 values 
14:00:25:299  INFO 10444 --- [main] org.reflections.Reflections              : Reflections took 23 ms to scan 1 urls, producing 1 keys and 7 values 
14:00:25:320  INFO 10444 --- [main] org.reflections.Reflections              : Reflections took 16 ms to scan 1 urls, producing 2 keys and 8 values 
14:00:25:324  WARN 10444 --- [main] org.reflections.Reflections              : given scan urls are empty. set urls in the configuration
14:00:25:326  INFO 10444 --- [main] com.alibaba.nacos.common.remote.client   : [89c32fb8-d5c7-4203-a93a-2f9b56f760dd] RpcClient init label, labels = {module=naming, source=sdk}
14:00:25:330  INFO 10444 --- [main] com.alibaba.nacos.common.remote.client   : [89c32fb8-d5c7-4203-a93a-2f9b56f760dd] RpcClient init, ServerListFactory = com.alibaba.nacos.client.naming.core.ServerListManager
14:00:25:331  INFO 10444 --- [main] com.alibaba.nacos.common.remote.client   : [89c32fb8-d5c7-4203-a93a-2f9b56f760dd] Registry connection listener to current client:com.alibaba.nacos.client.naming.remote.gprc.redo.NamingGrpcRedoService
14:00:25:332  INFO 10444 --- [main] com.alibaba.nacos.common.remote.client   : [89c32fb8-d5c7-4203-a93a-2f9b56f760dd] Register server push request handler:com.alibaba.nacos.client.naming.remote.gprc.NamingPushRequestHandler
14:00:25:336  INFO 10444 --- [main] com.alibaba.nacos.common.remote.client   : [89c32fb8-d5c7-4203-a93a-2f9b56f760dd] Try to connect to server on start up, server: {serverIp = '192.168.244.130', server main port = 8848}
14:00:26:976  INFO 22516 --- [main] o.s.cloud.commons.util.InetUtils         : Cannot determine local hostname
14:00:27:056  INFO 22516 --- [main] pertySourcedRequestMappingHandlerMapping : Mapped URL path [/v2/api-docs] onto method [springfox.documentation.swagger2.web.Swagger2ControllerWebMvc#getDocumentation(String, HttpServletRequest)]
14:00:27:298  INFO 10444 --- [main] com.alibaba.nacos.common.remote.client   : [89c32fb8-d5c7-4203-a93a-2f9b56f760dd] Success to connect to server [192.168.244.130:8848] on start up, connectionId = 1733032826452_192.168.244.1_57801
14:00:27:301  INFO 10444 --- [main] com.alibaba.nacos.common.remote.client   : [89c32fb8-d5c7-4203-a93a-2f9b56f760dd] Register server push request handler:com.alibaba.nacos.common.remote.client.RpcClient$ConnectResetRequestHandler
14:00:27:301  INFO 10444 --- [com.alibaba.nacos.client.remote.worker] com.alibaba.nacos.common.remote.client   : [89c32fb8-d5c7-4203-a93a-2f9b56f760dd] Notify connected event to listeners.
14:00:27:302  INFO 10444 --- [main] com.alibaba.nacos.common.remote.client   : [89c32fb8-d5c7-4203-a93a-2f9b56f760dd] Register server push request handler:com.alibaba.nacos.common.remote.client.RpcClient$$Lambda$937/0x000000080068cc40
14:00:27:529  INFO 10444 --- [main] o.s.b.w.embedded.tomcat.TomcatWebServer  : Tomcat started on port(s): 8081 (http) with context path ''
14:00:27:603  INFO 10444 --- [main] c.a.c.n.registry.NacosServiceRegistry    : nacos registry, DEFAULT_GROUP item-service 192.168.229.1:8081 register finished
14:00:27:969  INFO 10444 --- [nacos-grpc-client-executor-8] com.alibaba.nacos.common.remote.client   : [89c32fb8-d5c7-4203-a93a-2f9b56f760dd] Receive server push request, request = NotifySubscriberRequest, requestId = 3
14:00:27:992  INFO 10444 --- [nacos-grpc-client-executor-8] com.alibaba.nacos.common.remote.client   : [89c32fb8-d5c7-4203-a93a-2f9b56f760dd] Ack server push request, request = NotifySubscriberRequest, requestId = 3
14:00:28:857  INFO 22516 --- [main] o.s.cloud.commons.util.InetUtils         : Cannot determine local hostname
14:00:29:181  INFO 10444 --- [main] o.s.cloud.commons.util.InetUtils         : Cannot determine local hostname
14:00:29:182  INFO 10444 --- [main] d.s.w.p.DocumentationPluginsBootstrapper : Documentation plugins bootstrapped
14:00:29:189  INFO 10444 --- [main] d.s.w.p.DocumentationPluginsBootstrapper : Found 1 custom documentation plugin(s)
14:00:29:273  INFO 10444 --- [main] s.d.s.w.s.ApiListingReferenceScanner     : Scanning for api listing references
14:00:29:381  INFO 22516 --- [main] com.alibaba.nacos.common.remote.client   : [RpcClientFactory] create a new rpc client of 542fe6b5-b31e-45ee-9121-193f35c4df29
14:00:29:491  INFO 22516 --- [main] org.reflections.Reflections              : Reflections took 55 ms to scan 1 urls, producing 3 keys and 6 values 
14:00:29:564  INFO 22516 --- [main] org.reflections.Reflections              : Reflections took 19 ms to scan 1 urls, producing 4 keys and 9 values 
14:00:29:588  INFO 22516 --- [main] org.reflections.Reflections              : Reflections took 16 ms to scan 1 urls, producing 3 keys and 10 values 
14:00:29:595  WARN 22516 --- [main] org.reflections.Reflections              : given scan urls are empty. set urls in the configuration
14:00:29:606  INFO 10444 --- [main] com.hmall.item.ItemApplication           : Started ItemApplication in 17.121 seconds (JVM running for 19.141)
14:00:29:613  INFO 22516 --- [main] org.reflections.Reflections              : Reflections took 16 ms to scan 1 urls, producing 1 keys and 5 values 
14:00:29:636  INFO 22516 --- [main] org.reflections.Reflections              : Reflections took 16 ms to scan 1 urls, producing 1 keys and 7 values 
14:00:29:658  INFO 22516 --- [main] org.reflections.Reflections              : Reflections took 15 ms to scan 1 urls, producing 2 keys and 8 values 
14:00:29:666  WARN 22516 --- [main] org.reflections.Reflections              : given scan urls are empty. set urls in the configuration
14:00:29:668  INFO 22516 --- [main] com.alibaba.nacos.common.remote.client   : [542fe6b5-b31e-45ee-9121-193f35c4df29] RpcClient init label, labels = {module=naming, source=sdk}
14:00:29:673  INFO 22516 --- [main] com.alibaba.nacos.common.remote.client   : [542fe6b5-b31e-45ee-9121-193f35c4df29] RpcClient init, ServerListFactory = com.alibaba.nacos.client.naming.core.ServerListManager
14:00:29:674  INFO 22516 --- [main] com.alibaba.nacos.common.remote.client   : [542fe6b5-b31e-45ee-9121-193f35c4df29] Registry connection listener to current client:com.alibaba.nacos.client.naming.remote.gprc.redo.NamingGrpcRedoService
14:00:29:676  INFO 22516 --- [main] com.alibaba.nacos.common.remote.client   : [542fe6b5-b31e-45ee-9121-193f35c4df29] Register server push request handler:com.alibaba.nacos.client.naming.remote.gprc.NamingPushRequestHandler
14:00:29:682  INFO 22516 --- [main] com.alibaba.nacos.common.remote.client   : [542fe6b5-b31e-45ee-9121-193f35c4df29] Try to connect to server on start up, server: {serverIp = '192.168.244.130', server main port = 8848}
14:00:32:254  INFO 22516 --- [main] com.alibaba.nacos.common.remote.client   : [542fe6b5-b31e-45ee-9121-193f35c4df29] Success to connect to server [192.168.244.130:8848] on start up, connectionId = 1733032831423_192.168.244.1_57872
14:00:32:255  INFO 22516 --- [com.alibaba.nacos.client.remote.worker] com.alibaba.nacos.common.remote.client   : [542fe6b5-b31e-45ee-9121-193f35c4df29] Notify connected event to listeners.
14:00:32:257  INFO 22516 --- [main] com.alibaba.nacos.common.remote.client   : [542fe6b5-b31e-45ee-9121-193f35c4df29] Register server push request handler:com.alibaba.nacos.common.remote.client.RpcClient$ConnectResetRequestHandler
14:00:32:258  INFO 22516 --- [main] com.alibaba.nacos.common.remote.client   : [542fe6b5-b31e-45ee-9121-193f35c4df29] Register server push request handler:com.alibaba.nacos.common.remote.client.RpcClient$$Lambda$937/0x0000000800695040
14:00:32:736  INFO 22516 --- [main] o.s.b.w.embedded.tomcat.TomcatWebServer  : Tomcat started on port(s): 8083 (http) with context path ''
14:00:32:859  INFO 22516 --- [main] c.a.c.n.registry.NacosServiceRegistry    : nacos registry, DEFAULT_GROUP item-service 192.168.229.1:8083 register finished
14:00:32:896  INFO 10444 --- [nacos-grpc-client-executor-11] com.alibaba.nacos.common.remote.client   : [89c32fb8-d5c7-4203-a93a-2f9b56f760dd] Receive server push request, request = NotifySubscriberRequest, requestId = 4
14:00:32:927  INFO 10444 --- [nacos-grpc-client-executor-11] com.alibaba.nacos.common.remote.client   : [89c32fb8-d5c7-4203-a93a-2f9b56f760dd] Ack server push request, request = NotifySubscriberRequest, requestId = 4
14:00:32:946  INFO 22516 --- [nacos-grpc-client-executor-8] com.alibaba.nacos.common.remote.client   : [542fe6b5-b31e-45ee-9121-193f35c4df29] Receive server push request, request = NotifySubscriberRequest, requestId = 5
14:00:32:974  INFO 22516 --- [nacos-grpc-client-executor-8] com.alibaba.nacos.common.remote.client   : [542fe6b5-b31e-45ee-9121-193f35c4df29] Ack server push request, request = NotifySubscriberRequest, requestId = 5
14:00:34:492  INFO 22516 --- [main] o.s.cloud.commons.util.InetUtils         : Cannot determine local hostname
14:00:34:494  INFO 22516 --- [main] d.s.w.p.DocumentationPluginsBootstrapper : Documentation plugins bootstrapped
14:00:34:501  INFO 22516 --- [main] d.s.w.p.DocumentationPluginsBootstrapper : Found 1 custom documentation plugin(s)
14:00:34:587  INFO 22516 --- [main] s.d.s.w.s.ApiListingReferenceScanner     : Scanning for api listing references
14:00:34:858  INFO 22516 --- [main] com.hmall.item.ItemApplication           : Started ItemApplication in 16.531 seconds (JVM running for 18.402)
14:11:41:372  INFO 10444 --- [http-nio-8081-exec-1] o.a.c.c.C.[Tomcat].[localhost].[/]       : Initializing Spring DispatcherServlet 'dispatcherServlet'
14:11:41:372  INFO 10444 --- [http-nio-8081-exec-1] o.s.web.servlet.DispatcherServlet        : Initializing Servlet 'dispatcherServlet'
14:11:41:374  INFO 10444 --- [http-nio-8081-exec-1] o.s.web.servlet.DispatcherServlet        : Completed initialization in 2 ms
14:11:41:439  INFO 10444 --- [http-nio-8081-exec-1] com.zaxxer.hikari.HikariDataSource       : HikariPool-1 - Starting...
14:11:41:664  INFO 10444 --- [http-nio-8081-exec-1] com.zaxxer.hikari.HikariDataSource       : HikariPool-1 - Start completed.
14:11:41:669 DEBUG 10444 --- [http-nio-8081-exec-1] c.h.i.mapper.ItemMapper.selectBatchIds   : ==>  Preparing: SELECT id,name,price,stock,image,category,brand,spec,sold,comment_count,isAD,status,create_time,update_time,creater,updater FROM item WHERE id IN ( ? )
14:11:41:684 DEBUG 10444 --- [http-nio-8081-exec-1] c.h.i.mapper.ItemMapper.selectBatchIds   : ==> Parameters: 100000006163(Long)
14:11:41:712 DEBUG 10444 --- [http-nio-8081-exec-1] c.h.i.mapper.ItemMapper.selectBatchIds   : <==      Total: 1
14:12:43:048  INFO 22516 --- [http-nio-8083-exec-4] o.a.c.c.C.[Tomcat].[localhost].[/]       : Initializing Spring DispatcherServlet 'dispatcherServlet'
14:12:43:048  INFO 22516 --- [http-nio-8083-exec-4] o.s.web.servlet.DispatcherServlet        : Initializing Servlet 'dispatcherServlet'
14:12:43:050  INFO 22516 --- [http-nio-8083-exec-4] o.s.web.servlet.DispatcherServlet        : Completed initialization in 2 ms
14:12:43:188  INFO 22516 --- [http-nio-8083-exec-4] com.zaxxer.hikari.HikariDataSource       : HikariPool-1 - Starting...
14:12:43:461  INFO 22516 --- [http-nio-8083-exec-4] com.zaxxer.hikari.HikariDataSource       : HikariPool-1 - Start completed.
14:12:43:467 DEBUG 22516 --- [http-nio-8083-exec-4] c.h.i.m.ItemMapper.selectPage_mpCount    : ==>  Preparing: SELECT COUNT(*) FROM item WHERE (status = ?)
14:12:43:483 DEBUG 22516 --- [http-nio-8083-exec-4] c.h.i.m.ItemMapper.selectPage_mpCount    : ==> Parameters: 1(Integer)
14:12:43:563 DEBUG 22516 --- [http-nio-8083-exec-4] c.h.i.m.ItemMapper.selectPage_mpCount    : <==      Total: 1
14:12:43:573 DEBUG 22516 --- [http-nio-8083-exec-4] c.h.item.mapper.ItemMapper.selectPage    : ==>  Preparing: SELECT id, name, price, stock, image, category, brand, spec, sold, comment_count, isAD, status, create_time, update_time, creater, updater FROM item WHERE (status = ?) ORDER BY update_time DESC LIMIT ?
14:12:43:574 DEBUG 22516 --- [http-nio-8083-exec-4] c.h.item.mapper.ItemMapper.selectPage    : ==> Parameters: 1(Integer), 20(Long)
14:12:43:598 DEBUG 22516 --- [http-nio-8083-exec-4] c.h.item.mapper.ItemMapper.selectPage    : <==      Total: 20
14:20:16:924 DEBUG 10444 --- [http-nio-8081-exec-7] c.h.i.m.ItemMapper.selectPage_mpCount    : ==>  Preparing: SELECT COUNT(*) FROM item WHERE (status = ?)
14:20:16:925 DEBUG 10444 --- [http-nio-8081-exec-7] c.h.i.m.ItemMapper.selectPage_mpCount    : ==> Parameters: 1(Integer)
14:20:16:946 DEBUG 10444 --- [http-nio-8081-exec-7] c.h.i.m.ItemMapper.selectPage_mpCount    : <==      Total: 1
14:20:16:955 DEBUG 10444 --- [http-nio-8081-exec-7] c.h.item.mapper.ItemMapper.selectPage    : ==>  Preparing: SELECT id, name, price, stock, image, category, brand, spec, sold, comment_count, isAD, status, create_time, update_time, creater, updater FROM item WHERE (status = ?) ORDER BY update_time DESC LIMIT ?
14:20:16:956 DEBUG 10444 --- [http-nio-8081-exec-7] c.h.item.mapper.ItemMapper.selectPage    : ==> Parameters: 1(Integer), 20(Long)
14:20:16:971 DEBUG 10444 --- [http-nio-8081-exec-7] c.h.item.mapper.ItemMapper.selectPage    : <==      Total: 20
14:20:19:327 DEBUG 22516 --- [http-nio-8083-exec-5] c.h.i.m.ItemMapper.selectPage_mpCount    : ==>  Preparing: SELECT COUNT(*) FROM item WHERE (status = ?)
14:20:19:328 DEBUG 22516 --- [http-nio-8083-exec-5] c.h.i.m.ItemMapper.selectPage_mpCount    : ==> Parameters: 1(Integer)
14:20:19:343 DEBUG 22516 --- [http-nio-8083-exec-5] c.h.i.m.ItemMapper.selectPage_mpCount    : <==      Total: 1
14:20:19:345 DEBUG 22516 --- [http-nio-8083-exec-5] c.h.item.mapper.ItemMapper.selectPage    : ==>  Preparing: SELECT id, name, price, stock, image, category, brand, spec, sold, comment_count, isAD, status, create_time, update_time, creater, updater FROM item WHERE (status = ?) ORDER BY update_time DESC LIMIT ?
14:20:19:346 DEBUG 22516 --- [http-nio-8083-exec-5] c.h.item.mapper.ItemMapper.selectPage    : ==> Parameters: 1(Integer), 20(Long)
14:20:19:351 DEBUG 22516 --- [http-nio-8083-exec-5] c.h.item.mapper.ItemMapper.selectPage    : <==      Total: 20
14:20:26:528 DEBUG 22516 --- [http-nio-8083-exec-8] c.h.i.mapper.ItemMapper.selectBatchIds   : ==>  Preparing: SELECT id,name,price,stock,image,category,brand,spec,sold,comment_count,isAD,status,create_time,update_time,creater,updater FROM item WHERE id IN ( ? )
14:20:26:528 DEBUG 22516 --- [http-nio-8083-exec-8] c.h.i.mapper.ItemMapper.selectBatchIds   : ==> Parameters: 2120808(Long)
14:20:26:530 DEBUG 22516 --- [http-nio-8083-exec-8] c.h.i.mapper.ItemMapper.selectBatchIds   : <==      Total: 1
14:21:49:705 DEBUG 22516 --- [http-nio-8083-exec-6] c.h.i.mapper.ItemMapper.selectBatchIds   : ==>  Preparing: SELECT id,name,price,stock,image,category,brand,spec,sold,comment_count,isAD,status,create_time,update_time,creater,updater FROM item WHERE id IN ( ? )
14:21:49:706 DEBUG 22516 --- [http-nio-8083-exec-6] c.h.i.mapper.ItemMapper.selectBatchIds   : ==> Parameters: 2120808(Long)
14:21:49:708 DEBUG 22516 --- [http-nio-8083-exec-6] c.h.i.mapper.ItemMapper.selectBatchIds   : <==      Total: 1
14:21:49:884  WARN 10444 --- [http-nio-8081-exec-2] c.h.item.service.impl.ItemServiceImpl    : SqlSession [org.apache.ibatis.session.defaults.DefaultSqlSession@170aabf0] Transaction not enabled
14:21:49:886 DEBUG 10444 --- [http-nio-8081-exec-2] c.h.item.mapper.ItemMapper.updateStock   : ==>  Preparing: UPDATE item SET stock = stock - ? WHERE id = ?
14:21:49:886 DEBUG 10444 --- [http-nio-8081-exec-2] c.h.item.mapper.ItemMapper.updateStock   : ==> Parameters: 1(Integer), 2120808(Long)
14:35:35:314 DEBUG 22516 --- [http-nio-8083-exec-7] c.h.i.mapper.ItemMapper.selectBatchIds   : ==>  Preparing: SELECT id,name,price,stock,image,category,brand,spec,sold,comment_count,isAD,status,create_time,update_time,creater,updater FROM item WHERE id IN ( ? )
14:35:35:315 DEBUG 22516 --- [http-nio-8083-exec-7] c.h.i.mapper.ItemMapper.selectBatchIds   : ==> Parameters: 2120808(Long)
14:35:35:321 DEBUG 22516 --- [http-nio-8083-exec-7] c.h.i.mapper.ItemMapper.selectBatchIds   : <==      Total: 1
14:35:35:386  WARN 10444 --- [http-nio-8081-exec-9] c.h.item.service.impl.ItemServiceImpl    : SqlSession [org.apache.ibatis.session.defaults.DefaultSqlSession@3d2777e9] Transaction not enabled
14:35:35:387 DEBUG 10444 --- [http-nio-8081-exec-9] c.h.item.mapper.ItemMapper.updateStock   : ==>  Preparing: UPDATE item SET stock = stock - ? WHERE id = ?
14:35:35:388 DEBUG 10444 --- [http-nio-8081-exec-9] c.h.item.mapper.ItemMapper.updateStock   : ==> Parameters: 1(Integer), 2120808(Long)
14:35:35:509 ERROR 10444 --- [http-nio-8081-exec-9] o.a.c.c.C.[.[.[/].[dispatcherServlet]    : Servlet.service() for servlet [dispatcherServlet] in context with path [] threw exception [Request processing failed; nested exception is com.hmall.common.exception.BizIllegalException: 更新库存异常，可能是库存不足!] with root cause

com.mysql.cj.jdbc.exceptions.MysqlDataTruncation: Data truncation: BIGINT UNSIGNED value is out of range in '(`hm-item`.`item`.`stock` - 1)'
	at com.mysql.cj.jdbc.exceptions.SQLExceptionsMapping.translateException(SQLExceptionsMapping.java:104) ~[mysql-connector-java-8.0.23.jar:8.0.23]
	at com.mysql.cj.jdbc.ClientPreparedStatement.executeInternal(ClientPreparedStatement.java:953) ~[mysql-connector-java-8.0.23.jar:8.0.23]
	at com.mysql.cj.jdbc.ClientPreparedStatement.executeUpdateInternal(ClientPreparedStatement.java:1092) ~[mysql-connector-java-8.0.23.jar:8.0.23]
	at com.mysql.cj.jdbc.ClientPreparedStatement.executeBatchSerially(ClientPreparedStatement.java:832) ~[mysql-connector-java-8.0.23.jar:8.0.23]
	at com.mysql.cj.jdbc.ClientPreparedStatement.executeBatchInternal(ClientPreparedStatement.java:435) ~[mysql-connector-java-8.0.23.jar:8.0.23]
	at com.mysql.cj.jdbc.StatementImpl.executeBatch(StatementImpl.java:794) ~[mysql-connector-java-8.0.23.jar:8.0.23]
	at com.zaxxer.hikari.pool.ProxyStatement.executeBatch(ProxyStatement.java:127) ~[HikariCP-4.0.3.jar:na]
	at com.zaxxer.hikari.pool.HikariProxyPreparedStatement.executeBatch(HikariProxyPreparedStatement.java) ~[HikariCP-4.0.3.jar:na]
	at java.base/jdk.internal.reflect.NativeMethodAccessorImpl.invoke0(Native Method) ~[na:na]
	at java.base/jdk.internal.reflect.NativeMethodAccessorImpl.invoke(NativeMethodAccessorImpl.java:62) ~[na:na]
	at java.base/jdk.internal.reflect.DelegatingMethodAccessorImpl.invoke(DelegatingMethodAccessorImpl.java:43) ~[na:na]
	at java.base/java.lang.reflect.Method.invoke(Method.java:566) ~[na:na]
	at org.apache.ibatis.logging.jdbc.PreparedStatementLogger.invoke(PreparedStatementLogger.java:78) ~[mybatis-3.5.7.jar:3.5.7]
	at com.sun.proxy.$Proxy132.executeBatch(Unknown Source) ~[na:na]
	at org.apache.ibatis.executor.BatchExecutor.doFlushStatements(BatchExecutor.java:123) ~[mybatis-3.5.7.jar:3.5.7]
	at org.apache.ibatis.executor.BaseExecutor.flushStatements(BaseExecutor.java:129) ~[mybatis-3.5.7.jar:3.5.7]
	at org.apache.ibatis.executor.BaseExecutor.flushStatements(BaseExecutor.java:122) ~[mybatis-3.5.7.jar:3.5.7]
	at org.apache.ibatis.executor.CachingExecutor.flushStatements(CachingExecutor.java:114) ~[mybatis-3.5.7.jar:3.5.7]
	at java.base/jdk.internal.reflect.NativeMethodAccessorImpl.invoke0(Native Method) ~[na:na]
	at java.base/jdk.internal.reflect.NativeMethodAccessorImpl.invoke(NativeMethodAccessorImpl.java:62) ~[na:na]
	at java.base/jdk.internal.reflect.DelegatingMethodAccessorImpl.invoke(DelegatingMethodAccessorImpl.java:43) ~[na:na]
	at java.base/java.lang.reflect.Method.invoke(Method.java:566) ~[na:na]
	at org.apache.ibatis.plugin.Plugin.invoke(Plugin.java:64) ~[mybatis-3.5.7.jar:3.5.7]
	at com.sun.proxy.$Proxy129.flushStatements(Unknown Source) ~[na:na]
	at org.apache.ibatis.session.defaults.DefaultSqlSession.flushStatements(DefaultSqlSession.java:249) ~[mybatis-3.5.7.jar:3.5.7]
	at com.baomidou.mybatisplus.extension.toolkit.SqlHelper.lambda$executeBatch$1(SqlHelper.java:210) ~[mybatis-plus-extension-3.4.3.jar:3.4.3]
	at com.baomidou.mybatisplus.extension.toolkit.SqlHelper.executeBatch(SqlHelper.java:169) ~[mybatis-plus-extension-3.4.3.jar:3.4.3]
	at com.baomidou.mybatisplus.extension.toolkit.SqlHelper.executeBatch(SqlHelper.java:204) ~[mybatis-plus-extension-3.4.3.jar:3.4.3]
	at com.baomidou.mybatisplus.extension.service.impl.ServiceImpl.executeBatch(ServiceImpl.java:248) ~[mybatis-plus-extension-3.4.3.jar:3.4.3]
	at com.baomidou.mybatisplus.extension.service.impl.ServiceImpl.executeBatch(ServiceImpl.java:261) ~[mybatis-plus-extension-3.4.3.jar:3.4.3]
	at com.hmall.item.service.impl.ItemServiceImpl.deductStock(ItemServiceImpl.java:31) ~[classes/:na]
	at com.hmall.item.service.impl.ItemServiceImpl$$FastClassBySpringCGLIB$$fe4365a9.invoke(<generated>) ~[classes/:na]
	at org.springframework.cglib.proxy.MethodProxy.invoke(MethodProxy.java:218) ~[spring-core-5.3.27.jar:5.3.27]
	at org.springframework.aop.framework.CglibAopProxy.invokeMethod(CglibAopProxy.java:386) ~[spring-aop-5.3.27.jar:5.3.27]
	at org.springframework.aop.framework.CglibAopProxy.access$000(CglibAopProxy.java:85) ~[spring-aop-5.3.27.jar:5.3.27]
	at org.springframework.aop.framework.CglibAopProxy$DynamicAdvisedInterceptor.intercept(CglibAopProxy.java:704) ~[spring-aop-5.3.27.jar:5.3.27]
	at com.hmall.item.service.impl.ItemServiceImpl$$EnhancerBySpringCGLIB$$98fe75ee.deductStock(<generated>) ~[classes/:na]
	at com.hmall.item.controller.ItemController.deductStock(ItemController.java:84) ~[classes/:na]
	at java.base/jdk.internal.reflect.NativeMethodAccessorImpl.invoke0(Native Method) ~[na:na]
	at java.base/jdk.internal.reflect.NativeMethodAccessorImpl.invoke(NativeMethodAccessorImpl.java:62) ~[na:na]
	at java.base/jdk.internal.reflect.DelegatingMethodAccessorImpl.invoke(DelegatingMethodAccessorImpl.java:43) ~[na:na]
	at java.base/java.lang.reflect.Method.invoke(Method.java:566) ~[na:na]
	at org.springframework.web.method.support.InvocableHandlerMethod.doInvoke(InvocableHandlerMethod.java:205) ~[spring-web-5.3.27.jar:5.3.27]
	at org.springframework.web.method.support.InvocableHandlerMethod.invokeForRequest(InvocableHandlerMethod.java:150) ~[spring-web-5.3.27.jar:5.3.27]
	at org.springframework.web.servlet.mvc.method.annotation.ServletInvocableHandlerMethod.invokeAndHandle(ServletInvocableHandlerMethod.java:117) ~[spring-webmvc-5.3.27.jar:5.3.27]
	at org.springframework.web.servlet.mvc.method.annotation.RequestMappingHandlerAdapter.invokeHandlerMethod(RequestMappingHandlerAdapter.java:895) ~[spring-webmvc-5.3.27.jar:5.3.27]
	at org.springframework.web.servlet.mvc.method.annotation.RequestMappingHandlerAdapter.handleInternal(RequestMappingHandlerAdapter.java:808) ~[spring-webmvc-5.3.27.jar:5.3.27]
	at org.springframework.web.servlet.mvc.method.AbstractHandlerMethodAdapter.handle(AbstractHandlerMethodAdapter.java:87) ~[spring-webmvc-5.3.27.jar:5.3.27]
	at org.springframework.web.servlet.DispatcherServlet.doDispatch(DispatcherServlet.java:1072) ~[spring-webmvc-5.3.27.jar:5.3.27]
	at org.springframework.web.servlet.DispatcherServlet.doService(DispatcherServlet.java:965) ~[spring-webmvc-5.3.27.jar:5.3.27]
	at org.springframework.web.servlet.FrameworkServlet.processRequest(FrameworkServlet.java:1006) ~[spring-webmvc-5.3.27.jar:5.3.27]
	at org.springframework.web.servlet.FrameworkServlet.doPut(FrameworkServlet.java:920) ~[spring-webmvc-5.3.27.jar:5.3.27]
	at javax.servlet.http.HttpServlet.service(HttpServlet.java:558) ~[tomcat-embed-core-9.0.75.jar:4.0.FR]
	at org.springframework.web.servlet.FrameworkServlet.service(FrameworkServlet.java:883) ~[spring-webmvc-5.3.27.jar:5.3.27]
	at javax.servlet.http.HttpServlet.service(HttpServlet.java:623) ~[tomcat-embed-core-9.0.75.jar:4.0.FR]
	at org.apache.catalina.core.ApplicationFilterChain.internalDoFilter(ApplicationFilterChain.java:209) ~[tomcat-embed-core-9.0.75.jar:9.0.75]
	at org.apache.catalina.core.ApplicationFilterChain.doFilter(ApplicationFilterChain.java:153) ~[tomcat-embed-core-9.0.75.jar:9.0.75]
	at org.apache.tomcat.websocket.server.WsFilter.doFilter(WsFilter.java:51) ~[tomcat-embed-websocket-9.0.75.jar:9.0.75]
	at org.apache.catalina.core.ApplicationFilterChain.internalDoFilter(ApplicationFilterChain.java:178) ~[tomcat-embed-core-9.0.75.jar:9.0.75]
	at org.apache.catalina.core.ApplicationFilterChain.doFilter(ApplicationFilterChain.java:153) ~[tomcat-embed-core-9.0.75.jar:9.0.75]
	at org.springframework.web.filter.RequestContextFilter.doFilterInternal(RequestContextFilter.java:100) ~[spring-web-5.3.27.jar:5.3.27]
	at org.springframework.web.filter.OncePerRequestFilter.doFilter(OncePerRequestFilter.java:117) ~[spring-web-5.3.27.jar:5.3.27]
	at org.apache.catalina.core.ApplicationFilterChain.internalDoFilter(ApplicationFilterChain.java:178) ~[tomcat-embed-core-9.0.75.jar:9.0.75]
	at org.apache.catalina.core.ApplicationFilterChain.doFilter(ApplicationFilterChain.java:153) ~[tomcat-embed-core-9.0.75.jar:9.0.75]
	at org.springframework.web.filter.FormContentFilter.doFilterInternal(FormContentFilter.java:93) ~[spring-web-5.3.27.jar:5.3.27]
	at org.springframework.web.filter.OncePerRequestFilter.doFilter(OncePerRequestFilter.java:117) ~[spring-web-5.3.27.jar:5.3.27]
	at org.apache.catalina.core.ApplicationFilterChain.internalDoFilter(ApplicationFilterChain.java:178) ~[tomcat-embed-core-9.0.75.jar:9.0.75]
	at org.apache.catalina.core.ApplicationFilterChain.doFilter(ApplicationFilterChain.java:153) ~[tomcat-embed-core-9.0.75.jar:9.0.75]
	at org.springframework.web.filter.CharacterEncodingFilter.doFilterInternal(CharacterEncodingFilter.java:201) ~[spring-web-5.3.27.jar:5.3.27]
	at org.springframework.web.filter.OncePerRequestFilter.doFilter(OncePerRequestFilter.java:117) ~[spring-web-5.3.27.jar:5.3.27]
	at org.apache.catalina.core.ApplicationFilterChain.internalDoFilter(ApplicationFilterChain.java:178) ~[tomcat-embed-core-9.0.75.jar:9.0.75]
	at org.apache.catalina.core.ApplicationFilterChain.doFilter(ApplicationFilterChain.java:153) ~[tomcat-embed-core-9.0.75.jar:9.0.75]
	at org.apache.catalina.core.StandardWrapperValve.invoke(StandardWrapperValve.java:167) ~[tomcat-embed-core-9.0.75.jar:9.0.75]
	at org.apache.catalina.core.StandardContextValve.invoke(StandardContextValve.java:90) ~[tomcat-embed-core-9.0.75.jar:9.0.75]
	at org.apache.catalina.authenticator.AuthenticatorBase.invoke(AuthenticatorBase.java:481) ~[tomcat-embed-core-9.0.75.jar:9.0.75]
	at org.apache.catalina.core.StandardHostValve.invoke(StandardHostValve.java:130) ~[tomcat-embed-core-9.0.75.jar:9.0.75]
	at org.apache.catalina.valves.ErrorReportValve.invoke(ErrorReportValve.java:93) ~[tomcat-embed-core-9.0.75.jar:9.0.75]
	at org.apache.catalina.core.StandardEngineValve.invoke(StandardEngineValve.java:74) ~[tomcat-embed-core-9.0.75.jar:9.0.75]
	at org.apache.catalina.connector.CoyoteAdapter.service(CoyoteAdapter.java:343) ~[tomcat-embed-core-9.0.75.jar:9.0.75]
	at org.apache.coyote.http11.Http11Processor.service(Http11Processor.java:390) ~[tomcat-embed-core-9.0.75.jar:9.0.75]
	at org.apache.coyote.AbstractProcessorLight.process(AbstractProcessorLight.java:63) ~[tomcat-embed-core-9.0.75.jar:9.0.75]
	at org.apache.coyote.AbstractProtocol$ConnectionHandler.process(AbstractProtocol.java:926) ~[tomcat-embed-core-9.0.75.jar:9.0.75]
	at org.apache.tomcat.util.net.NioEndpoint$SocketProcessor.doRun(NioEndpoint.java:1791) ~[tomcat-embed-core-9.0.75.jar:9.0.75]
	at org.apache.tomcat.util.net.SocketProcessorBase.run(SocketProcessorBase.java:52) ~[tomcat-embed-core-9.0.75.jar:9.0.75]
	at org.apache.tomcat.util.threads.ThreadPoolExecutor.runWorker(ThreadPoolExecutor.java:1191) ~[tomcat-embed-core-9.0.75.jar:9.0.75]
	at org.apache.tomcat.util.threads.ThreadPoolExecutor$Worker.run(ThreadPoolExecutor.java:659) ~[tomcat-embed-core-9.0.75.jar:9.0.75]
	at org.apache.tomcat.util.threads.TaskThread$WrappingRunnable.run(TaskThread.java:61) ~[tomcat-embed-core-9.0.75.jar:9.0.75]
	at java.base/java.lang.Thread.run(Thread.java:834) ~[na:na]

14:38:16:230 DEBUG 10444 --- [http-nio-8081-exec-4] c.h.i.mapper.ItemMapper.selectBatchIds   : ==>  Preparing: SELECT id,name,price,stock,image,category,brand,spec,sold,comment_count,isAD,status,create_time,update_time,creater,updater FROM item WHERE id IN ( ? , ? )
14:38:16:231 DEBUG 10444 --- [http-nio-8081-exec-4] c.h.i.mapper.ItemMapper.selectBatchIds   : ==> Parameters: 8533120(Long), 2120808(Long)
14:38:16:234 DEBUG 10444 --- [http-nio-8081-exec-4] c.h.i.mapper.ItemMapper.selectBatchIds   : <==      Total: 2
14:38:23:752 DEBUG 22516 --- [http-nio-8083-exec-4] c.h.i.mapper.ItemMapper.selectBatchIds   : ==>  Preparing: SELECT id,name,price,stock,image,category,brand,spec,sold,comment_count,isAD,status,create_time,update_time,creater,updater FROM item WHERE id IN ( ? )
14:38:23:753 DEBUG 22516 --- [http-nio-8083-exec-4] c.h.i.mapper.ItemMapper.selectBatchIds   : ==> Parameters: 8533120(Long)
14:38:23:754 DEBUG 22516 --- [http-nio-8083-exec-4] c.h.i.mapper.ItemMapper.selectBatchIds   : <==      Total: 1
14:38:49:439 DEBUG 22516 --- [http-nio-8083-exec-9] c.h.i.mapper.ItemMapper.selectBatchIds   : ==>  Preparing: SELECT id,name,price,stock,image,category,brand,spec,sold,comment_count,isAD,status,create_time,update_time,creater,updater FROM item WHERE id IN ( ? )
14:38:49:439 DEBUG 22516 --- [http-nio-8083-exec-9] c.h.i.mapper.ItemMapper.selectBatchIds   : ==> Parameters: 8533120(Long)
14:38:49:440 DEBUG 22516 --- [http-nio-8083-exec-9] c.h.i.mapper.ItemMapper.selectBatchIds   : <==      Total: 1
14:38:49:461  WARN 10444 --- [http-nio-8081-exec-5] c.h.item.service.impl.ItemServiceImpl    : SqlSession [org.apache.ibatis.session.defaults.DefaultSqlSession@45503ebf] Transaction not enabled
14:38:49:462 DEBUG 10444 --- [http-nio-8081-exec-5] c.h.item.mapper.ItemMapper.updateStock   : ==>  Preparing: UPDATE item SET stock = stock - ? WHERE id = ?
14:38:49:462 DEBUG 10444 --- [http-nio-8081-exec-5] c.h.item.mapper.ItemMapper.updateStock   : ==> Parameters: 1(Integer), 8533120(Long)
14:40:13:253  WARN 10444 --- [Thread-4] c.a.nacos.common.notify.NotifyCenter     : [NotifyCenter] Start destroying Publisher
14:40:13:253  WARN 10444 --- [Thread-7] c.a.n.common.http.HttpClientBeanHolder   : [HttpClientBeanHolder] Start destroying common HttpClient
14:40:13:253  WARN 10444 --- [Thread-4] c.a.nacos.common.notify.NotifyCenter     : [NotifyCenter] Destruction of the end
14:40:13:254  WARN 10444 --- [Thread-7] c.a.n.common.http.HttpClientBeanHolder   : [HttpClientBeanHolder] Destruction of the end
14:40:13:282  WARN 22516 --- [Thread-4] c.a.nacos.common.notify.NotifyCenter     : [NotifyCenter] Start destroying Publisher
14:40:13:282  WARN 22516 --- [Thread-7] c.a.n.common.http.HttpClientBeanHolder   : [HttpClientBeanHolder] Start destroying common HttpClient
14:40:13:282  WARN 22516 --- [Thread-4] c.a.nacos.common.notify.NotifyCenter     : [NotifyCenter] Destruction of the end
14:40:13:285  WARN 22516 --- [Thread-7] c.a.n.common.http.HttpClientBeanHolder   : [HttpClientBeanHolder] Destruction of the end
14:40:13:776  INFO 10444 --- [SpringApplicationShutdownHook] c.a.c.n.registry.NacosServiceRegistry    : De-registering from Nacos Server now...
14:40:13:792  INFO 10444 --- [SpringApplicationShutdownHook] c.a.c.n.registry.NacosServiceRegistry    : De-registration finished.
14:40:13:809  INFO 22516 --- [SpringApplicationShutdownHook] c.a.c.n.registry.NacosServiceRegistry    : De-registering from Nacos Server now...
14:40:13:830  INFO 22516 --- [SpringApplicationShutdownHook] c.a.c.n.registry.NacosServiceRegistry    : De-registration finished.
14:40:14:117  INFO 10444 --- [SpringApplicationShutdownHook] com.alibaba.nacos.common.remote.client   : Shutdown rpc client, set status to shutdown
14:40:14:117  INFO 10444 --- [SpringApplicationShutdownHook] com.alibaba.nacos.common.remote.client   : Shutdown client event executor java.util.concurrent.ScheduledThreadPoolExecutor@67e1fb16[Running, pool size = 2, active threads = 2, queued tasks = 0, completed tasks = 0]
14:40:14:117  INFO 10444 --- [SpringApplicationShutdownHook] com.alibaba.nacos.common.remote.client   : Close current connection 1733032826452_192.168.244.1_57801
14:40:14:120  INFO 10444 --- [nacos-grpc-client-executor-513] c.a.n.c.remote.client.grpc.GrpcClient    : [1733032826452_192.168.244.1_57801]Ignore complete event,isRunning:false,isAbandon=false
14:40:14:126  INFO 10444 --- [SpringApplicationShutdownHook] c.a.n.c.remote.client.grpc.GrpcClient    : Shutdown grpc executor java.util.concurrent.ThreadPoolExecutor@235406c7[Running, pool size = 5, active threads = 0, queued tasks = 0, completed tasks = 514]
14:40:14:133  INFO 10444 --- [SpringApplicationShutdownHook] com.zaxxer.hikari.HikariDataSource       : HikariPool-1 - Shutdown initiated...
14:40:14:153  INFO 10444 --- [SpringApplicationShutdownHook] com.zaxxer.hikari.HikariDataSource       : HikariPool-1 - Shutdown completed.
14:40:14:165  INFO 22516 --- [SpringApplicationShutdownHook] com.alibaba.nacos.common.remote.client   : Shutdown rpc client, set status to shutdown
14:40:14:165  INFO 22516 --- [SpringApplicationShutdownHook] com.alibaba.nacos.common.remote.client   : Shutdown client event executor java.util.concurrent.ScheduledThreadPoolExecutor@20f39272[Running, pool size = 2, active threads = 2, queued tasks = 0, completed tasks = 0]
14:40:14:165  INFO 22516 --- [SpringApplicationShutdownHook] com.alibaba.nacos.common.remote.client   : Close current connection 1733032831423_192.168.244.1_57872
14:40:14:168  INFO 22516 --- [nacos-grpc-client-executor-519] c.a.n.c.remote.client.grpc.GrpcClient    : [1733032831423_192.168.244.1_57872]Ignore complete event,isRunning:false,isAbandon=false
14:40:14:174  INFO 22516 --- [SpringApplicationShutdownHook] c.a.n.c.remote.client.grpc.GrpcClient    : Shutdown grpc executor java.util.concurrent.ThreadPoolExecutor@79ca9bcd[Running, pool size = 5, active threads = 0, queued tasks = 0, completed tasks = 520]
14:40:14:183  INFO 22516 --- [SpringApplicationShutdownHook] com.zaxxer.hikari.HikariDataSource       : HikariPool-1 - Shutdown initiated...
14:40:14:228  INFO 22516 --- [SpringApplicationShutdownHook] com.zaxxer.hikari.HikariDataSource       : HikariPool-1 - Shutdown completed.
14:40:37:334  INFO 23064 --- [main] com.hmall.item.ItemApplication           : Starting ItemApplication using Java 11.0.23 on 130com with PID 23064 (D:\workspace\stuspace\javaProject\hm-mall\hmall\item-service\target\classes started by xi in D:\workspace\stuspace\javaProject\hm-mall\hmall)
14:40:37:338 DEBUG 23064 --- [main] com.hmall.item.ItemApplication           : Running with Spring Boot v2.7.12, Spring v5.3.27
14:40:37:338  INFO 23064 --- [main] com.hmall.item.ItemApplication           : The following 1 profile is active: "local"
14:40:38:512  INFO 23064 --- [main] o.s.cloud.context.scope.GenericScope     : BeanFactory id=0896a3c4-a260-3a14-abf3-a375d422cddf
14:40:38:936  INFO 23064 --- [main] o.s.b.w.embedded.tomcat.TomcatWebServer  : Tomcat initialized with port(s): 8081 (http)
14:40:38:964  INFO 23064 --- [main] o.apache.catalina.core.StandardService   : Starting service [Tomcat]
14:40:38:965  INFO 23064 --- [main] org.apache.catalina.core.StandardEngine  : Starting Servlet engine: [Apache Tomcat/9.0.75]
14:40:39:193  INFO 23064 --- [main] o.a.c.c.C.[Tomcat].[localhost].[/]       : Initializing Spring embedded WebApplicationContext
14:40:39:194  INFO 23064 --- [main] w.s.c.ServletWebServerApplicationContext : Root WebApplicationContext: initialization completed in 1805 ms
14:40:39:788  INFO 24656 --- [main] com.hmall.item.ItemApplication           : Starting ItemApplication using Java 11.0.23 on 130com with PID 24656 (D:\workspace\stuspace\javaProject\hm-mall\hmall\item-service\target\classes started by xi in D:\workspace\stuspace\javaProject\hm-mall\hmall)
14:40:39:790 DEBUG 24656 --- [main] com.hmall.item.ItemApplication           : Running with Spring Boot v2.7.12, Spring v5.3.27
14:40:39:791  INFO 24656 --- [main] com.hmall.item.ItemApplication           : The following 1 profile is active: "local"
14:40:41:135  INFO 24656 --- [main] o.s.cloud.context.scope.GenericScope     : BeanFactory id=0896a3c4-a260-3a14-abf3-a375d422cddf
14:40:41:580  INFO 24656 --- [main] o.s.b.w.embedded.tomcat.TomcatWebServer  : Tomcat initialized with port(s): 8083 (http)
14:40:41:589  INFO 24656 --- [main] o.apache.catalina.core.StandardService   : Starting service [Tomcat]
14:40:41:590  INFO 24656 --- [main] org.apache.catalina.core.StandardEngine  : Starting Servlet engine: [Apache Tomcat/9.0.75]
14:40:41:742  INFO 24656 --- [main] o.a.c.c.C.[Tomcat].[localhost].[/]       : Initializing Spring embedded WebApplicationContext
14:40:41:742  INFO 24656 --- [main] w.s.c.ServletWebServerApplicationContext : Root WebApplicationContext: initialization completed in 1889 ms
14:40:42:901  INFO 23064 --- [main] o.s.cloud.commons.util.InetUtils         : Cannot determine local hostname
14:40:42:940  INFO 23064 --- [main] pertySourcedRequestMappingHandlerMapping : Mapped URL path [/v2/api-docs] onto method [springfox.documentation.swagger2.web.Swagger2ControllerWebMvc#getDocumentation(String, HttpServletRequest)]
14:40:44:580  INFO 23064 --- [main] o.s.cloud.commons.util.InetUtils         : Cannot determine local hostname
14:40:44:724  INFO 23064 --- [main] com.alibaba.nacos.common.remote.client   : [RpcClientFactory] create a new rpc client of b886def7-2040-4063-8d4b-e69c7f017019
14:40:44:760  INFO 23064 --- [main] org.reflections.Reflections              : Reflections took 21 ms to scan 1 urls, producing 3 keys and 6 values 
14:40:44:778  INFO 23064 --- [main] org.reflections.Reflections              : Reflections took 7 ms to scan 1 urls, producing 4 keys and 9 values 
14:40:44:794  INFO 23064 --- [main] org.reflections.Reflections              : Reflections took 14 ms to scan 1 urls, producing 3 keys and 10 values 
14:40:44:796  WARN 23064 --- [main] org.reflections.Reflections              : given scan urls are empty. set urls in the configuration
14:40:44:802  INFO 23064 --- [main] org.reflections.Reflections              : Reflections took 6 ms to scan 1 urls, producing 1 keys and 5 values 
14:40:44:810  INFO 23064 --- [main] org.reflections.Reflections              : Reflections took 7 ms to scan 1 urls, producing 1 keys and 7 values 
14:40:44:821  INFO 23064 --- [main] org.reflections.Reflections              : Reflections took 8 ms to scan 1 urls, producing 2 keys and 8 values 
14:40:44:822  WARN 23064 --- [main] org.reflections.Reflections              : given scan urls are empty. set urls in the configuration
14:40:44:823  INFO 23064 --- [main] com.alibaba.nacos.common.remote.client   : [b886def7-2040-4063-8d4b-e69c7f017019] RpcClient init label, labels = {module=naming, source=sdk}
14:40:44:824  INFO 23064 --- [main] com.alibaba.nacos.common.remote.client   : [b886def7-2040-4063-8d4b-e69c7f017019] RpcClient init, ServerListFactory = com.alibaba.nacos.client.naming.core.ServerListManager
14:40:44:824  INFO 23064 --- [main] com.alibaba.nacos.common.remote.client   : [b886def7-2040-4063-8d4b-e69c7f017019] Registry connection listener to current client:com.alibaba.nacos.client.naming.remote.gprc.redo.NamingGrpcRedoService
14:40:44:825  INFO 23064 --- [main] com.alibaba.nacos.common.remote.client   : [b886def7-2040-4063-8d4b-e69c7f017019] Register server push request handler:com.alibaba.nacos.client.naming.remote.gprc.NamingPushRequestHandler
14:40:44:826  INFO 23064 --- [main] com.alibaba.nacos.common.remote.client   : [b886def7-2040-4063-8d4b-e69c7f017019] Try to connect to server on start up, server: {serverIp = '192.168.244.130', server main port = 8848}
14:40:45:291  INFO 24656 --- [main] o.s.cloud.commons.util.InetUtils         : Cannot determine local hostname
14:40:45:322  INFO 24656 --- [main] pertySourcedRequestMappingHandlerMapping : Mapped URL path [/v2/api-docs] onto method [springfox.documentation.swagger2.web.Swagger2ControllerWebMvc#getDocumentation(String, HttpServletRequest)]
14:40:46:107  INFO 23064 --- [main] com.alibaba.nacos.common.remote.client   : [b886def7-2040-4063-8d4b-e69c7f017019] Success to connect to server [192.168.244.130:8848] on start up, connectionId = 1733035245361_192.168.244.1_63661
14:40:46:108  INFO 23064 --- [com.alibaba.nacos.client.remote.worker] com.alibaba.nacos.common.remote.client   : [b886def7-2040-4063-8d4b-e69c7f017019] Notify connected event to listeners.
14:40:46:108  INFO 23064 --- [main] com.alibaba.nacos.common.remote.client   : [b886def7-2040-4063-8d4b-e69c7f017019] Register server push request handler:com.alibaba.nacos.common.remote.client.RpcClient$ConnectResetRequestHandler
14:40:46:110  INFO 23064 --- [main] com.alibaba.nacos.common.remote.client   : [b886def7-2040-4063-8d4b-e69c7f017019] Register server push request handler:com.alibaba.nacos.common.remote.client.RpcClient$$Lambda$937/0x000000080068c840
14:40:46:166  INFO 23064 --- [main] o.s.b.w.embedded.tomcat.TomcatWebServer  : Tomcat started on port(s): 8081 (http) with context path ''
14:40:46:176  INFO 23064 --- [main] c.a.c.n.registry.NacosServiceRegistry    : nacos registry, DEFAULT_GROUP item-service 192.168.229.1:8081 register finished
14:40:46:686  INFO 23064 --- [nacos-grpc-client-executor-10] com.alibaba.nacos.common.remote.client   : [b886def7-2040-4063-8d4b-e69c7f017019] Receive server push request, request = NotifySubscriberRequest, requestId = 28
14:40:46:699  INFO 23064 --- [nacos-grpc-client-executor-10] com.alibaba.nacos.common.remote.client   : [b886def7-2040-4063-8d4b-e69c7f017019] Ack server push request, request = NotifySubscriberRequest, requestId = 28
14:40:46:723  INFO 24656 --- [main] o.s.cloud.commons.util.InetUtils         : Cannot determine local hostname
14:40:46:876  INFO 24656 --- [main] com.alibaba.nacos.common.remote.client   : [RpcClientFactory] create a new rpc client of 7d5e323b-ac56-46b6-bc86-95312349961e
14:40:46:931  INFO 24656 --- [main] org.reflections.Reflections              : Reflections took 41 ms to scan 1 urls, producing 3 keys and 6 values 
14:40:46:962  INFO 24656 --- [main] org.reflections.Reflections              : Reflections took 15 ms to scan 1 urls, producing 4 keys and 9 values 
14:40:46:978  INFO 24656 --- [main] org.reflections.Reflections              : Reflections took 11 ms to scan 1 urls, producing 3 keys and 10 values 
14:40:46:981  WARN 24656 --- [main] org.reflections.Reflections              : given scan urls are empty. set urls in the configuration
14:40:46:990  INFO 24656 --- [main] org.reflections.Reflections              : Reflections took 8 ms to scan 1 urls, producing 1 keys and 5 values 
14:40:47:002  INFO 24656 --- [main] org.reflections.Reflections              : Reflections took 8 ms to scan 1 urls, producing 1 keys and 7 values 
14:40:47:011  INFO 24656 --- [main] org.reflections.Reflections              : Reflections took 6 ms to scan 1 urls, producing 2 keys and 8 values 
14:40:47:015  WARN 24656 --- [main] org.reflections.Reflections              : given scan urls are empty. set urls in the configuration
14:40:47:016  INFO 24656 --- [main] com.alibaba.nacos.common.remote.client   : [7d5e323b-ac56-46b6-bc86-95312349961e] RpcClient init label, labels = {module=naming, source=sdk}
14:40:47:018  INFO 24656 --- [main] com.alibaba.nacos.common.remote.client   : [7d5e323b-ac56-46b6-bc86-95312349961e] RpcClient init, ServerListFactory = com.alibaba.nacos.client.naming.core.ServerListManager
14:40:47:019  INFO 24656 --- [main] com.alibaba.nacos.common.remote.client   : [7d5e323b-ac56-46b6-bc86-95312349961e] Registry connection listener to current client:com.alibaba.nacos.client.naming.remote.gprc.redo.NamingGrpcRedoService
14:40:47:019  INFO 24656 --- [main] com.alibaba.nacos.common.remote.client   : [7d5e323b-ac56-46b6-bc86-95312349961e] Register server push request handler:com.alibaba.nacos.client.naming.remote.gprc.NamingPushRequestHandler
14:40:47:020  INFO 24656 --- [main] com.alibaba.nacos.common.remote.client   : [7d5e323b-ac56-46b6-bc86-95312349961e] Try to connect to server on start up, server: {serverIp = '192.168.244.130', server main port = 8848}
14:40:47:385  INFO 23064 --- [main] o.s.cloud.commons.util.InetUtils         : Cannot determine local hostname
14:40:47:386  INFO 23064 --- [main] d.s.w.p.DocumentationPluginsBootstrapper : Documentation plugins bootstrapped
14:40:47:391  INFO 23064 --- [main] d.s.w.p.DocumentationPluginsBootstrapper : Found 1 custom documentation plugin(s)
14:40:47:433  INFO 23064 --- [main] s.d.s.w.s.ApiListingReferenceScanner     : Scanning for api listing references
14:40:47:723  INFO 23064 --- [main] com.hmall.item.ItemApplication           : Started ItemApplication in 12.522 seconds (JVM running for 13.563)
14:40:49:111  INFO 24656 --- [main] com.alibaba.nacos.common.remote.client   : [7d5e323b-ac56-46b6-bc86-95312349961e] Success to connect to server [192.168.244.130:8848] on start up, connectionId = 1733035248370_192.168.244.1_63771
14:40:49:112  INFO 24656 --- [com.alibaba.nacos.client.remote.worker] com.alibaba.nacos.common.remote.client   : [7d5e323b-ac56-46b6-bc86-95312349961e] Notify connected event to listeners.
14:40:49:112  INFO 24656 --- [main] com.alibaba.nacos.common.remote.client   : [7d5e323b-ac56-46b6-bc86-95312349961e] Register server push request handler:com.alibaba.nacos.common.remote.client.RpcClient$ConnectResetRequestHandler
14:40:49:113  INFO 24656 --- [main] com.alibaba.nacos.common.remote.client   : [7d5e323b-ac56-46b6-bc86-95312349961e] Register server push request handler:com.alibaba.nacos.common.remote.client.RpcClient$$Lambda$937/0x000000080068c840
14:40:49:183  INFO 24656 --- [main] o.s.b.w.embedded.tomcat.TomcatWebServer  : Tomcat started on port(s): 8083 (http) with context path ''
14:40:49:194  INFO 24656 --- [main] c.a.c.n.registry.NacosServiceRegistry    : nacos registry, DEFAULT_GROUP item-service 192.168.229.1:8083 register finished
14:40:49:696  INFO 23064 --- [nacos-grpc-client-executor-13] com.alibaba.nacos.common.remote.client   : [b886def7-2040-4063-8d4b-e69c7f017019] Receive server push request, request = NotifySubscriberRequest, requestId = 29
14:40:49:705  INFO 23064 --- [nacos-grpc-client-executor-13] com.alibaba.nacos.common.remote.client   : [b886def7-2040-4063-8d4b-e69c7f017019] Ack server push request, request = NotifySubscriberRequest, requestId = 29
14:40:49:708  INFO 24656 --- [nacos-grpc-client-executor-8] com.alibaba.nacos.common.remote.client   : [7d5e323b-ac56-46b6-bc86-95312349961e] Receive server push request, request = NotifySubscriberRequest, requestId = 30
14:40:49:716  INFO 24656 --- [nacos-grpc-client-executor-8] com.alibaba.nacos.common.remote.client   : [7d5e323b-ac56-46b6-bc86-95312349961e] Ack server push request, request = NotifySubscriberRequest, requestId = 30
14:40:50:435  INFO 24656 --- [main] o.s.cloud.commons.util.InetUtils         : Cannot determine local hostname
14:40:50:436  INFO 24656 --- [main] d.s.w.p.DocumentationPluginsBootstrapper : Documentation plugins bootstrapped
14:40:50:439  INFO 24656 --- [main] d.s.w.p.DocumentationPluginsBootstrapper : Found 1 custom documentation plugin(s)
14:40:50:462  INFO 24656 --- [main] s.d.s.w.s.ApiListingReferenceScanner     : Scanning for api listing references
14:40:50:570  INFO 24656 --- [main] com.hmall.item.ItemApplication           : Started ItemApplication in 12.78 seconds (JVM running for 13.934)
14:42:23:331  INFO 23064 --- [http-nio-8081-exec-1] o.a.c.c.C.[Tomcat].[localhost].[/]       : Initializing Spring DispatcherServlet 'dispatcherServlet'
14:42:23:331  INFO 23064 --- [http-nio-8081-exec-1] o.s.web.servlet.DispatcherServlet        : Initializing Servlet 'dispatcherServlet'
14:42:23:332  INFO 23064 --- [http-nio-8081-exec-1] o.s.web.servlet.DispatcherServlet        : Completed initialization in 1 ms
14:42:23:382  INFO 23064 --- [http-nio-8081-exec-1] com.zaxxer.hikari.HikariDataSource       : HikariPool-1 - Starting...
14:42:23:569  INFO 23064 --- [http-nio-8081-exec-1] com.zaxxer.hikari.HikariDataSource       : HikariPool-1 - Start completed.
14:42:23:573 DEBUG 23064 --- [http-nio-8081-exec-1] c.h.i.mapper.ItemMapper.selectBatchIds   : ==>  Preparing: SELECT id,name,price,stock,image,category,brand,spec,sold,comment_count,isAD,status,create_time,update_time,creater,updater FROM item WHERE id IN ( ? )
14:42:23:585 DEBUG 23064 --- [http-nio-8081-exec-1] c.h.i.mapper.ItemMapper.selectBatchIds   : ==> Parameters: 8533120(Long)
14:42:23:602 DEBUG 23064 --- [http-nio-8081-exec-1] c.h.i.mapper.ItemMapper.selectBatchIds   : <==      Total: 1
14:42:24:067  INFO 24656 --- [http-nio-8083-exec-1] o.a.c.c.C.[Tomcat].[localhost].[/]       : Initializing Spring DispatcherServlet 'dispatcherServlet'
14:42:24:067  INFO 24656 --- [http-nio-8083-exec-1] o.s.web.servlet.DispatcherServlet        : Initializing Servlet 'dispatcherServlet'
14:42:24:068  INFO 24656 --- [http-nio-8083-exec-1] o.s.web.servlet.DispatcherServlet        : Completed initialization in 1 ms
14:42:24:109  WARN 24656 --- [http-nio-8083-exec-1] c.h.item.service.impl.ItemServiceImpl    : SqlSession [org.apache.ibatis.session.defaults.DefaultSqlSession@2d1a451a] Transaction not enabled
14:42:24:114  INFO 24656 --- [http-nio-8083-exec-1] com.zaxxer.hikari.HikariDataSource       : HikariPool-1 - Starting...
14:42:24:297  INFO 24656 --- [http-nio-8083-exec-1] com.zaxxer.hikari.HikariDataSource       : HikariPool-1 - Start completed.
14:42:24:302 DEBUG 24656 --- [http-nio-8083-exec-1] c.h.item.mapper.ItemMapper.updateStock   : ==>  Preparing: UPDATE item SET stock = stock - ? WHERE id = ?
14:42:24:324 DEBUG 24656 --- [http-nio-8083-exec-1] c.h.item.mapper.ItemMapper.updateStock   : ==> Parameters: 1(Integer), 8533120(Long)
15:36:31:841 DEBUG 24656 --- [http-nio-8083-exec-3] c.h.i.mapper.ItemMapper.selectBatchIds   : ==>  Preparing: SELECT id,name,price,stock,image,category,brand,spec,sold,comment_count,isAD,status,create_time,update_time,creater,updater FROM item WHERE id IN ( ? )
15:36:31:844 DEBUG 24656 --- [http-nio-8083-exec-3] c.h.i.mapper.ItemMapper.selectBatchIds   : ==> Parameters: 100000006163(Long)
15:36:31:872 DEBUG 24656 --- [http-nio-8083-exec-3] c.h.i.mapper.ItemMapper.selectBatchIds   : <==      Total: 1
15:36:57:820 DEBUG 23064 --- [http-nio-8081-exec-3] c.h.i.mapper.ItemMapper.selectBatchIds   : ==>  Preparing: SELECT id,name,price,stock,image,category,brand,spec,sold,comment_count,isAD,status,create_time,update_time,creater,updater FROM item WHERE id IN ( ? )
15:36:57:824 DEBUG 23064 --- [http-nio-8081-exec-3] c.h.i.mapper.ItemMapper.selectBatchIds   : ==> Parameters: 100000006163(Long)
15:36:57:835 DEBUG 23064 --- [http-nio-8081-exec-3] c.h.i.mapper.ItemMapper.selectBatchIds   : <==      Total: 1
15:37:44:783 DEBUG 24656 --- [http-nio-8083-exec-4] c.h.i.mapper.ItemMapper.selectBatchIds   : ==>  Preparing: SELECT id,name,price,stock,image,category,brand,spec,sold,comment_count,isAD,status,create_time,update_time,creater,updater FROM item WHERE id IN ( ? )
15:37:44:783 DEBUG 24656 --- [http-nio-8083-exec-4] c.h.i.mapper.ItemMapper.selectBatchIds   : ==> Parameters: 100000006163(Long)
15:37:44:786 DEBUG 24656 --- [http-nio-8083-exec-4] c.h.i.mapper.ItemMapper.selectBatchIds   : <==      Total: 1
15:37:46:403 DEBUG 23064 --- [http-nio-8081-exec-4] c.h.i.mapper.ItemMapper.selectBatchIds   : ==>  Preparing: SELECT id,name,price,stock,image,category,brand,spec,sold,comment_count,isAD,status,create_time,update_time,creater,updater FROM item WHERE id IN ( ? )
15:37:46:404 DEBUG 23064 --- [http-nio-8081-exec-4] c.h.i.mapper.ItemMapper.selectBatchIds   : ==> Parameters: 100000006163(Long)
15:37:46:406 DEBUG 23064 --- [http-nio-8081-exec-4] c.h.i.mapper.ItemMapper.selectBatchIds   : <==      Total: 1
15:37:47:781 DEBUG 24656 --- [http-nio-8083-exec-6] c.h.i.mapper.ItemMapper.selectBatchIds   : ==>  Preparing: SELECT id,name,price,stock,image,category,brand,spec,sold,comment_count,isAD,status,create_time,update_time,creater,updater FROM item WHERE id IN ( ? )
15:37:47:781 DEBUG 24656 --- [http-nio-8083-exec-6] c.h.i.mapper.ItemMapper.selectBatchIds   : ==> Parameters: 100000006163(Long)
15:37:47:783 DEBUG 24656 --- [http-nio-8083-exec-6] c.h.i.mapper.ItemMapper.selectBatchIds   : <==      Total: 1
15:37:52:577 DEBUG 23064 --- [http-nio-8081-exec-5] c.h.i.m.ItemMapper.selectPage_mpCount    : ==>  Preparing: SELECT COUNT(*) FROM item WHERE (status = ?)
15:37:52:578 DEBUG 23064 --- [http-nio-8081-exec-5] c.h.i.m.ItemMapper.selectPage_mpCount    : ==> Parameters: 1(Integer)
15:37:52:598 DEBUG 23064 --- [http-nio-8081-exec-5] c.h.i.m.ItemMapper.selectPage_mpCount    : <==      Total: 1
15:37:52:607 DEBUG 23064 --- [http-nio-8081-exec-5] c.h.item.mapper.ItemMapper.selectPage    : ==>  Preparing: SELECT id, name, price, stock, image, category, brand, spec, sold, comment_count, isAD, status, create_time, update_time, creater, updater FROM item WHERE (status = ?) ORDER BY update_time DESC LIMIT ?
15:37:52:608 DEBUG 23064 --- [http-nio-8081-exec-5] c.h.item.mapper.ItemMapper.selectPage    : ==> Parameters: 1(Integer), 20(Long)
15:37:52:621 DEBUG 23064 --- [http-nio-8081-exec-5] c.h.item.mapper.ItemMapper.selectPage    : <==      Total: 20
15:37:54:858 DEBUG 23064 --- [http-nio-8081-exec-6] c.h.i.mapper.ItemMapper.selectBatchIds   : ==>  Preparing: SELECT id,name,price,stock,image,category,brand,spec,sold,comment_count,isAD,status,create_time,update_time,creater,updater FROM item WHERE id IN ( ? )
15:37:54:859 DEBUG 23064 --- [http-nio-8081-exec-6] c.h.i.mapper.ItemMapper.selectBatchIds   : ==> Parameters: 8533120(Long)
15:37:54:860 DEBUG 23064 --- [http-nio-8081-exec-6] c.h.i.mapper.ItemMapper.selectBatchIds   : <==      Total: 1
15:38:13:983 DEBUG 24656 --- [http-nio-8083-exec-7] c.h.i.mapper.ItemMapper.selectBatchIds   : ==>  Preparing: SELECT id,name,price,stock,image,category,brand,spec,sold,comment_count,isAD,status,create_time,update_time,creater,updater FROM item WHERE id IN ( ? )
15:38:13:984 DEBUG 24656 --- [http-nio-8083-exec-7] c.h.i.mapper.ItemMapper.selectBatchIds   : ==> Parameters: 8533120(Long)
15:38:13:986 DEBUG 24656 --- [http-nio-8083-exec-7] c.h.i.mapper.ItemMapper.selectBatchIds   : <==      Total: 1
15:38:14:820 DEBUG 23064 --- [http-nio-8081-exec-7] c.h.i.mapper.ItemMapper.selectBatchIds   : ==>  Preparing: SELECT id,name,price,stock,image,category,brand,spec,sold,comment_count,isAD,status,create_time,update_time,creater,updater FROM item WHERE id IN ( ? )
15:38:14:820 DEBUG 23064 --- [http-nio-8081-exec-7] c.h.i.mapper.ItemMapper.selectBatchIds   : ==> Parameters: 8533120(Long)
15:38:14:821 DEBUG 23064 --- [http-nio-8081-exec-7] c.h.i.mapper.ItemMapper.selectBatchIds   : <==      Total: 1
15:38:16:813 DEBUG 24656 --- [http-nio-8083-exec-9] c.h.i.mapper.ItemMapper.selectBatchIds   : ==>  Preparing: SELECT id,name,price,stock,image,category,brand,spec,sold,comment_count,isAD,status,create_time,update_time,creater,updater FROM item WHERE id IN ( ? , ? )
15:38:16:813 DEBUG 24656 --- [http-nio-8083-exec-9] c.h.i.mapper.ItemMapper.selectBatchIds   : ==> Parameters: 8533120(Long), 2030774(Long)
15:38:16:816 DEBUG 24656 --- [http-nio-8083-exec-9] c.h.i.mapper.ItemMapper.selectBatchIds   : <==      Total: 2
15:59:02:599 DEBUG 23064 --- [http-nio-8081-exec-10] c.h.i.mapper.ItemMapper.selectBatchIds   : ==>  Preparing: SELECT id,name,price,stock,image,category,brand,spec,sold,comment_count,isAD,status,create_time,update_time,creater,updater FROM item WHERE id IN ( ? , ? )
15:59:02:600 DEBUG 23064 --- [http-nio-8081-exec-10] c.h.i.mapper.ItemMapper.selectBatchIds   : ==> Parameters: 8533120(Long), 2030774(Long)
15:59:02:616 DEBUG 23064 --- [http-nio-8081-exec-10] c.h.i.mapper.ItemMapper.selectBatchIds   : <==      Total: 2
15:59:03:100  WARN 24656 --- [http-nio-8083-exec-10] c.h.item.service.impl.ItemServiceImpl    : SqlSession [org.apache.ibatis.session.defaults.DefaultSqlSession@47c52274] Transaction not enabled
15:59:03:104 DEBUG 24656 --- [http-nio-8083-exec-10] c.h.item.mapper.ItemMapper.updateStock   : ==>  Preparing: UPDATE item SET stock = stock - ? WHERE id = ?
15:59:03:105 DEBUG 24656 --- [http-nio-8083-exec-10] c.h.item.mapper.ItemMapper.updateStock   : ==> Parameters: 1(Integer), 2030774(Long)
15:59:03:105 DEBUG 24656 --- [http-nio-8083-exec-10] c.h.item.mapper.ItemMapper.updateStock   : ==> Parameters: 1(Integer), 8533120(Long)
15:59:12:650 DEBUG 24656 --- [http-nio-8083-exec-1] c.h.i.m.ItemMapper.selectPage_mpCount    : ==>  Preparing: SELECT COUNT(*) FROM item WHERE (status = ?)
15:59:12:651 DEBUG 24656 --- [http-nio-8083-exec-1] c.h.i.m.ItemMapper.selectPage_mpCount    : ==> Parameters: 1(Integer)
15:59:12:666 DEBUG 24656 --- [http-nio-8083-exec-1] c.h.i.m.ItemMapper.selectPage_mpCount    : <==      Total: 1
15:59:12:674 DEBUG 24656 --- [http-nio-8083-exec-1] c.h.item.mapper.ItemMapper.selectPage    : ==>  Preparing: SELECT id, name, price, stock, image, category, brand, spec, sold, comment_count, isAD, status, create_time, update_time, creater, updater FROM item WHERE (status = ?) ORDER BY update_time DESC LIMIT ?
15:59:12:675 DEBUG 24656 --- [http-nio-8083-exec-1] c.h.item.mapper.ItemMapper.selectPage    : ==> Parameters: 1(Integer), 20(Long)
15:59:12:684 DEBUG 24656 --- [http-nio-8083-exec-1] c.h.item.mapper.ItemMapper.selectPage    : <==      Total: 20
16:00:25:484 DEBUG 24656 --- [http-nio-8083-exec-5] c.h.i.mapper.ItemMapper.selectBatchIds   : ==>  Preparing: SELECT id,name,price,stock,image,category,brand,spec,sold,comment_count,isAD,status,create_time,update_time,creater,updater FROM item WHERE id IN ( ? )
16:00:25:484 DEBUG 24656 --- [http-nio-8083-exec-5] c.h.i.mapper.ItemMapper.selectBatchIds   : ==> Parameters: 1533902(Long)
16:00:25:486 DEBUG 24656 --- [http-nio-8083-exec-5] c.h.i.mapper.ItemMapper.selectBatchIds   : <==      Total: 1
16:44:09:655 DEBUG 23064 --- [http-nio-8081-exec-2] c.h.i.mapper.ItemMapper.selectBatchIds   : ==>  Preparing: SELECT id,name,price,stock,image,category,brand,spec,sold,comment_count,isAD,status,create_time,update_time,creater,updater FROM item WHERE id IN ( ? )
16:44:09:658 DEBUG 23064 --- [http-nio-8081-exec-2] c.h.i.mapper.ItemMapper.selectBatchIds   : ==> Parameters: 1533902(Long)
16:44:09:663 DEBUG 23064 --- [http-nio-8081-exec-2] c.h.i.mapper.ItemMapper.selectBatchIds   : <==      Total: 1
16:44:16:099 DEBUG 24656 --- [http-nio-8083-exec-6] c.h.i.m.ItemMapper.selectPage_mpCount    : ==>  Preparing: SELECT COUNT(*) FROM item WHERE (status = ?)
16:44:16:101 DEBUG 24656 --- [http-nio-8083-exec-6] c.h.i.m.ItemMapper.selectPage_mpCount    : ==> Parameters: 1(Integer)
16:44:16:123 DEBUG 24656 --- [http-nio-8083-exec-6] c.h.i.m.ItemMapper.selectPage_mpCount    : <==      Total: 1
16:44:16:125 DEBUG 24656 --- [http-nio-8083-exec-6] c.h.item.mapper.ItemMapper.selectPage    : ==>  Preparing: SELECT id, name, price, stock, image, category, brand, spec, sold, comment_count, isAD, status, create_time, update_time, creater, updater FROM item WHERE (status = ?) ORDER BY update_time DESC LIMIT ?
16:44:16:126 DEBUG 24656 --- [http-nio-8083-exec-6] c.h.item.mapper.ItemMapper.selectPage    : ==> Parameters: 1(Integer), 20(Long)
16:44:16:132 DEBUG 24656 --- [http-nio-8083-exec-6] c.h.item.mapper.ItemMapper.selectPage    : <==      Total: 20
16:44:17:442 DEBUG 24656 --- [http-nio-8083-exec-7] c.h.i.mapper.ItemMapper.selectBatchIds   : ==>  Preparing: SELECT id,name,price,stock,image,category,brand,spec,sold,comment_count,isAD,status,create_time,update_time,creater,updater FROM item WHERE id IN ( ? )
16:44:17:442 DEBUG 24656 --- [http-nio-8083-exec-7] c.h.i.mapper.ItemMapper.selectBatchIds   : ==> Parameters: 2120808(Long)
16:44:17:445 DEBUG 24656 --- [http-nio-8083-exec-7] c.h.i.mapper.ItemMapper.selectBatchIds   : <==      Total: 1
16:44:19:472 DEBUG 23064 --- [http-nio-8081-exec-3] c.h.i.m.ItemMapper.selectPage_mpCount    : ==>  Preparing: SELECT COUNT(*) FROM item WHERE (status = ?)
16:44:19:472 DEBUG 23064 --- [http-nio-8081-exec-3] c.h.i.m.ItemMapper.selectPage_mpCount    : ==> Parameters: 1(Integer)
16:44:19:489 DEBUG 23064 --- [http-nio-8081-exec-3] c.h.i.m.ItemMapper.selectPage_mpCount    : <==      Total: 1
16:44:19:491 DEBUG 23064 --- [http-nio-8081-exec-3] c.h.item.mapper.ItemMapper.selectPage    : ==>  Preparing: SELECT id, name, price, stock, image, category, brand, spec, sold, comment_count, isAD, status, create_time, update_time, creater, updater FROM item WHERE (status = ?) ORDER BY update_time DESC LIMIT ?
16:44:19:491 DEBUG 23064 --- [http-nio-8081-exec-3] c.h.item.mapper.ItemMapper.selectPage    : ==> Parameters: 1(Integer), 20(Long)
16:44:19:495 DEBUG 23064 --- [http-nio-8081-exec-3] c.h.item.mapper.ItemMapper.selectPage    : <==      Total: 20
16:45:37:643  WARN 23064 --- [Thread-4] c.a.nacos.common.notify.NotifyCenter     : [NotifyCenter] Start destroying Publisher
16:45:37:643  WARN 23064 --- [Thread-7] c.a.n.common.http.HttpClientBeanHolder   : [HttpClientBeanHolder] Start destroying common HttpClient
16:45:37:643  WARN 23064 --- [Thread-4] c.a.nacos.common.notify.NotifyCenter     : [NotifyCenter] Destruction of the end
16:45:37:648  WARN 23064 --- [Thread-7] c.a.n.common.http.HttpClientBeanHolder   : [HttpClientBeanHolder] Destruction of the end
16:45:37:868  INFO 23064 --- [SpringApplicationShutdownHook] c.a.c.n.registry.NacosServiceRegistry    : De-registering from Nacos Server now...
16:45:37:875  INFO 23064 --- [SpringApplicationShutdownHook] c.a.c.n.registry.NacosServiceRegistry    : De-registration finished.
16:45:38:210  INFO 23064 --- [SpringApplicationShutdownHook] com.alibaba.nacos.common.remote.client   : Shutdown rpc client, set status to shutdown
16:45:38:210  INFO 23064 --- [SpringApplicationShutdownHook] com.alibaba.nacos.common.remote.client   : Shutdown client event executor java.util.concurrent.ScheduledThreadPoolExecutor@2eaa8e41[Running, pool size = 2, active threads = 2, queued tasks = 0, completed tasks = 0]
16:45:38:210  INFO 23064 --- [SpringApplicationShutdownHook] com.alibaba.nacos.common.remote.client   : Close current connection 1733035245361_192.168.244.1_63661
16:45:38:213  INFO 23064 --- [nacos-grpc-client-executor-1596] c.a.n.c.remote.client.grpc.GrpcClient    : [1733035245361_192.168.244.1_63661]Ignore complete event,isRunning:false,isAbandon=false
16:45:38:213  INFO 23064 --- [SpringApplicationShutdownHook] c.a.n.c.remote.client.grpc.GrpcClient    : Shutdown grpc executor java.util.concurrent.ThreadPoolExecutor@17f5b95f[Running, pool size = 5, active threads = 0, queued tasks = 0, completed tasks = 1597]
16:45:38:221  INFO 23064 --- [SpringApplicationShutdownHook] com.zaxxer.hikari.HikariDataSource       : HikariPool-1 - Shutdown initiated...
16:45:38:250  INFO 23064 --- [SpringApplicationShutdownHook] com.zaxxer.hikari.HikariDataSource       : HikariPool-1 - Shutdown completed.
16:45:38:481  INFO 24656 --- [nacos-grpc-client-executor-1578] com.alibaba.nacos.common.remote.client   : [7d5e323b-ac56-46b6-bc86-95312349961e] Receive server push request, request = NotifySubscriberRequest, requestId = 67
16:45:38:492  INFO 24656 --- [nacos-grpc-client-executor-1578] com.alibaba.nacos.common.remote.client   : [7d5e323b-ac56-46b6-bc86-95312349961e] Ack server push request, request = NotifySubscriberRequest, requestId = 67
16:45:38:824  WARN 24656 --- [Thread-7] c.a.n.common.http.HttpClientBeanHolder   : [HttpClientBeanHolder] Start destroying common HttpClient
16:45:38:847  WARN 24656 --- [Thread-4] c.a.nacos.common.notify.NotifyCenter     : [NotifyCenter] Start destroying Publisher
16:45:38:848  WARN 24656 --- [Thread-4] c.a.nacos.common.notify.NotifyCenter     : [NotifyCenter] Destruction of the end
16:45:38:849  WARN 24656 --- [Thread-7] c.a.n.common.http.HttpClientBeanHolder   : [HttpClientBeanHolder] Destruction of the end
16:45:39:047  INFO 24656 --- [SpringApplicationShutdownHook] c.a.c.n.registry.NacosServiceRegistry    : De-registering from Nacos Server now...
16:45:39:052  INFO 24656 --- [SpringApplicationShutdownHook] c.a.c.n.registry.NacosServiceRegistry    : De-registration finished.
16:45:39:380  INFO 24656 --- [SpringApplicationShutdownHook] com.alibaba.nacos.common.remote.client   : Shutdown rpc client, set status to shutdown
16:45:39:380  INFO 24656 --- [SpringApplicationShutdownHook] com.alibaba.nacos.common.remote.client   : Shutdown client event executor java.util.concurrent.ScheduledThreadPoolExecutor@677dc8da[Running, pool size = 2, active threads = 2, queued tasks = 0, completed tasks = 0]
16:45:39:381  INFO 24656 --- [SpringApplicationShutdownHook] com.alibaba.nacos.common.remote.client   : Close current connection 1733035248370_192.168.244.1_63771
16:45:39:383  INFO 24656 --- [nacos-grpc-client-executor-1581] c.a.n.c.remote.client.grpc.GrpcClient    : [1733035248370_192.168.244.1_63771]Ignore complete event,isRunning:false,isAbandon=false
16:45:39:390  INFO 24656 --- [SpringApplicationShutdownHook] c.a.n.c.remote.client.grpc.GrpcClient    : Shutdown grpc executor java.util.concurrent.ThreadPoolExecutor@2d3f507c[Running, pool size = 6, active threads = 0, queued tasks = 0, completed tasks = 1582]
16:45:39:399  INFO 24656 --- [SpringApplicationShutdownHook] com.zaxxer.hikari.HikariDataSource       : HikariPool-1 - Shutdown initiated...
16:45:39:410  INFO 24656 --- [SpringApplicationShutdownHook] com.zaxxer.hikari.HikariDataSource       : HikariPool-1 - Shutdown completed.
